#
# There is insufficient memory for the Java Runtime Environment to continue.
# Native memory allocation (mmap) failed to map 1398276096 bytes for committing reserved memory.
# Possible reasons:
#   The system is out of physical RAM or swap space
#   In 32 bit mode, the process size limit was hit
# Possible solutions:
#   Reduce memory load on the system
#   Increase physical memory or swap space
#   Check if swap backing store is full
#   Use 64 bit Java on a 64 bit OS
#   Decrease Java heap size (-Xmx/-Xms)
#   Decrease number of Java threads
#   Decrease Java thread stack sizes (-Xss)
#   Set larger code cache with -XX:ReservedCodeCacheSize=
# This output file may be truncated or incomplete.
#
#  Out of Memory Error (os_linux.cpp:2716), pid=18551, tid=3061324608
#
# JRE version:  (8.0_11-b12) (build )
# Java VM: Java HotSpot(TM) Server VM (25.11-b03 mixed mode linux-x86 )
# Failed to write core dump. Core dumps have been disabled. To enable core dumping, try "ulimit -c unlimited" before starting Java again
#

---------------  T H R E A D  ---------------

Current thread (0xb6608c00):  JavaThread "Unknown thread" [_thread_in_vm, id=18588, stack(0xb6731000,0xb6782000)]

Stack: [0xb6731000,0xb6782000],  sp=0xb6780b70,  free space=318k
Native frames: (J=compiled Java code, j=interpreted, Vv=VM code, C=native code)
V  [libjvm.so+0x862769]  VMError::report_and_die()+0x179
V  [libjvm.so+0x35aa65]  report_vm_out_of_memory(char const*, int, unsigned int, VMErrorType, char const*)+0x55
V  [libjvm.so+0x6f2386]  os::Linux::commit_memory_impl(char*, unsigned int, bool)+0xe6
V  [libjvm.so+0x6f2858]  os::pd_commit_memory(char*, unsigned int, unsigned int, bool)+0x28
V  [libjvm.so+0x6ec0dc]  os::commit_memory(char*, unsigned int, unsigned int, bool)+0x2c
V  [libjvm.so+0x7548a8]  PSVirtualSpace::expand_by(unsigned int)+0x48
V  [libjvm.so+0x7476fd]  PSOldGen::initialize(ReservedSpace, unsigned int, char const*, int)+0x8d
V  [libjvm.so+0x18685a]  AdjoiningGenerations::AdjoiningGenerations(ReservedSpace, GenerationSizer*, unsigned int)+0x2ea
V  [libjvm.so+0x711c12]  ParallelScavengeHeap::initialize()+0x152
V  [libjvm.so+0x832e25]  Universe::initialize_heap()+0xc5
V  [libjvm.so+0x833026]  universe_init()+0x46
V  [libjvm.so+0x475a55]  init_globals()+0x55
V  [libjvm.so+0x818f78]  Threads::create_vm(JavaVMInitArgs*, bool*)+0x258
V  [libjvm.so+0x4eea4c]  JNI_CreateJavaVM+0x5c
C  [libjli.so+0x6938]  JavaMain+0x98
C  [libpthread.so.0+0x6f70]  start_thread+0xd0


---------------  P R O C E S S  ---------------

Java Threads: ( => current thread )

Other Threads:

=>0xb6608c00 (exited) JavaThread "Unknown thread" [_thread_in_vm, id=18588, stack(0xb6731000,0xb6782000)]

VM state:not at safepoint (not fully initialized)

VM Mutex/Monitor currently owned by a thread: None

GC Heap History (0 events):
No events

Deoptimization events (0 events):
No events

Internal exceptions (0 events):
No events

Events (0 events):
No events


Dynamic libraries:
08048000-08049000 r-xp 00000000 08:05 917426     /usr/lib/jvm/java-8-oracle/jre/bin/java
08049000-0804a000 rw-p 00000000 08:05 917426     /usr/lib/jvm/java-8-oracle/jre/bin/java
09f89000-09faa000 rw-p 00000000 00:00 0          [heap]
29017000-292b1000 ---p 00000000 00:00 0 
292b1000-29400000 rw-p 00000000 00:00 0 
7c7fa000-a6400000 rw-p 00000000 00:00 0 
a64d9000-a6593000 rw-p 00000000 00:00 0 
a6593000-a6972000 ---p 00000000 00:00 0 
a6972000-a6bb2000 rwxp 00000000 00:00 0 
a6bb2000-b6372000 ---p 00000000 00:00 0 
b6372000-b637d000 r-xp 00000000 08:05 524490     /lib/i386-linux-gnu/libnss_files-2.19.so
b637d000-b637e000 r--p 0000a000 08:05 524490     /lib/i386-linux-gnu/libnss_files-2.19.so
b637e000-b637f000 rw-p 0000b000 08:05 524490     /lib/i386-linux-gnu/libnss_files-2.19.so
b637f000-b6389000 r-xp 00000000 08:05 524500     /lib/i386-linux-gnu/libnss_nis-2.19.so
b6389000-b638a000 r--p 00009000 08:05 524500     /lib/i386-linux-gnu/libnss_nis-2.19.so
b638a000-b638b000 rw-p 0000a000 08:05 524500     /lib/i386-linux-gnu/libnss_nis-2.19.so
b63a6000-b63bf000 r-xp 00000000 08:05 917680     /usr/lib/jvm/java-8-oracle/jre/lib/i386/libzip.so
b63bf000-b63c0000 rw-p 00018000 08:05 917680     /usr/lib/jvm/java-8-oracle/jre/lib/i386/libzip.so
b63c0000-b63c8000 rw-s 00000000 08:05 1742486    /tmp/hsperfdata_nik/18551
b63c8000-b65c8000 r--p 00000000 08:05 796210     /usr/lib/locale/locale-archive
b65c8000-b65ff000 r-xp 00000000 08:05 917653     /usr/lib/jvm/java-8-oracle/jre/lib/i386/libjdwp.so
b65ff000-b6600000 rw-p 00037000 08:05 917653     /usr/lib/jvm/java-8-oracle/jre/lib/i386/libjdwp.so
b6600000-b6623000 rw-p 00000000 00:00 0 
b6623000-b6700000 ---p 00000000 00:00 0 
b6706000-b671b000 r-xp 00000000 08:05 524484     /lib/i386-linux-gnu/libnsl-2.19.so
b671b000-b671c000 r--p 00015000 08:05 524484     /lib/i386-linux-gnu/libnsl-2.19.so
b671c000-b671d000 rw-p 00016000 08:05 524484     /lib/i386-linux-gnu/libnsl-2.19.so
b671d000-b671f000 rw-p 00000000 00:00 0 
b671f000-b6726000 r-xp 00000000 08:05 524486     /lib/i386-linux-gnu/libnss_compat-2.19.so
b6726000-b6727000 r--p 00006000 08:05 524486     /lib/i386-linux-gnu/libnss_compat-2.19.so
b6727000-b6728000 rw-p 00007000 08:05 524486     /lib/i386-linux-gnu/libnss_compat-2.19.so
b6728000-b672f000 r-xp 00000000 08:05 524543     /lib/i386-linux-gnu/librt-2.19.so
b672f000-b6730000 r--p 00006000 08:05 524543     /lib/i386-linux-gnu/librt-2.19.so
b6730000-b6731000 rw-p 00007000 08:05 524543     /lib/i386-linux-gnu/librt-2.19.so
b6731000-b6734000 ---p 00000000 00:00 0 
b6734000-b6782000 rw-p 00000000 00:00 0          [stack:18588]
b6782000-b67c6000 r-xp 00000000 08:05 524465     /lib/i386-linux-gnu/libm-2.19.so
b67c6000-b67c7000 r--p 00043000 08:05 524465     /lib/i386-linux-gnu/libm-2.19.so
b67c7000-b67c8000 rw-p 00044000 08:05 524465     /lib/i386-linux-gnu/libm-2.19.so
b67c8000-b70d0000 r-xp 00000000 08:05 917687     /usr/lib/jvm/java-8-oracle/jre/lib/i386/server/libjvm.so
b70d0000-b7138000 rw-p 00908000 08:05 917687     /usr/lib/jvm/java-8-oracle/jre/lib/i386/server/libjvm.so
b7138000-b755c000 rw-p 00000000 00:00 0 
b755c000-b7705000 r-xp 00000000 08:05 524415     /lib/i386-linux-gnu/libc-2.19.so
b7705000-b7707000 r--p 001a9000 08:05 524415     /lib/i386-linux-gnu/libc-2.19.so
b7707000-b7708000 rw-p 001ab000 08:05 524415     /lib/i386-linux-gnu/libc-2.19.so
b7708000-b770b000 rw-p 00000000 00:00 0 
b770b000-b770e000 r-xp 00000000 08:05 524432     /lib/i386-linux-gnu/libdl-2.19.so
b770e000-b770f000 r--p 00002000 08:05 524432     /lib/i386-linux-gnu/libdl-2.19.so
b770f000-b7710000 rw-p 00003000 08:05 524432     /lib/i386-linux-gnu/libdl-2.19.so
b7710000-b7711000 rw-p 00000000 00:00 0 
b7711000-b7725000 r-xp 00000000 08:05 917684     /usr/lib/jvm/java-8-oracle/jre/lib/i386/jli/libjli.so
b7725000-b7726000 rw-p 00013000 08:05 917684     /usr/lib/jvm/java-8-oracle/jre/lib/i386/jli/libjli.so
b7726000-b773e000 r-xp 00000000 08:05 524535     /lib/i386-linux-gnu/libpthread-2.19.so
b773e000-b773f000 r--p 00017000 08:05 524535     /lib/i386-linux-gnu/libpthread-2.19.so
b773f000-b7740000 rw-p 00018000 08:05 524535     /lib/i386-linux-gnu/libpthread-2.19.so
b7740000-b7742000 rw-p 00000000 00:00 0 
b7745000-b7748000 rw-p 00000000 00:00 0 
b7748000-b7749000 r--p 00855000 08:05 796210     /usr/lib/locale/locale-archive
b7749000-b774b000 r-xp 00000000 08:05 917669     /usr/lib/jvm/java-8-oracle/jre/lib/i386/libnpt.so
b774b000-b774c000 rw-p 00002000 08:05 917669     /usr/lib/jvm/java-8-oracle/jre/lib/i386/libnpt.so
b774c000-b774d000 rw-p 00000000 00:00 0 
b774d000-b774e000 r--p 00000000 00:00 0 
b774e000-b7772000 r-xp 00000000 08:05 917645     /usr/lib/jvm/java-8-oracle/jre/lib/i386/libjava.so
b7772000-b7773000 rw-p 00023000 08:05 917645     /usr/lib/jvm/java-8-oracle/jre/lib/i386/libjava.so
b7773000-b777e000 r-xp 00000000 08:05 917679     /usr/lib/jvm/java-8-oracle/jre/lib/i386/libverify.so
b777e000-b777f000 rw-p 0000b000 08:05 917679     /usr/lib/jvm/java-8-oracle/jre/lib/i386/libverify.so
b777f000-b7781000 rw-p 00000000 00:00 0 
b7781000-b7782000 r-xp 00000000 00:00 0          [vdso]
b7782000-b77a2000 r-xp 00000000 08:05 524389     /lib/i386-linux-gnu/ld-2.19.so
b77a2000-b77a3000 r--p 0001f000 08:05 524389     /lib/i386-linux-gnu/ld-2.19.so
b77a3000-b77a4000 rw-p 00020000 08:05 524389     /lib/i386-linux-gnu/ld-2.19.so
bfa35000-bfa36000 rwxp 00000000 00:00 0 
bfa67000-bfa89000 rw-p 00000000 00:00 0          [stack]

VM Arguments:
jvm_args: -Xms2000m -Xmx2000m -XX:MaxPermSize=500m -XX:ReservedCodeCacheSize=250m -Dfile.encoding=UTF8 -XX:+CMSClassUnloadingEnabled -Xdebug -Xrunjdwp:transport=dt_socket,server=y,suspend=n,address=7050 -Dsbt.global.base=/home/nik/.sbt/0.13.11 
java_command: ./.lib/0.13.11/sbt-launch.jar shell
java_class_path (initial): ./.lib/0.13.11/sbt-launch.jar
Launcher Type: SUN_STANDARD

Environment Variables:
JAVA_HOME=/usr/lib/jvm/java-8-oracle
PATH=/home/nik/.conscript/bin:/home/nik/.composer/vendor/bin:/home/nik/.composer/vendor/bin:/usr/local/sbin:/usr/local/bin:/usr/sbin:/usr/bin:/sbin:/bin:/usr/games:/usr/local/games:/usr/lib/jvm/java-8-oracle/bin:/usr/lib/jvm/java-8-oracle/db/bin:/usr/lib/jvm/java-8-oracle/jre/bin:/home/nik/bin
SHELL=/bin/bash
DISPLAY=:0

Signal Handlers:
SIGSEGV: [libjvm.so+0x863250], sa_mask[0]=0x7ffbfeff, sa_flags=0x10000004
SIGBUS: [libjvm.so+0x863250], sa_mask[0]=0x7ffbfeff, sa_flags=0x10000004
SIGFPE: [libjvm.so+0x6ef2b0], sa_mask[0]=0x7ffbfeff, sa_flags=0x10000004
SIGPIPE: [libjvm.so+0x6ef2b0], sa_mask[0]=0x7ffbfeff, sa_flags=0x10000004
SIGXFSZ: [libjvm.so+0x6ef2b0], sa_mask[0]=0x7ffbfeff, sa_flags=0x10000004
SIGILL: [libjvm.so+0x6ef2b0], sa_mask[0]=0x7ffbfeff, sa_flags=0x10000004
SIGUSR1: SIG_DFL, sa_mask[0]=0x00000000, sa_flags=0x00000000
SIGUSR2: [libjvm.so+0x6f09c0], sa_mask[0]=0x00000000, sa_flags=0x10000004
SIGHUP: SIG_DFL, sa_mask[0]=0x00000000, sa_flags=0x00000000
SIGINT: SIG_DFL, sa_mask[0]=0x00000000, sa_flags=0x00000000
SIGTERM: SIG_DFL, sa_mask[0]=0x00000000, sa_flags=0x00000000
SIGQUIT: SIG_DFL, sa_mask[0]=0x00000000, sa_flags=0x00000000


---------------  S Y S T E M  ---------------

OS:DISTRIB_ID=Ubuntu
DISTRIB_RELEASE=14.04
DISTRIB_CODENAME=trusty
DISTRIB_DESCRIPTION="Ubuntu 14.04 LTS"

uname:Linux 3.13.0-32-generic #57-Ubuntu SMP Tue Jul 15 03:51:12 UTC 2014 i686
libc:glibc 2.19 NPTL 2.19 
rlimit: STACK 8192k, CORE 0k, NPROC 32056, NOFILE 4096, AS infinity
load average:1.49 1.52 1.03

/proc/meminfo:
MemTotal:        4130192 kB
MemFree:         1424704 kB
Buffers:            4956 kB
Cached:           281728 kB
SwapCached:            0 kB
Active:          2157536 kB
Inactive:         257000 kB
Active(anon):    2129456 kB
Inactive(anon):   108160 kB
Active(file):      28080 kB
Inactive(file):   148840 kB
Unevictable:         232 kB
Mlocked:             232 kB
HighTotal:       3279432 kB
HighFree:        1006492 kB
LowTotal:         850760 kB
LowFree:          418212 kB
SwapTotal:             0 kB
SwapFree:              0 kB
Dirty:               752 kB
Writeback:             0 kB
AnonPages:       2128652 kB
Mapped:           176016 kB
Shmem:            109356 kB
Slab:              40640 kB
SReclaimable:      16988 kB
SUnreclaim:        23652 kB
KernelStack:        4888 kB
PageTables:        17956 kB
NFS_Unstable:          0 kB
Bounce:                0 kB
WritebackTmp:          0 kB
CommitLimit:     2065096 kB
Committed_AS:    8235776 kB
VmallocTotal:     122880 kB
VmallocUsed:       64744 kB
VmallocChunk:      23696 kB
HardwareCorrupted:     0 kB
AnonHugePages:   1263616 kB
HugePages_Total:       0
HugePages_Free:        0
HugePages_Rsvd:        0
HugePages_Surp:        0
Hugepagesize:       2048 kB
DirectMap4k:       67576 kB
DirectMap2M:      845824 kB


CPU:total 4 (4 cores per cpu, 1 threads per core) family 16 model 4 stepping 3, cmov, cx8, fxsr, mmx, sse, sse2, sse3, popcnt, mmxext, 3dnowpref, lzcnt, sse4a, tsc, tscinvbit

/proc/cpuinfo:
processor	: 0
vendor_id	: AuthenticAMD
cpu family	: 16
model		: 4
model name	: AMD Phenom(tm) II X4 945 Processor
stepping	: 3
microcode	: 0x10000c8
cpu MHz		: 3000.056
cache size	: 512 KB
physical id	: 0
siblings	: 4
core id		: 0
cpu cores	: 4
apicid		: 0
initial apicid	: 0
fdiv_bug	: no
f00f_bug	: no
coma_bug	: no
fpu		: yes
fpu_exception	: yes
cpuid level	: 5
wp		: yes
flags		: fpu vme de pse tsc msr pae mce cx8 apic sep mtrr pge mca cmov pat pse36 clflush mmx fxsr sse sse2 ht syscall nx mmxext fxsr_opt pdpe1gb rdtscp lm 3dnowext 3dnow constant_tsc nonstop_tsc extd_apicid pni monitor cx16 popcnt lahf_lm cmp_legacy svm extapic cr8_legacy abm sse4a misalignsse 3dnowprefetch osvw ibs skinit wdt nodeid_msr hw_pstate npt lbrv svm_lock nrip_save
bogomips	: 6000.11
clflush size	: 64
cache_alignment	: 64
address sizes	: 48 bits physical, 48 bits virtual
power management: ts ttp tm stc 100mhzsteps hwpstate

processor	: 1
vendor_id	: AuthenticAMD
cpu family	: 16
model		: 4
model name	: AMD Phenom(tm) II X4 945 Processor
stepping	: 3
microcode	: 0x10000c8
cpu MHz		: 3000.056
cache size	: 512 KB
physical id	: 0
siblings	: 4
core id		: 1
cpu cores	: 4
apicid		: 1
initial apicid	: 1
fdiv_bug	: no
f00f_bug	: no
coma_bug	: no
fpu		: yes
fpu_exception	: yes
cpuid level	: 5
wp		: yes
flags		: fpu vme de pse tsc msr pae mce cx8 apic sep mtrr pge mca cmov pat pse36 clflush mmx fxsr sse sse2 ht syscall nx mmxext fxsr_opt pdpe1gb rdtscp lm 3dnowext 3dnow constant_tsc nonstop_tsc extd_apicid pni monitor cx16 popcnt lahf_lm cmp_legacy svm extapic cr8_legacy abm sse4a misalignsse 3dnowprefetch osvw ibs skinit wdt nodeid_msr hw_pstate npt lbrv svm_lock nrip_save
bogomips	: 6000.11
clflush size	: 64
cache_alignment	: 64
address sizes	: 48 bits physical, 48 bits virtual
power management: ts ttp tm stc 100mhzsteps hwpstate

processor	: 2
vendor_id	: AuthenticAMD
cpu family	: 16
model		: 4
model name	: AMD Phenom(tm) II X4 945 Processor
stepping	: 3
microcode	: 0x10000c8
cpu MHz		: 3000.056
cache size	: 512 KB
physical id	: 0
siblings	: 4
core id		: 2
cpu cores	: 4
apicid		: 2
initial apicid	: 2
fdiv_bug	: no
f00f_bug	: no
coma_bug	: no
fpu		: yes
fpu_exception	: yes
cpuid level	: 5
wp		: yes
flags		: fpu vme de pse tsc msr pae mce cx8 apic sep mtrr pge mca cmov pat pse36 clflush mmx fxsr sse sse2 ht syscall nx mmxext fxsr_opt pdpe1gb rdtscp lm 3dnowext 3dnow constant_tsc nonstop_tsc extd_apicid pni monitor cx16 popcnt lahf_lm cmp_legacy svm extapic cr8_legacy abm sse4a misalignsse 3dnowprefetch osvw ibs skinit wdt nodeid_msr hw_pstate npt lbrv svm_lock nrip_save
bogomips	: 6000.11
clflush size	: 64
cache_alignment	: 64
address sizes	: 48 bits physical, 48 bits virtual
power management: ts ttp tm stc 100mhzsteps hwpstate

processor	: 3
vendor_id	: AuthenticAMD
cpu family	: 16
model		: 4
model name	: AMD Phenom(tm) II X4 945 Processor
stepping	: 3
microcode	: 0x10000c8
cpu MHz		: 3000.056
cache size	: 512 KB
physical id	: 0
siblings	: 4
core id		: 3
cpu cores	: 4
apicid		: 3
initial apicid	: 3
fdiv_bug	: no
f00f_bug	: no
coma_bug	: no
fpu		: yes
fpu_exception	: yes
cpuid level	: 5
wp		: yes
flags		: fpu vme de pse tsc msr pae mce cx8 apic sep mtrr pge mca cmov pat pse36 clflush mmx fxsr sse sse2 ht syscall nx mmxext fxsr_opt pdpe1gb rdtscp lm 3dnowext 3dnow constant_tsc nonstop_tsc extd_apicid pni monitor cx16 popcnt lahf_lm cmp_legacy svm extapic cr8_legacy abm sse4a misalignsse 3dnowprefetch osvw ibs skinit wdt nodeid_msr hw_pstate npt lbrv svm_lock nrip_save
bogomips	: 6000.11
clflush size	: 64
cache_alignment	: 64
address sizes	: 48 bits physical, 48 bits virtual
power management: ts ttp tm stc 100mhzsteps hwpstate



Memory: 4k page, physical 4130192k(1424704k free), swap 0k(0k free)

vm_info: Java HotSpot(TM) Server VM (25.11-b03) for linux-x86 JRE (1.8.0_11-b12), built on Jun 16 2014 17:46:35 by "java_re" with gcc 4.3.0 20080428 (Red Hat 4.3.0-8)

time: Wed Jun  1 20:40:33 2016
elapsed time: 0 seconds

