#
# There is insufficient memory for the Java Runtime Environment to continue.
# Native memory allocation (mmap) failed to map 85458944 bytes for committing reserved memory.
# Possible reasons:
#   The system is out of physical RAM or swap space
#   In 32 bit mode, the process size limit was hit
# Possible solutions:
#   Reduce memory load on the system
#   Increase physical memory or swap space
#   Check if swap backing store is full
#   Use 64 bit Java on a 64 bit OS
#   Decrease Java heap size (-Xmx/-Xms)
#   Decrease number of Java threads
#   Decrease Java thread stack sizes (-Xss)
#   Set larger code cache with -XX:ReservedCodeCacheSize=
# This output file may be truncated or incomplete.
#
#  Out of Memory Error (os_linux.cpp:2716), pid=18235, tid=1688206144
#
# JRE version: Java(TM) SE Runtime Environment (8.0_11-b12) (build 1.8.0_11-b12)
# Java VM: Java HotSpot(TM) Server VM (25.11-b03 mixed mode linux-x86 )
# Failed to write core dump. Core dumps have been disabled. To enable core dumping, try "ulimit -c unlimited" before starting Java again
#

---------------  T H R E A D  ---------------

Current thread (0x64a80800):  VMThread [stack: 0x6497f000,0x64a00000] [id=18249]

Stack: [0x6497f000,0x64a00000],  sp=0x649fe690,  free space=509k
Native frames: (J=compiled Java code, j=interpreted, Vv=VM code, C=native code)
V  [libjvm.so+0x862769]  VMError::report_and_die()+0x179
V  [libjvm.so+0x35aa65]  report_vm_out_of_memory(char const*, int, unsigned int, VMErrorType, char const*)+0x55
V  [libjvm.so+0x6f2386]  os::Linux::commit_memory_impl(char*, unsigned int, bool)+0xe6
V  [libjvm.so+0x6f2858]  os::pd_commit_memory(char*, unsigned int, unsigned int, bool)+0x28
V  [libjvm.so+0x6ec0dc]  os::commit_memory(char*, unsigned int, unsigned int, bool)+0x2c
V  [libjvm.so+0x7548a8]  PSVirtualSpace::expand_by(unsigned int)+0x48
V  [libjvm.so+0x7559aa]  PSYoungGen::resize_generation(unsigned int, unsigned int)+0xda
V  [libjvm.so+0x754cd9]  PSYoungGen::resize(unsigned int, unsigned int)+0x19
V  [libjvm.so+0x752a1b]  PSScavenge::invoke_no_policy()+0x10ab
V  [libjvm.so+0x752e28]  PSScavenge::invoke()+0x28
V  [libjvm.so+0x7122fa]  ParallelScavengeHeap::failed_mem_allocate(unsigned int)+0x5a
V  [libjvm.so+0x863eca]  VM_ParallelGCFailedAllocation::doit()+0x7a
V  [libjvm.so+0x86d027]  VM_Operation::evaluate()+0x47
V  [libjvm.so+0x86b113]  VMThread::evaluate_operation(VM_Operation*)+0xb3
V  [libjvm.so+0x86b4b0]  VMThread::loop()+0x1b0
V  [libjvm.so+0x86b915]  VMThread::run()+0x85
V  [libjvm.so+0x6f4249]  java_start(Thread*)+0x119
C  [libpthread.so.0+0x6f70]  start_thread+0xd0

VM_Operation (0xb6787308): ParallelGCFailedAllocation, mode: safepoint, requested by thread 0xb6607400


---------------  P R O C E S S  ---------------

Java Threads: ( => current thread )
  0x59a37c00 JavaThread "org.eclipse.jetty.server.session.HashSessionManager@16a4e4bTimer" daemon [_thread_blocked, id=18347, stack(0x63674000,0x636c5000)]
  0x64188000 JavaThread "qtp2755360-18" [_thread_blocked, id=18275, stack(0x63e78000,0x63ec9000)]
  0x64186c00 JavaThread "qtp2755360-17" [_thread_blocked, id=18274, stack(0x63ec9000,0x63f1a000)]
  0x64185800 JavaThread "qtp2755360-16" [_thread_blocked, id=18273, stack(0x63f1a000,0x63f6b000)]
  0x64184800 JavaThread "qtp2755360-15" [_thread_blocked, id=18272, stack(0x63f6b000,0x63fbc000)]
  0x64183400 JavaThread "qtp2755360-14" [_thread_blocked, id=18271, stack(0x63fbc000,0x6400d000)]
  0x64182000 JavaThread "qtp2755360-13" [_thread_blocked, id=18270, stack(0x6400d000,0x6405e000)]
  0x64181400 JavaThread "qtp2755360-12" [_thread_blocked, id=18269, stack(0x6405e000,0x640af000)]
  0x6417e400 JavaThread "qtp2755360-11" [_thread_blocked, id=18268, stack(0x640af000,0x64100000)]
  0x64aac400 JavaThread "Service Thread" daemon [_thread_blocked, id=18260, stack(0x6472e000,0x6477f000)]
  0x64aa9000 JavaThread "C1 CompilerThread2" daemon [_thread_blocked, id=18259, stack(0x642fe000,0x6437f000)]
  0x64aa7800 JavaThread "C2 CompilerThread1" daemon [_thread_blocked, id=18258, stack(0x6437f000,0x64400000)]
  0x64aa5c00 JavaThread "C2 CompilerThread0" daemon [_thread_blocked, id=18257, stack(0x6477f000,0x64800000)]
  0x64aa4400 JavaThread "Signal Dispatcher" daemon [_thread_blocked, id=18256, stack(0x6492e000,0x6497f000)]
  0x64a86400 JavaThread "Finalizer" daemon [_thread_blocked, id=18251, stack(0x64b0d000,0x64b5e000)]
  0x64a83c00 JavaThread "Reference Handler" daemon [_thread_blocked, id=18250, stack(0x6762e000,0x6767f000)]
  0xb6607400 JavaThread "main" [_thread_blocked, id=18244, stack(0xb6739000,0xb678a000)]

Other Threads:
=>0x64a80800 VMThread [stack: 0x6497f000,0x64a00000] [id=18249]
  0x64ac6400 WatcherThread [stack: 0x6427d000,0x642fe000] [id=18261]

VM state:at safepoint (normal execution)

VM Mutex/Monitor currently owned by a thread:  ([mutex/lock_event])
[0xb6604b20] Threads_lock - owner thread: 0x64a80800
[0xb6604f30] Heap_lock - owner thread: 0xb6607400

Heap:
 PSYoungGen      total 221184K, used 39155K [0x91f80000, 0xa1e80000, 0xa7000000)
  eden space 182016K, 0% used [0x91f80000,0x91f80000,0x9d140000)
  from space 39168K, 99% used [0x9d200000,0x9f83ce48,0x9f840000)
  to   space 29696K, 0% used [0xa0180000,0xa0180000,0xa1e80000)
 ParOldGen       total 91904K, used 89825K [0x67e00000, 0x6d7c0000, 0x91f80000)
  object space 91904K, 97% used [0x67e00000,0x6d5b8758,0x6d7c0000)
 Metaspace       used 10174K, capacity 10244K, committed 10392K, reserved 10544K

Card table byte_map: [0x67c06000,0x67e00000] byte_map_base: 0x678c7000

Marking Bits: (ParMarkBitMap*) 0xb714fd80
 Begin Bits: [0x65570000, 0x66538000)
 End Bits:   [0x66538000, 0x67500000)

Polling page: 0xb7755000

CodeCache: size=245760Kb used=4731Kb max_used=4737Kb free=241028Kb
 bounds [0xa75b6000, 0xa7a5e000, 0xb65b6000]
 total_blobs=1532 nmethods=1358 adapters=90
 compilation: enabled

Compilation events (10 events):
Event: 6.728 Thread 0x64aa9000 1370       1       scala.collection.mutable.ListBuffer::scala$collection$mutable$ListBuffer$$start (5 bytes)
Event: 6.728 Thread 0x64aa9000 nmethod 1370 0xa7a5aa48 code [0xa7a5ab40, 0xa7a5abe0]
Event: 6.728 Thread 0x64aa9000 1373       3       scala.Product$class::$init$ (1 bytes)
Event: 6.729 Thread 0x64aa9000 nmethod 1373 0xa7a5a848 code [0xa7a5a940, 0xa7a5a9e0]
Event: 6.729 Thread 0x64aa9000 1376       1       scala.collection.mutable.ArrayBuffer::size0 (5 bytes)
Event: 6.729 Thread 0x64aa9000 nmethod 1376 0xa7a5a648 code [0xa7a5a740, 0xa7a5a7e0]
Event: 6.729 Thread 0x64aa9000 1374       1       scala.collection.immutable.$colon$colon::head (5 bytes)
Event: 6.729 Thread 0x64aa9000 nmethod 1374 0xa7a5a448 code [0xa7a5a540, 0xa7a5a5e0]
Event: 6.729 Thread 0x64aa9000 1375       1       scala.collection.immutable.$colon$colon::tl (5 bytes)
Event: 6.729 Thread 0x64aa9000 nmethod 1375 0xa7a5a248 code [0xa7a5a340, 0xa7a5a3e0]

GC Heap History (10 events):
Event: 2.563 GC heap after
Heap after GC invocations=7 (full 0):
 PSYoungGen      total 69120K, used 2557K [0x91f80000, 0x9b200000, 0xa7000000)
  eden space 66560K, 0% used [0x91f80000,0x91f80000,0x96080000)
  from space 2560K, 99% used [0x96080000,0x962ff698,0x96300000)
  to   space 8448K, 0% used [0x9a9c0000,0x9a9c0000,0x9b200000)
 ParOldGen       total 43776K, used 11074K [0x67e00000, 0x6a8c0000, 0x91f80000)
  object space 43776K, 25% used [0x67e00000,0x688d0938,0x6a8c0000)
 Metaspace       used 5273K, capacity 5306K, committed 5400K, reserved 5424K
}
Event: 2.950 GC heap before
{Heap before GC invocations=8 (full 0):
 PSYoungGen      total 69120K, used 69117K [0x91f80000, 0x9b200000, 0xa7000000)
  eden space 66560K, 100% used [0x91f80000,0x96080000,0x96080000)
  from space 2560K, 99% used [0x96080000,0x962ff698,0x96300000)
  to   space 8448K, 0% used [0x9a9c0000,0x9a9c0000,0x9b200000)
 ParOldGen       total 43776K, used 11098K [0x67e00000, 0x6a8c0000, 0x91f80000)
  object space 43776K, 25% used [0x67e00000,0x688d6810,0x6a8c0000)
 Metaspace       used 5347K, capacity 5402K, committed 5528K, reserved 6448K
Event: 2.996 GC heap after
Heap after GC invocations=8 (full 0):
 PSYoungGen      total 134400K, used 8435K [0x91f80000, 0x9c000000, 0xa7000000)
  eden space 125952K, 0% used [0x91f80000,0x91f80000,0x99a80000)
  from space 8448K, 99% used [0x9a9c0000,0x9b1fcea8,0x9b200000)
  to   space 15616K, 0% used [0x99a80000,0x99a80000,0x9a9c0000)
 ParOldGen       total 43776K, used 23826K [0x67e00000, 0x6a8c0000, 0x91f80000)
  object space 43776K, 54% used [0x67e00000,0x69544be8,0x6a8c0000)
 Metaspace       used 5347K, capacity 5402K, committed 5528K, reserved 6448K
}
Event: 3.688 GC heap before
{Heap before GC invocations=9 (full 0):
 PSYoungGen      total 134400K, used 134387K [0x91f80000, 0x9c000000, 0xa7000000)
  eden space 125952K, 100% used [0x91f80000,0x99a80000,0x99a80000)
  from space 8448K, 99% used [0x9a9c0000,0x9b1fcea8,0x9b200000)
  to   space 15616K, 0% used [0x99a80000,0x99a80000,0x9a9c0000)
 ParOldGen       total 43776K, used 23834K [0x67e00000, 0x6a8c0000, 0x91f80000)
  object space 43776K, 54% used [0x67e00000,0x695468b0,0x6a8c0000)
 Metaspace       used 5351K, capacity 5402K, committed 5528K, reserved 6448K
Event: 3.763 GC heap after
Heap after GC invocations=9 (full 0):
 PSYoungGen      total 141568K, used 15614K [0x91f80000, 0xa1e80000, 0xa7000000)
  eden space 125952K, 0% used [0x91f80000,0x91f80000,0x99a80000)
  from space 15616K, 99% used [0x99a80000,0x9a9bfbb8,0x9a9c0000)
  to   space 29696K, 0% used [0xa0180000,0xa0180000,0xa1e80000)
 ParOldGen       total 51200K, used 51061K [0x67e00000, 0x6b000000, 0x91f80000)
  object space 51200K, 99% used [0x67e00000,0x6afdd7b8,0x6b000000)
 Metaspace       used 5351K, capacity 5402K, committed 5528K, reserved 6448K
}
Event: 3.763 GC heap before
{Heap before GC invocations=10 (full 1):
 PSYoungGen      total 141568K, used 15614K [0x91f80000, 0xa1e80000, 0xa7000000)
  eden space 125952K, 0% used [0x91f80000,0x91f80000,0x99a80000)
  from space 15616K, 99% used [0x99a80000,0x9a9bfbb8,0x9a9c0000)
  to   space 29696K, 0% used [0xa0180000,0xa0180000,0xa1e80000)
 ParOldGen       total 51200K, used 51061K [0x67e00000, 0x6b000000, 0x91f80000)
  object space 51200K, 99% used [0x67e00000,0x6afdd7b8,0x6b000000)
 Metaspace       used 5351K, capacity 5402K, committed 5528K, reserved 6448K
Event: 3.884 GC heap after
Heap after GC invocations=10 (full 1):
 PSYoungGen      total 141568K, used 6764K [0x91f80000, 0xa1e80000, 0xa7000000)
  eden space 125952K, 0% used [0x91f80000,0x91f80000,0x99a80000)
  from space 15616K, 43% used [0x99a80000,0x9a11b170,0x9a9c0000)
  to   space 29696K, 0% used [0xa0180000,0xa0180000,0xa1e80000)
 ParOldGen       total 91904K, used 51164K [0x67e00000, 0x6d7c0000, 0x91f80000)
  object space 91904K, 55% used [0x67e00000,0x6aff7228,0x6d7c0000)
 Metaspace       used 5351K, capacity 5402K, committed 5528K, reserved 6448K
}
Event: 4.444 GC heap before
{Heap before GC invocations=11 (full 1):
 PSYoungGen      total 141568K, used 132716K [0x91f80000, 0xa1e80000, 0xa7000000)
  eden space 125952K, 100% used [0x91f80000,0x99a80000,0x99a80000)
  from space 15616K, 43% used [0x99a80000,0x9a11b170,0x9a9c0000)
  to   space 29696K, 0% used [0xa0180000,0xa0180000,0xa1e80000)
 ParOldGen       total 91904K, used 51170K [0x67e00000, 0x6d7c0000, 0x91f80000)
  object space 91904K, 55% used [0x67e00000,0x6aff8998,0x6d7c0000)
 Metaspace       used 5353K, capacity 5402K, committed 5528K, reserved 6448K
Event: 4.541 GC heap after
Heap after GC invocations=11 (full 1):
 PSYoungGen      total 211712K, used 29694K [0x91f80000, 0xa1e80000, 0xa7000000)
  eden space 182016K, 0% used [0x91f80000,0x91f80000,0x9d140000)
  from space 29696K, 99% used [0xa0180000,0xa1e7fbe0,0xa1e80000)
  to   space 39168K, 0% used [0x9d200000,0x9d200000,0x9f840000)
 ParOldGen       total 91904K, used 62185K [0x67e00000, 0x6d7c0000, 0x91f80000)
  object space 91904K, 67% used [0x67e00000,0x6baba5c8,0x6d7c0000)
 Metaspace       used 5353K, capacity 5402K, committed 5528K, reserved 6448K
}
Event: 6.729 GC heap before
{Heap before GC invocations=12 (full 1):
 PSYoungGen      total 211712K, used 211710K [0x91f80000, 0xa1e80000, 0xa7000000)
  eden space 182016K, 100% used [0x91f80000,0x9d140000,0x9d140000)
  from space 29696K, 99% used [0xa0180000,0xa1e7fbe0,0xa1e80000)
  to   space 39168K, 0% used [0x9d200000,0x9d200000,0x9f840000)
 ParOldGen       total 91904K, used 62840K [0x67e00000, 0x6d7c0000, 0x91f80000)
  object space 91904K, 68% used [0x67e00000,0x6bb5e2d0,0x6d7c0000)
 Metaspace       used 10174K, capacity 10244K, committed 10392K, reserved 10544K

Deoptimization events (10 events):
Event: 6.016 Thread 0xb6607400 Uncommon trap: reason=class_check action=maybe_recompile pc=0xa7927798 method=java.util.concurrent.ConcurrentHashMap.get(Ljava/lang/Object;)Ljava/lang/Object; @ 1
Event: 6.016 Thread 0xb6607400 Uncommon trap: reason=unreached action=reinterpret pc=0xa7720314 method=sun.util.calendar.BaseCalendar.getFixedDate(IIILsun/util/calendar/BaseCalendar$Date;)J @ 19
Event: 6.016 Thread 0xb6607400 Uncommon trap: reason=class_check action=maybe_recompile pc=0xa7927798 method=java.util.concurrent.ConcurrentHashMap.get(Ljava/lang/Object;)Ljava/lang/Object; @ 1
Event: 6.024 Thread 0xb6607400 Uncommon trap: reason=unreached action=reinterpret pc=0xa78f336c method=java.util.HashMap$HashIterator.<init>(Ljava/util/HashMap;)V @ 38
Event: 6.027 Thread 0xb6607400 Uncommon trap: reason=unreached action=reinterpret pc=0xa78ad07c method=java.util.HashMap$HashIterator.<init>(Ljava/util/HashMap;)V @ 38
Event: 6.159 Thread 0xb6607400 Uncommon trap: reason=class_check action=maybe_recompile pc=0xa798bde8 method=java.util.Hashtable.get(Ljava/lang/Object;)Ljava/lang/Object; @ 6
Event: 6.217 Thread 0xb6607400 Uncommon trap: reason=class_check action=maybe_recompile pc=0xa798bde8 method=java.util.Hashtable.get(Ljava/lang/Object;)Ljava/lang/Object; @ 6
Event: 6.227 Thread 0xb6607400 Uncommon trap: reason=class_check action=maybe_recompile pc=0xa798bde8 method=java.util.Hashtable.get(Ljava/lang/Object;)Ljava/lang/Object; @ 6
Event: 6.249 Thread 0xb6607400 Uncommon trap: reason=class_check action=maybe_recompile pc=0xa798bde8 method=java.util.Hashtable.get(Ljava/lang/Object;)Ljava/lang/Object; @ 6
Event: 6.457 Thread 0xb6607400 Uncommon trap: reason=class_check action=maybe_recompile pc=0xa78f5624 method=java.util.HashSet.iterator()Ljava/util/Iterator; @ 4

Internal exceptions (10 events):
Event: 6.654 Thread 0xb6607400 Exception <a 'java/security/PrivilegedActionException'> (0x9cc9b8d8) thrown at [/HUDSON/workspace/8-2-build-linux-i586/jdk8u11/648/hotspot/src/share/vm/prims/jvm.cpp, line 1248]
Event: 6.655 Thread 0xb6607400 Exception <a 'java/security/PrivilegedActionException'> (0x9cca4ae0) thrown at [/HUDSON/workspace/8-2-build-linux-i586/jdk8u11/648/hotspot/src/share/vm/prims/jvm.cpp, line 1248]
Event: 6.656 Thread 0xb6607400 Exception <a 'java/security/PrivilegedActionException'> (0x9ccb52a8) thrown at [/HUDSON/workspace/8-2-build-linux-i586/jdk8u11/648/hotspot/src/share/vm/prims/jvm.cpp, line 1248]
Event: 6.657 Thread 0xb6607400 Exception <a 'java/security/PrivilegedActionException'> (0x9ccbb550) thrown at [/HUDSON/workspace/8-2-build-linux-i586/jdk8u11/648/hotspot/src/share/vm/prims/jvm.cpp, line 1248]
Event: 6.658 Thread 0xb6607400 Exception <a 'java/security/PrivilegedActionException'> (0x9ccd0a90) thrown at [/HUDSON/workspace/8-2-build-linux-i586/jdk8u11/648/hotspot/src/share/vm/prims/jvm.cpp, line 1248]
Event: 6.658 Thread 0xb6607400 Exception <a 'java/security/PrivilegedActionException'> (0x9ccd39a8) thrown at [/HUDSON/workspace/8-2-build-linux-i586/jdk8u11/648/hotspot/src/share/vm/prims/jvm.cpp, line 1248]
Event: 6.658 Thread 0xb6607400 Exception <a 'java/security/PrivilegedActionException'> (0x9ccd5870) thrown at [/HUDSON/workspace/8-2-build-linux-i586/jdk8u11/648/hotspot/src/share/vm/prims/jvm.cpp, line 1248]
Event: 6.659 Thread 0xb6607400 Exception <a 'java/security/PrivilegedActionException'> (0x9ccd9260) thrown at [/HUDSON/workspace/8-2-build-linux-i586/jdk8u11/648/hotspot/src/share/vm/prims/jvm.cpp, line 1248]
Event: 6.660 Thread 0xb6607400 Exception <a 'java/security/PrivilegedActionException'> (0x9ccdee70) thrown at [/HUDSON/workspace/8-2-build-linux-i586/jdk8u11/648/hotspot/src/share/vm/prims/jvm.cpp, line 1248]
Event: 6.664 Thread 0xb6607400 Exception <a 'java/security/PrivilegedActionException'> (0x9cd112c8) thrown at [/HUDSON/workspace/8-2-build-linux-i586/jdk8u11/648/hotspot/src/share/vm/prims/jvm.cpp, line 1248]

Events (10 events):
Event: 6.672 loading class java/util/concurrent/atomic/AtomicIntegerFieldUpdater done
Event: 6.672 loading class java/util/concurrent/atomic/AtomicIntegerFieldUpdater$AtomicIntegerFieldUpdaterImpl
Event: 6.672 loading class java/util/concurrent/atomic/AtomicIntegerFieldUpdater$AtomicIntegerFieldUpdaterImpl done
Event: 6.672 loading class java/util/concurrent/atomic/AtomicIntegerFieldUpdater$AtomicIntegerFieldUpdaterImpl$1
Event: 6.672 loading class java/util/concurrent/atomic/AtomicIntegerFieldUpdater$AtomicIntegerFieldUpdaterImpl$1 done
Event: 6.688 loading class java/util/concurrent/atomic/AtomicBoolean
Event: 6.688 loading class java/util/concurrent/atomic/AtomicBoolean done
Event: 6.713 loading class java/lang/instrument/ClassFileTransformer
Event: 6.713 loading class java/lang/instrument/ClassFileTransformer done
Event: 6.729 Executing VM operation: ParallelGCFailedAllocation


Dynamic libraries:
08048000-08049000 r-xp 00000000 08:05 917426     /usr/lib/jvm/java-8-oracle/jre/bin/java
08049000-0804a000 rw-p 00000000 08:05 917426     /usr/lib/jvm/java-8-oracle/jre/bin/java
08b71000-0903e000 rw-p 00000000 00:00 0          [heap]
58900000-589ff000 rw-p 00000000 00:00 0 
589ff000-58a00000 ---p 00000000 00:00 0 
58a00000-58a28000 rw-p 00000000 00:00 0 
58a28000-58b00000 ---p 00000000 00:00 0 
58b00000-58bf0000 rw-p 00000000 00:00 0 
58bf0000-58c00000 ---p 00000000 00:00 0 
58c00000-58d00000 rw-p 00000000 00:00 0 
58d00000-58dd9000 rw-p 00000000 00:00 0 
58dd9000-58e00000 ---p 00000000 00:00 0 
58e00000-58f00000 rw-p 00000000 00:00 0 
58f00000-58fea000 rw-p 00000000 00:00 0 
58fea000-59000000 ---p 00000000 00:00 0 
59000000-590ff000 rw-p 00000000 00:00 0 
590ff000-59100000 ---p 00000000 00:00 0 
59100000-591ed000 rw-p 00000000 00:00 0 
591ed000-59200000 ---p 00000000 00:00 0 
59200000-592fd000 rw-p 00000000 00:00 0 
592fd000-59300000 ---p 00000000 00:00 0 
59300000-593f5000 rw-p 00000000 00:00 0 
593f5000-59400000 ---p 00000000 00:00 0 
59400000-594fb000 rw-p 00000000 00:00 0 
594fb000-59500000 ---p 00000000 00:00 0 
59500000-595fa000 rw-p 00000000 00:00 0 
595fa000-59600000 ---p 00000000 00:00 0 
59600000-596fe000 rw-p 00000000 00:00 0 
596fe000-59700000 ---p 00000000 00:00 0 
59700000-598f8000 rw-p 00000000 00:00 0 
598f8000-59900000 ---p 00000000 00:00 0 
59900000-599ec000 rw-p 00000000 00:00 0 
599ec000-59a00000 ---p 00000000 00:00 0 
59a00000-59afd000 rw-p 00000000 00:00 0 
59afd000-59b00000 ---p 00000000 00:00 0 
59b00000-59b7c000 rw-p 00000000 00:00 0 
59b7c000-59c00000 ---p 00000000 00:00 0 
59c00000-59cea000 rw-p 00000000 00:00 0 
59cea000-59d00000 ---p 00000000 00:00 0 
59e00000-59eee000 rw-p 00000000 00:00 0 
59eee000-59f00000 ---p 00000000 00:00 0 
59f00000-59ffe000 rw-p 00000000 00:00 0 
59ffe000-5a000000 ---p 00000000 00:00 0 
5a000000-5a0ff000 rw-p 00000000 00:00 0 
5a0ff000-5a100000 ---p 00000000 00:00 0 
5a200000-5a2f7000 rw-p 00000000 00:00 0 
5a2f7000-5a300000 ---p 00000000 00:00 0 
5a400000-5a4f7000 rw-p 00000000 00:00 0 
5a4f7000-5a500000 ---p 00000000 00:00 0 
5a600000-5a6d4000 rw-p 00000000 00:00 0 
5a6d4000-5a700000 ---p 00000000 00:00 0 
5a700000-5a7ff000 rw-p 00000000 00:00 0 
5a7ff000-5a800000 ---p 00000000 00:00 0 
5a800000-5a8e0000 rw-p 00000000 00:00 0 
5a8e0000-5a900000 ---p 00000000 00:00 0 
5a900000-5a9e9000 rw-p 00000000 00:00 0 
5a9e9000-5aa00000 ---p 00000000 00:00 0 
5aa00000-5aaff000 rw-p 00000000 00:00 0 
5aaff000-5ab00000 ---p 00000000 00:00 0 
5ab00000-5ab94000 rw-p 00000000 00:00 0 
5ab94000-5ac00000 ---p 00000000 00:00 0 
5ac00000-5acff000 rw-p 00000000 00:00 0 
5acff000-5ad00000 ---p 00000000 00:00 0 
5ad00000-5adff000 rw-p 00000000 00:00 0 
5adff000-5ae00000 ---p 00000000 00:00 0 
5ae00000-5aefd000 rw-p 00000000 00:00 0 
5aefd000-5af00000 ---p 00000000 00:00 0 
5af00000-5aff3000 rw-p 00000000 00:00 0 
5aff3000-5b000000 ---p 00000000 00:00 0 
5b000000-5b100000 rw-p 00000000 00:00 0 
5b100000-5b1ff000 rw-p 00000000 00:00 0 
5b1ff000-5b200000 ---p 00000000 00:00 0 
5b200000-5b2f8000 rw-p 00000000 00:00 0 
5b2f8000-5b300000 ---p 00000000 00:00 0 
5b300000-5b3ff000 rw-p 00000000 00:00 0 
5b3ff000-5b400000 ---p 00000000 00:00 0 
5b400000-5b4e6000 rw-p 00000000 00:00 0 
5b4e6000-5b500000 ---p 00000000 00:00 0 
5b500000-5b600000 rw-p 00000000 00:00 0 
5b600000-5b700000 rw-p 00000000 00:00 0 
5b700000-5b800000 rw-p 00000000 00:00 0 
5b800000-5b8f9000 rw-p 00000000 00:00 0 
5b8f9000-5b900000 ---p 00000000 00:00 0 
5b900000-5b9f5000 rw-p 00000000 00:00 0 
5b9f5000-5ba00000 ---p 00000000 00:00 0 
5ba00000-5baff000 rw-p 00000000 00:00 0 
5baff000-5bb00000 ---p 00000000 00:00 0 
5bb00000-5bbea000 rw-p 00000000 00:00 0 
5bbea000-5bc00000 ---p 00000000 00:00 0 
5bc00000-5bcf1000 rw-p 00000000 00:00 0 
5bcf1000-5bd00000 ---p 00000000 00:00 0 
5bd00000-5be00000 rw-p 00000000 00:00 0 
5be00000-5bee6000 rw-p 00000000 00:00 0 
5bee6000-5bf00000 ---p 00000000 00:00 0 
5bf00000-5c0ff000 rw-p 00000000 00:00 0 
5c0ff000-5c100000 ---p 00000000 00:00 0 
5c100000-5c200000 rw-p 00000000 00:00 0 
5c200000-5c2ff000 rw-p 00000000 00:00 0 
5c2ff000-5c300000 ---p 00000000 00:00 0 
5c300000-5c4ff000 rw-p 00000000 00:00 0 
5c4ff000-5c500000 ---p 00000000 00:00 0 
5c500000-5c600000 rw-p 00000000 00:00 0 
5c600000-5c6ff000 rw-p 00000000 00:00 0 
5c6ff000-5c700000 ---p 00000000 00:00 0 
5c700000-5c800000 rw-p 00000000 00:00 0 
5c800000-5c8d8000 rw-p 00000000 00:00 0 
5c8d8000-5c900000 ---p 00000000 00:00 0 
5c900000-5c9e2000 rw-p 00000000 00:00 0 
5c9e2000-5ca00000 ---p 00000000 00:00 0 
5ca00000-5caff000 rw-p 00000000 00:00 0 
5caff000-5cb00000 ---p 00000000 00:00 0 
5cb00000-5cbee000 rw-p 00000000 00:00 0 
5cbee000-5cc00000 ---p 00000000 00:00 0 
5cc00000-5ccff000 rw-p 00000000 00:00 0 
5ccff000-5cd00000 ---p 00000000 00:00 0 
5cd00000-5ce00000 rw-p 00000000 00:00 0 
5ce00000-5cf00000 rw-p 00000000 00:00 0 
5cf00000-5cfbd000 rw-p 00000000 00:00 0 
5cfbd000-5d000000 ---p 00000000 00:00 0 
5d000000-5d100000 rw-p 00000000 00:00 0 
5d100000-5d1ff000 rw-p 00000000 00:00 0 
5d1ff000-5d200000 ---p 00000000 00:00 0 
5d200000-5d2fa000 rw-p 00000000 00:00 0 
5d2fa000-5d300000 ---p 00000000 00:00 0 
5d300000-5d400000 rw-p 00000000 00:00 0 
5d400000-5d500000 rw-p 00000000 00:00 0 
5d500000-5d600000 rw-p 00000000 00:00 0 
5d600000-5d700000 rw-p 00000000 00:00 0 
5d700000-5d800000 rw-p 00000000 00:00 0 
5d800000-5d8ad000 rw-p 00000000 00:00 0 
5d8ad000-5d900000 ---p 00000000 00:00 0 
5d900000-5d9fc000 rw-p 00000000 00:00 0 
5d9fc000-5da00000 ---p 00000000 00:00 0 
5da00000-5daf5000 rw-p 00000000 00:00 0 
5daf5000-5db00000 ---p 00000000 00:00 0 
5db00000-5dc00000 rw-p 00000000 00:00 0 
5dc00000-5dce6000 rw-p 00000000 00:00 0 
5dce6000-5dd00000 ---p 00000000 00:00 0 
5dd00000-5de00000 rw-p 00000000 00:00 0 
5de00000-5defc000 rw-p 00000000 00:00 0 
5defc000-5df00000 ---p 00000000 00:00 0 
5df00000-5dff9000 rw-p 00000000 00:00 0 
5dff9000-5e000000 ---p 00000000 00:00 0 
5e000000-5e0fe000 rw-p 00000000 00:00 0 
5e0fe000-5e100000 ---p 00000000 00:00 0 
5e100000-5e200000 rw-p 00000000 00:00 0 
5e200000-5e2f8000 rw-p 00000000 00:00 0 
5e2f8000-5e300000 ---p 00000000 00:00 0 
5e300000-5e500000 rw-p 00000000 00:00 0 
5e500000-5e5e2000 rw-p 00000000 00:00 0 
5e5e2000-5e600000 ---p 00000000 00:00 0 
5e600000-5e6e8000 rw-p 00000000 00:00 0 
5e6e8000-5e700000 ---p 00000000 00:00 0 
5e700000-5e7fb000 rw-p 00000000 00:00 0 
5e7fb000-5e800000 ---p 00000000 00:00 0 
5e800000-5e900000 rw-p 00000000 00:00 0 
5e900000-5e9d8000 rw-p 00000000 00:00 0 
5e9d8000-5ea00000 ---p 00000000 00:00 0 
5ea00000-5eb00000 rw-p 00000000 00:00 0 
5eb00000-5ec00000 rw-p 00000000 00:00 0 
5ec00000-5ecf9000 rw-p 00000000 00:00 0 
5ecf9000-5ed00000 ---p 00000000 00:00 0 
5ed00000-5edff000 rw-p 00000000 00:00 0 
5edff000-5ee00000 ---p 00000000 00:00 0 
5ee00000-5ef00000 rw-p 00000000 00:00 0 
5ef00000-5ef81000 rw-p 00000000 00:00 0 
5ef81000-5f000000 ---p 00000000 00:00 0 
5f000000-5f0e6000 rw-p 00000000 00:00 0 
5f0e6000-5f100000 ---p 00000000 00:00 0 
5f100000-5f200000 rw-p 00000000 00:00 0 
5f200000-5f300000 rw-p 00000000 00:00 0 
5f300000-5f3ff000 rw-p 00000000 00:00 0 
5f3ff000-5f400000 ---p 00000000 00:00 0 
5f400000-5f4ff000 rw-p 00000000 00:00 0 
5f4ff000-5f500000 ---p 00000000 00:00 0 
5f500000-5f600000 rw-p 00000000 00:00 0 
5f600000-5f6be000 rw-p 00000000 00:00 0 
5f6be000-5f700000 ---p 00000000 00:00 0 
5f700000-5f7fd000 rw-p 00000000 00:00 0 
5f7fd000-5f800000 ---p 00000000 00:00 0 
5f800000-5f8fc000 rw-p 00000000 00:00 0 
5f8fc000-5f900000 ---p 00000000 00:00 0 
5f900000-5f9ff000 rw-p 00000000 00:00 0 
5f9ff000-5fa00000 ---p 00000000 00:00 0 
5fa00000-5faf6000 rw-p 00000000 00:00 0 
5faf6000-5fb00000 ---p 00000000 00:00 0 
5fb00000-5fc00000 rw-p 00000000 00:00 0 
5fc00000-5fce5000 rw-p 00000000 00:00 0 
5fce5000-5fd00000 ---p 00000000 00:00 0 
5fd00000-5fde6000 rw-p 00000000 00:00 0 
5fde6000-5fe00000 ---p 00000000 00:00 0 
5fe00000-5feff000 rw-p 00000000 00:00 0 
5feff000-5ff00000 ---p 00000000 00:00 0 
5ff00000-5ffff000 rw-p 00000000 00:00 0 
5ffff000-60000000 ---p 00000000 00:00 0 
60000000-600fd000 rw-p 00000000 00:00 0 
600fd000-60100000 ---p 00000000 00:00 0 
60100000-601b9000 rw-p 00000000 00:00 0 
601b9000-60200000 ---p 00000000 00:00 0 
60200000-602fd000 rw-p 00000000 00:00 0 
602fd000-60300000 ---p 00000000 00:00 0 
60300000-60345000 rw-p 00000000 00:00 0 
60345000-60400000 ---p 00000000 00:00 0 
60400000-604ff000 rw-p 00000000 00:00 0 
604ff000-60500000 ---p 00000000 00:00 0 
60500000-605e2000 rw-p 00000000 00:00 0 
605e2000-60600000 ---p 00000000 00:00 0 
60600000-60700000 rw-p 00000000 00:00 0 
60700000-607ea000 rw-p 00000000 00:00 0 
607ea000-60800000 ---p 00000000 00:00 0 
60800000-608ff000 rw-p 00000000 00:00 0 
608ff000-60900000 ---p 00000000 00:00 0 
60900000-609eb000 rw-p 00000000 00:00 0 
609eb000-60a00000 ---p 00000000 00:00 0 
60a00000-60afc000 rw-p 00000000 00:00 0 
60afc000-60b00000 ---p 00000000 00:00 0 
60b00000-60bfb000 rw-p 00000000 00:00 0 
60bfb000-60c00000 ---p 00000000 00:00 0 
60c00000-60d00000 rw-p 00000000 00:00 0 
60d00000-60e00000 rw-p 00000000 00:00 0 
60e00000-60f00000 rw-p 00000000 00:00 0 
60f00000-60ff8000 rw-p 00000000 00:00 0 
60ff8000-61000000 ---p 00000000 00:00 0 
61000000-610f9000 rw-p 00000000 00:00 0 
610f9000-61100000 ---p 00000000 00:00 0 
61100000-61200000 rw-p 00000000 00:00 0 
61200000-612fd000 rw-p 00000000 00:00 0 
612fd000-61300000 ---p 00000000 00:00 0 
61300000-61400000 rw-p 00000000 00:00 0 
61400000-614ff000 rw-p 00000000 00:00 0 
614ff000-61500000 ---p 00000000 00:00 0 
61500000-61600000 rw-p 00000000 00:00 0 
61600000-616ea000 rw-p 00000000 00:00 0 
616ea000-61700000 ---p 00000000 00:00 0 
61700000-617f5000 rw-p 00000000 00:00 0 
617f5000-61800000 ---p 00000000 00:00 0 
61800000-61900000 rw-p 00000000 00:00 0 
61900000-619ff000 rw-p 00000000 00:00 0 
619ff000-61a00000 ---p 00000000 00:00 0 
61a00000-61aff000 rw-p 00000000 00:00 0 
61aff000-61b00000 ---p 00000000 00:00 0 
61b00000-61c00000 rw-p 00000000 00:00 0 
61c00000-61d00000 rw-p 00000000 00:00 0 
61d00000-61e00000 rw-p 00000000 00:00 0 
61e00000-61ef0000 rw-p 00000000 00:00 0 
61ef0000-61f00000 ---p 00000000 00:00 0 
61f00000-61fff000 rw-p 00000000 00:00 0 
61fff000-62000000 ---p 00000000 00:00 0 
62000000-620fb000 rw-p 00000000 00:00 0 
620fb000-62100000 ---p 00000000 00:00 0 
62100000-62200000 rw-p 00000000 00:00 0 
62200000-622dc000 rw-p 00000000 00:00 0 
622dc000-62300000 ---p 00000000 00:00 0 
62300000-623ff000 rw-p 00000000 00:00 0 
623ff000-62400000 ---p 00000000 00:00 0 
62400000-624f3000 rw-p 00000000 00:00 0 
624f3000-62500000 ---p 00000000 00:00 0 
62500000-625ff000 rw-p 00000000 00:00 0 
625ff000-62600000 ---p 00000000 00:00 0 
62600000-626ff000 rw-p 00000000 00:00 0 
626ff000-62700000 ---p 00000000 00:00 0 
62700000-62800000 rw-p 00000000 00:00 0 
62800000-628f7000 rw-p 00000000 00:00 0 
628f7000-62900000 ---p 00000000 00:00 0 
62900000-629ec000 rw-p 00000000 00:00 0 
629ec000-62a00000 ---p 00000000 00:00 0 
62a00000-62afc000 rw-p 00000000 00:00 0 
62afc000-62b00000 ---p 00000000 00:00 0 
62b00000-62bfd000 rw-p 00000000 00:00 0 
62bfd000-62c00000 ---p 00000000 00:00 0 
62c00000-62cff000 rw-p 00000000 00:00 0 
62cff000-62d00000 ---p 00000000 00:00 0 
62d00000-62de9000 rw-p 00000000 00:00 0 
62de9000-62e00000 ---p 00000000 00:00 0 
62e00000-62ea7000 rw-p 00000000 00:00 0 
62ea7000-62f00000 ---p 00000000 00:00 0 
62f00000-62fff000 rw-p 00000000 00:00 0 
62fff000-63000000 ---p 00000000 00:00 0 
63000000-630fe000 rw-p 00000000 00:00 0 
630fe000-63100000 ---p 00000000 00:00 0 
63100000-63200000 rw-p 00000000 00:00 0 
63200000-63300000 rw-p 00000000 00:00 0 
63300000-63400000 rw-p 00000000 00:00 0 
63400000-63500000 rw-p 00000000 00:00 0 
63500000-63600000 rw-p 00000000 00:00 0 
63674000-63677000 ---p 00000000 00:00 0 
63677000-636c5000 rw-p 00000000 00:00 0          [stack:18347]
636c5000-63710000 r--s 003ed000 08:05 415945     /home/nik/hello-world-app/target/webapp/WEB-INF/lib/scala-reflect-2.11.0.jar
63710000-63800000 r--s 00c16000 08:05 415944     /home/nik/hello-world-app/target/webapp/WEB-INF/lib/scala-compiler-2.11.0.jar
63800000-638ff000 rw-p 00000000 00:00 0 
638ff000-63900000 ---p 00000000 00:00 0 
63900000-639f9000 rw-p 00000000 00:00 0 
639f9000-63a00000 ---p 00000000 00:00 0 
63a00000-63b00000 rw-p 00000000 00:00 0 
63b00000-63bf2000 rw-p 00000000 00:00 0 
63bf2000-63c00000 ---p 00000000 00:00 0 
63c00000-63ce9000 rw-p 00000000 00:00 0 
63ce9000-63d00000 ---p 00000000 00:00 0 
63d1f000-63d78000 r--s 00522000 08:05 415930     /home/nik/hello-world-app/target/webapp/WEB-INF/lib/scala-library-2.11.8.jar
63d78000-63e78000 rw-p 00000000 00:00 0 
63e78000-63e7b000 ---p 00000000 00:00 0 
63e7b000-63ec9000 rw-p 00000000 00:00 0          [stack:18275]
63ec9000-63ecc000 ---p 00000000 00:00 0 
63ecc000-63f1a000 rw-p 00000000 00:00 0          [stack:18274]
63f1a000-63f1d000 ---p 00000000 00:00 0 
63f1d000-63f6b000 rw-p 00000000 00:00 0          [stack:18273]
63f6b000-63f6e000 ---p 00000000 00:00 0 
63f6e000-63fbc000 rw-p 00000000 00:00 0          [stack:18272]
63fbc000-63fbf000 ---p 00000000 00:00 0 
63fbf000-6400d000 rw-p 00000000 00:00 0          [stack:18271]
6400d000-64010000 ---p 00000000 00:00 0 
64010000-6405e000 rw-p 00000000 00:00 0          [stack:18270]
6405e000-64061000 ---p 00000000 00:00 0 
64061000-640af000 rw-p 00000000 00:00 0          [stack:18269]
640af000-640b2000 ---p 00000000 00:00 0 
640b2000-64100000 rw-p 00000000 00:00 0          [stack:18268]
64100000-64200000 rw-p 00000000 00:00 0 
6423b000-6427d000 r--s 004bc000 08:05 415855     /home/nik/.ivy2/cache/org.eclipse.jetty/jetty-runner/jars/jetty-runner-9.2.1.v20140609.jar
6427d000-6427e000 ---p 00000000 00:00 0 
6427e000-642fe000 rw-p 00000000 00:00 0          [stack:18261]
642fe000-64301000 ---p 00000000 00:00 0 
64301000-6437f000 rw-p 00000000 00:00 0          [stack:18259]
6437f000-64382000 ---p 00000000 00:00 0 
64382000-64400000 rw-p 00000000 00:00 0          [stack:18258]
64400000-64600000 r--p 00000000 08:05 796210     /usr/lib/locale/locale-archive
64600000-64700000 rw-p 00000000 00:00 0 
6472e000-64731000 ---p 00000000 00:00 0 
64731000-6477f000 rw-p 00000000 00:00 0          [stack:18260]
6477f000-64782000 ---p 00000000 00:00 0 
64782000-64800000 rw-p 00000000 00:00 0          [stack:18257]
64800000-648fd000 rw-p 00000000 00:00 0 
648fd000-64900000 ---p 00000000 00:00 0 
6490f000-64923000 r-xp 00000000 08:05 917666     /usr/lib/jvm/java-8-oracle/jre/lib/i386/libnet.so
64923000-64924000 rw-p 00014000 08:05 917666     /usr/lib/jvm/java-8-oracle/jre/lib/i386/libnet.so
64924000-6492e000 r--s 0009a000 08:05 415940     /home/nik/hello-world-app/target/webapp/WEB-INF/lib/scala-xml_2.11-1.0.5.jar
6492e000-64931000 ---p 00000000 00:00 0 
64931000-6497f000 rw-p 00000000 00:00 0          [stack:18256]
6497f000-64980000 ---p 00000000 00:00 0 
64980000-64a00000 rw-p 00000000 00:00 0          [stack:18249]
64a00000-64b00000 rw-p 00000000 00:00 0 
64b02000-64b0d000 r--s 00065000 08:05 415947     /home/nik/hello-world-app/target/webapp/WEB-INF/lib/logback-core-1.1.5.jar
64b0d000-64b10000 ---p 00000000 00:00 0 
64b10000-64b5e000 rw-p 00000000 00:00 0          [stack:18251]
64b5e000-64d32000 r--s 03c50000 08:05 917491     /usr/lib/jvm/java-8-oracle/jre/lib/rt.jar
64d32000-65178000 rw-p 00000000 00:00 0 
65178000-6517e000 ---p 00000000 00:00 0 
6517e000-67500000 rw-p 00000000 00:00 0 
67500000-67600000 rw-p 00000000 00:00 0 
67602000-67606000 r--s 00034000 08:05 415934     /home/nik/hello-world-app/target/webapp/WEB-INF/lib/rl_2.11-0.4.10.jar
67606000-67616000 r--s 00089000 08:05 415937     /home/nik/hello-world-app/target/webapp/WEB-INF/lib/joda-time-2.9.1.jar
67616000-6762e000 r--s 00125000 08:05 415931     /home/nik/hello-world-app/target/webapp/WEB-INF/lib/scalatra_2.11-2.4.1.jar
6762e000-67631000 ---p 00000000 00:00 0 
67631000-6767f000 rw-p 00000000 00:00 0          [stack:18250]
6767f000-67680000 ---p 00000000 00:00 0 
67680000-67700000 rw-p 00000000 00:00 0          [stack:18248]
67700000-677fa000 rw-p 00000000 00:00 0 
677fa000-67800000 ---p 00000000 00:00 0 
67802000-67804000 r--s 0000c000 08:05 415941     /home/nik/hello-world-app/target/webapp/WEB-INF/lib/scalatra-scalate_2.11-2.4.1.jar
67804000-67830000 r--s 001b5000 08:05 415942     /home/nik/hello-world-app/target/webapp/WEB-INF/lib/scalate-core_2.11-1.7.1.jar
67830000-6787f000 rw-p 00000000 00:00 0 
6787f000-67880000 ---p 00000000 00:00 0 
67880000-67900000 rw-p 00000000 00:00 0          [stack:18247]
67900000-679ff000 rw-p 00000000 00:00 0 
679ff000-67a00000 ---p 00000000 00:00 0 
67a00000-67a08000 r--s 00043000 08:05 415943     /home/nik/hello-world-app/target/webapp/WEB-INF/lib/scalate-util_2.11-1.7.1.jar
67a08000-67a24000 r--s 00393000 08:05 917603     /usr/lib/jvm/java-8-oracle/jre/lib/ext/cldrdata.jar
67a24000-67a7f000 rw-p 00000000 00:00 0 
67a7f000-67a80000 ---p 00000000 00:00 0 
67a80000-67b00000 rw-p 00000000 00:00 0          [stack:18246]
67b00000-67bff000 rw-p 00000000 00:00 0 
67bff000-67c00000 ---p 00000000 00:00 0 
67c01000-67c02000 r--s 00009000 08:05 415948     /home/nik/hello-world-app/target/webapp/WEB-INF/lib/slf4j-api-1.7.16.jar
67c02000-67c06000 r--s 00018000 08:05 415938     /home/nik/hello-world-app/target/webapp/WEB-INF/lib/joda-convert-1.8.1.jar
67c06000-67c33000 rw-p 00000000 00:00 0 
67c33000-67d56000 ---p 00000000 00:00 0 
67d56000-67dd7000 rw-p 00000000 00:00 0 
67dd7000-67dff000 ---p 00000000 00:00 0 
67dff000-6d7c0000 rw-p 00000000 00:00 0 
6d7c0000-91f80000 ---p 00000000 00:00 0 
91f80000-a1e80000 rw-p 00000000 00:00 0 
a6e78000-a7000000 rw-p 00000000 00:00 0 
a7000000-a7002000 r--s 00009000 08:05 415929     /home/nik/hello-world-app/target/webapp/WEB-INF/lib/hello-world-app_2.11-0.1.0-SNAPSHOT.jar
a7002000-a7004000 r--s 0001c000 08:05 415936     /home/nik/hello-world-app/target/webapp/WEB-INF/lib/mime-util-2.1.3.jar
a7004000-a700a000 r--s 0003f000 08:05 415946     /home/nik/hello-world-app/target/webapp/WEB-INF/lib/logback-classic-1.1.5.jar
a700a000-a7015000 r--s 0005d000 08:05 415939     /home/nik/hello-world-app/target/webapp/WEB-INF/lib/scala-parser-combinators_2.11-1.0.4.jar
a7015000-a701a000 r--s 00092000 08:05 917481     /usr/lib/jvm/java-8-oracle/jre/lib/jsse.jar
a701a000-a7024000 r--s 0021b000 08:05 917606     /usr/lib/jvm/java-8-oracle/jre/lib/ext/localedata.jar
a7024000-a7025000 ---p 00000000 00:00 0 
a7025000-a70d2000 rw-p 00000000 00:00 0          [stack:18245]
a70d2000-a71f6000 ---p 00000000 00:00 0 
a71f6000-a7209000 rw-p 00000000 00:00 0 
a7209000-a75b6000 ---p 00000000 00:00 0 
a75b6000-a7a5e000 rwxp 00000000 00:00 0 
a7a5e000-b65b6000 ---p 00000000 00:00 0 
b65b6000-b65c1000 r-xp 00000000 08:05 524490     /lib/i386-linux-gnu/libnss_files-2.19.so
b65c1000-b65c2000 r--p 0000a000 08:05 524490     /lib/i386-linux-gnu/libnss_files-2.19.so
b65c2000-b65c3000 rw-p 0000b000 08:05 524490     /lib/i386-linux-gnu/libnss_files-2.19.so
b65c3000-b65c4000 r--s 00001000 08:05 415933     /home/nik/hello-world-app/target/webapp/WEB-INF/lib/grizzled-slf4j_2.11-1.0.2.jar
b65c4000-b65c5000 r--s 00005000 08:05 415932     /home/nik/hello-world-app/target/webapp/WEB-INF/lib/scalatra-common_2.11-2.4.1.jar
b65c5000-b65cd000 r-xp 00000000 08:05 917664     /usr/lib/jvm/java-8-oracle/jre/lib/i386/libmanagement.so
b65cd000-b65ce000 rw-p 00007000 08:05 917664     /usr/lib/jvm/java-8-oracle/jre/lib/i386/libmanagement.so
b65ce000-b65e6000 rw-p 00000000 00:00 0 
b65e6000-b65ff000 r-xp 00000000 08:05 917680     /usr/lib/jvm/java-8-oracle/jre/lib/i386/libzip.so
b65ff000-b6600000 rw-p 00018000 08:05 917680     /usr/lib/jvm/java-8-oracle/jre/lib/i386/libzip.so
b6600000-b66f9000 rw-p 00000000 00:00 0 
b66f9000-b6700000 ---p 00000000 00:00 0 
b6700000-b6703000 r--s 00033000 08:05 415935     /home/nik/hello-world-app/target/webapp/WEB-INF/lib/juniversalchardet-1.0.3.jar
b6703000-b670b000 rw-s 00000000 08:05 1742459    /tmp/hsperfdata_nik/18235
b670b000-b6715000 r-xp 00000000 08:05 524500     /lib/i386-linux-gnu/libnss_nis-2.19.so
b6715000-b6716000 r--p 00009000 08:05 524500     /lib/i386-linux-gnu/libnss_nis-2.19.so
b6716000-b6717000 rw-p 0000a000 08:05 524500     /lib/i386-linux-gnu/libnss_nis-2.19.so
b6717000-b672c000 r-xp 00000000 08:05 524484     /lib/i386-linux-gnu/libnsl-2.19.so
b672c000-b672d000 r--p 00015000 08:05 524484     /lib/i386-linux-gnu/libnsl-2.19.so
b672d000-b672e000 rw-p 00016000 08:05 524484     /lib/i386-linux-gnu/libnsl-2.19.so
b672e000-b6730000 rw-p 00000000 00:00 0 
b6730000-b6737000 r-xp 00000000 08:05 524543     /lib/i386-linux-gnu/librt-2.19.so
b6737000-b6738000 r--p 00006000 08:05 524543     /lib/i386-linux-gnu/librt-2.19.so
b6738000-b6739000 rw-p 00007000 08:05 524543     /lib/i386-linux-gnu/librt-2.19.so
b6739000-b673c000 ---p 00000000 00:00 0 
b673c000-b678a000 rw-p 00000000 00:00 0          [stack:18244]
b678a000-b67ce000 r-xp 00000000 08:05 524465     /lib/i386-linux-gnu/libm-2.19.so
b67ce000-b67cf000 r--p 00043000 08:05 524465     /lib/i386-linux-gnu/libm-2.19.so
b67cf000-b67d0000 rw-p 00044000 08:05 524465     /lib/i386-linux-gnu/libm-2.19.so
b67d0000-b70d8000 r-xp 00000000 08:05 917687     /usr/lib/jvm/java-8-oracle/jre/lib/i386/server/libjvm.so
b70d8000-b7140000 rw-p 00908000 08:05 917687     /usr/lib/jvm/java-8-oracle/jre/lib/i386/server/libjvm.so
b7140000-b7564000 rw-p 00000000 00:00 0 
b7564000-b770d000 r-xp 00000000 08:05 524415     /lib/i386-linux-gnu/libc-2.19.so
b770d000-b770f000 r--p 001a9000 08:05 524415     /lib/i386-linux-gnu/libc-2.19.so
b770f000-b7710000 rw-p 001ab000 08:05 524415     /lib/i386-linux-gnu/libc-2.19.so
b7710000-b7713000 rw-p 00000000 00:00 0 
b7713000-b7716000 r-xp 00000000 08:05 524432     /lib/i386-linux-gnu/libdl-2.19.so
b7716000-b7717000 r--p 00002000 08:05 524432     /lib/i386-linux-gnu/libdl-2.19.so
b7717000-b7718000 rw-p 00003000 08:05 524432     /lib/i386-linux-gnu/libdl-2.19.so
b7718000-b7719000 rw-p 00000000 00:00 0 
b7719000-b772d000 r-xp 00000000 08:05 917684     /usr/lib/jvm/java-8-oracle/jre/lib/i386/jli/libjli.so
b772d000-b772e000 rw-p 00013000 08:05 917684     /usr/lib/jvm/java-8-oracle/jre/lib/i386/jli/libjli.so
b772e000-b7746000 r-xp 00000000 08:05 524535     /lib/i386-linux-gnu/libpthread-2.19.so
b7746000-b7747000 r--p 00017000 08:05 524535     /lib/i386-linux-gnu/libpthread-2.19.so
b7747000-b7748000 rw-p 00018000 08:05 524535     /lib/i386-linux-gnu/libpthread-2.19.so
b7748000-b774a000 rw-p 00000000 00:00 0 
b774a000-b774b000 r--p 00855000 08:05 796210     /usr/lib/locale/locale-archive
b774b000-b7752000 r-xp 00000000 08:05 524486     /lib/i386-linux-gnu/libnss_compat-2.19.so
b7752000-b7753000 r--p 00006000 08:05 524486     /lib/i386-linux-gnu/libnss_compat-2.19.so
b7753000-b7754000 rw-p 00007000 08:05 524486     /lib/i386-linux-gnu/libnss_compat-2.19.so
b7754000-b7755000 rw-p 00000000 00:00 0 
b7755000-b7756000 ---p 00000000 00:00 0 
b7756000-b777a000 r-xp 00000000 08:05 917645     /usr/lib/jvm/java-8-oracle/jre/lib/i386/libjava.so
b777a000-b777b000 rw-p 00023000 08:05 917645     /usr/lib/jvm/java-8-oracle/jre/lib/i386/libjava.so
b777b000-b7786000 r-xp 00000000 08:05 917679     /usr/lib/jvm/java-8-oracle/jre/lib/i386/libverify.so
b7786000-b7787000 rw-p 0000b000 08:05 917679     /usr/lib/jvm/java-8-oracle/jre/lib/i386/libverify.so
b7787000-b7789000 rw-p 00000000 00:00 0 
b7789000-b778a000 r-xp 00000000 00:00 0          [vdso]
b778a000-b77aa000 r-xp 00000000 08:05 524389     /lib/i386-linux-gnu/ld-2.19.so
b77aa000-b77ab000 r--p 0001f000 08:05 524389     /lib/i386-linux-gnu/ld-2.19.so
b77ab000-b77ac000 rw-p 00020000 08:05 524389     /lib/i386-linux-gnu/ld-2.19.so
bfa57000-bfa58000 rwxp 00000000 00:00 0 
bfa89000-bfaab000 rw-p 00000000 00:00 0          [stack]

VM Arguments:
java_command: org.eclipse.jetty.runner.Runner /home/nik/hello-world-app/target/webapp
java_class_path (initial): /home/nik/.ivy2/cache/org.eclipse.jetty/jetty-runner/jars/jetty-runner-9.2.1.v20140609.jar
Launcher Type: SUN_STANDARD

Environment Variables:
JAVA_HOME=/usr/lib/jvm/java-8-oracle
PATH=/home/nik/.conscript/bin:/home/nik/.composer/vendor/bin:/home/nik/.composer/vendor/bin:/usr/local/sbin:/usr/local/bin:/usr/sbin:/usr/bin:/sbin:/bin:/usr/games:/usr/local/games:/usr/lib/jvm/java-8-oracle/bin:/usr/lib/jvm/java-8-oracle/db/bin:/usr/lib/jvm/java-8-oracle/jre/bin:/home/nik/bin
SHELL=/bin/bash
DISPLAY=:0

Signal Handlers:
SIGSEGV: [libjvm.so+0x863250], sa_mask[0]=0x7ffbfeff, sa_flags=0x10000004
SIGBUS: [libjvm.so+0x863250], sa_mask[0]=0x7ffbfeff, sa_flags=0x10000004
SIGFPE: [libjvm.so+0x6ef2b0], sa_mask[0]=0x7ffbfeff, sa_flags=0x10000004
SIGPIPE: [libjvm.so+0x6ef2b0], sa_mask[0]=0x7ffbfeff, sa_flags=0x10000004
SIGXFSZ: [libjvm.so+0x6ef2b0], sa_mask[0]=0x7ffbfeff, sa_flags=0x10000004
SIGILL: [libjvm.so+0x6ef2b0], sa_mask[0]=0x7ffbfeff, sa_flags=0x10000004
SIGUSR1: SIG_DFL, sa_mask[0]=0x00000000, sa_flags=0x00000000
SIGUSR2: [libjvm.so+0x6f09c0], sa_mask[0]=0x00000004, sa_flags=0x10000004
SIGHUP: [libjvm.so+0x6f1dd0], sa_mask[0]=0x7ffbfeff, sa_flags=0x10000004
SIGINT: [libjvm.so+0x6f1dd0], sa_mask[0]=0x7ffbfeff, sa_flags=0x10000004
SIGTERM: [libjvm.so+0x6f1dd0], sa_mask[0]=0x7ffbfeff, sa_flags=0x10000004
SIGQUIT: [libjvm.so+0x6f1dd0], sa_mask[0]=0x7ffbfeff, sa_flags=0x10000004


---------------  S Y S T E M  ---------------

OS:DISTRIB_ID=Ubuntu
DISTRIB_RELEASE=14.04
DISTRIB_CODENAME=trusty
DISTRIB_DESCRIPTION="Ubuntu 14.04 LTS"

uname:Linux 3.13.0-32-generic #57-Ubuntu SMP Tue Jul 15 03:51:12 UTC 2014 i686
libc:glibc 2.19 NPTL 2.19 
rlimit: STACK 8192k, CORE 0k, NPROC 32056, NOFILE 4096, AS infinity
load average:3.06 1.72 1.05

/proc/meminfo:
MemTotal:        4130192 kB
MemFree:          259452 kB
Buffers:             476 kB
Cached:           150508 kB
SwapCached:            0 kB
Active:          3453804 kB
Inactive:         125252 kB
Active(anon):    3429184 kB
Inactive(anon):   100668 kB
Active(file):      24620 kB
Inactive(file):    24584 kB
Unevictable:         232 kB
Mlocked:             232 kB
HighTotal:       3279432 kB
HighFree:          82016 kB
LowTotal:         850760 kB
LowFree:          177436 kB
SwapTotal:             0 kB
SwapFree:              0 kB
Dirty:               236 kB
Writeback:             0 kB
AnonPages:       3428256 kB
Mapped:           139896 kB
Shmem:            101864 kB
Slab:              40220 kB
SReclaimable:      16676 kB
SUnreclaim:        23544 kB
KernelStack:        5360 kB
PageTables:        20624 kB
NFS_Unstable:          0 kB
Bounce:                0 kB
WritebackTmp:          0 kB
CommitLimit:     2065096 kB
Committed_AS:    9672128 kB
VmallocTotal:     122880 kB
VmallocUsed:       64744 kB
VmallocChunk:      23696 kB
HardwareCorrupted:     0 kB
AnonHugePages:   2166784 kB
HugePages_Total:       0
HugePages_Free:        0
HugePages_Rsvd:        0
HugePages_Surp:        0
Hugepagesize:       2048 kB
DirectMap4k:       67576 kB
DirectMap2M:      845824 kB


CPU:total 4 (4 cores per cpu, 1 threads per core) family 16 model 4 stepping 3, cmov, cx8, fxsr, mmx, sse, sse2, sse3, popcnt, mmxext, 3dnowpref, lzcnt, sse4a, tsc, tscinvbit

/proc/cpuinfo:
processor	: 0
vendor_id	: AuthenticAMD
cpu family	: 16
model		: 4
model name	: AMD Phenom(tm) II X4 945 Processor
stepping	: 3
microcode	: 0x10000c8
cpu MHz		: 3000.056
cache size	: 512 KB
physical id	: 0
siblings	: 4
core id		: 0
cpu cores	: 4
apicid		: 0
initial apicid	: 0
fdiv_bug	: no
f00f_bug	: no
coma_bug	: no
fpu		: yes
fpu_exception	: yes
cpuid level	: 5
wp		: yes
flags		: fpu vme de pse tsc msr pae mce cx8 apic sep mtrr pge mca cmov pat pse36 clflush mmx fxsr sse sse2 ht syscall nx mmxext fxsr_opt pdpe1gb rdtscp lm 3dnowext 3dnow constant_tsc nonstop_tsc extd_apicid pni monitor cx16 popcnt lahf_lm cmp_legacy svm extapic cr8_legacy abm sse4a misalignsse 3dnowprefetch osvw ibs skinit wdt nodeid_msr hw_pstate npt lbrv svm_lock nrip_save
bogomips	: 6000.11
clflush size	: 64
cache_alignment	: 64
address sizes	: 48 bits physical, 48 bits virtual
power management: ts ttp tm stc 100mhzsteps hwpstate

processor	: 1
vendor_id	: AuthenticAMD
cpu family	: 16
model		: 4
model name	: AMD Phenom(tm) II X4 945 Processor
stepping	: 3
microcode	: 0x10000c8
cpu MHz		: 3000.056
cache size	: 512 KB
physical id	: 0
siblings	: 4
core id		: 1
cpu cores	: 4
apicid		: 1
initial apicid	: 1
fdiv_bug	: no
f00f_bug	: no
coma_bug	: no
fpu		: yes
fpu_exception	: yes
cpuid level	: 5
wp		: yes
flags		: fpu vme de pse tsc msr pae mce cx8 apic sep mtrr pge mca cmov pat pse36 clflush mmx fxsr sse sse2 ht syscall nx mmxext fxsr_opt pdpe1gb rdtscp lm 3dnowext 3dnow constant_tsc nonstop_tsc extd_apicid pni monitor cx16 popcnt lahf_lm cmp_legacy svm extapic cr8_legacy abm sse4a misalignsse 3dnowprefetch osvw ibs skinit wdt nodeid_msr hw_pstate npt lbrv svm_lock nrip_save
bogomips	: 6000.11
clflush size	: 64
cache_alignment	: 64
address sizes	: 48 bits physical, 48 bits virtual
power management: ts ttp tm stc 100mhzsteps hwpstate

processor	: 2
vendor_id	: AuthenticAMD
cpu family	: 16
model		: 4
model name	: AMD Phenom(tm) II X4 945 Processor
stepping	: 3
microcode	: 0x10000c8
cpu MHz		: 3000.056
cache size	: 512 KB
physical id	: 0
siblings	: 4
core id		: 2
cpu cores	: 4
apicid		: 2
initial apicid	: 2
fdiv_bug	: no
f00f_bug	: no
coma_bug	: no
fpu		: yes
fpu_exception	: yes
cpuid level	: 5
wp		: yes
flags		: fpu vme de pse tsc msr pae mce cx8 apic sep mtrr pge mca cmov pat pse36 clflush mmx fxsr sse sse2 ht syscall nx mmxext fxsr_opt pdpe1gb rdtscp lm 3dnowext 3dnow constant_tsc nonstop_tsc extd_apicid pni monitor cx16 popcnt lahf_lm cmp_legacy svm extapic cr8_legacy abm sse4a misalignsse 3dnowprefetch osvw ibs skinit wdt nodeid_msr hw_pstate npt lbrv svm_lock nrip_save
bogomips	: 6000.11
clflush size	: 64
cache_alignment	: 64
address sizes	: 48 bits physical, 48 bits virtual
power management: ts ttp tm stc 100mhzsteps hwpstate

processor	: 3
vendor_id	: AuthenticAMD
cpu family	: 16
model		: 4
model name	: AMD Phenom(tm) II X4 945 Processor
stepping	: 3
microcode	: 0x10000c8
cpu MHz		: 3000.056
cache size	: 512 KB
physical id	: 0
siblings	: 4
core id		: 3
cpu cores	: 4
apicid		: 3
initial apicid	: 3
fdiv_bug	: no
f00f_bug	: no
coma_bug	: no
fpu		: yes
fpu_exception	: yes
cpuid level	: 5
wp		: yes
flags		: fpu vme de pse tsc msr pae mce cx8 apic sep mtrr pge mca cmov pat pse36 clflush mmx fxsr sse sse2 ht syscall nx mmxext fxsr_opt pdpe1gb rdtscp lm 3dnowext 3dnow constant_tsc nonstop_tsc extd_apicid pni monitor cx16 popcnt lahf_lm cmp_legacy svm extapic cr8_legacy abm sse4a misalignsse 3dnowprefetch osvw ibs skinit wdt nodeid_msr hw_pstate npt lbrv svm_lock nrip_save
bogomips	: 6000.11
clflush size	: 64
cache_alignment	: 64
address sizes	: 48 bits physical, 48 bits virtual
power management: ts ttp tm stc 100mhzsteps hwpstate



Memory: 4k page, physical 4130192k(259452k free), swap 0k(0k free)

vm_info: Java HotSpot(TM) Server VM (25.11-b03) for linux-x86 JRE (1.8.0_11-b12), built on Jun 16 2014 17:46:35 by "java_re" with gcc 4.3.0 20080428 (Red Hat 4.3.0-8)

time: Wed Jun  1 20:39:20 2016
elapsed time: 7 seconds

