#
# There is insufficient memory for the Java Runtime Environment to continue.
# Native memory allocation (mmap) failed to map 41680896 bytes for committing reserved memory.
# Possible reasons:
#   The system is out of physical RAM or swap space
#   In 32 bit mode, the process size limit was hit
# Possible solutions:
#   Reduce memory load on the system
#   Increase physical memory or swap space
#   Check if swap backing store is full
#   Use 64 bit Java on a 64 bit OS
#   Decrease Java heap size (-Xmx/-Xms)
#   Decrease number of Java threads
#   Decrease Java thread stack sizes (-Xss)
#   Set larger code cache with -XX:ReservedCodeCacheSize=
# This output file may be truncated or incomplete.
#
#  Out of Memory Error (os_linux.cpp:2716), pid=14318, tid=1688206144
#
# JRE version: Java(TM) SE Runtime Environment (8.0_11-b12) (build 1.8.0_11-b12)
# Java VM: Java HotSpot(TM) Server VM (25.11-b03 mixed mode linux-x86 )
# Failed to write core dump. Core dumps have been disabled. To enable core dumping, try "ulimit -c unlimited" before starting Java again
#

---------------  T H R E A D  ---------------

Current thread (0x64a80800):  VMThread [stack: 0x6497f000,0x64a00000] [id=14332]

Stack: [0x6497f000,0x64a00000],  sp=0x649fe950,  free space=510k
Native frames: (J=compiled Java code, j=interpreted, Vv=VM code, C=native code)
V  [libjvm.so+0x862769]  VMError::report_and_die()+0x179
V  [libjvm.so+0x35aa65]  report_vm_out_of_memory(char const*, int, unsigned int, VMErrorType, char const*)+0x55
V  [libjvm.so+0x6f2386]  os::Linux::commit_memory_impl(char*, unsigned int, bool)+0xe6
V  [libjvm.so+0x6f2858]  os::pd_commit_memory(char*, unsigned int, unsigned int, bool)+0x28
V  [libjvm.so+0x6ec0dc]  os::commit_memory(char*, unsigned int, unsigned int, bool)+0x2c
V  [libjvm.so+0x7548a8]  PSVirtualSpace::expand_by(unsigned int)+0x48
V  [libjvm.so+0x747d61]  PSOldGen::expand(unsigned int)+0x141
V  [libjvm.so+0x747e2f]  PSOldGen::resize(unsigned int)+0x8f
V  [libjvm.so+0x74e881]  PSParallelCompact::invoke_no_policy(bool)+0x8e1
V  [libjvm.so+0x74eb3b]  PSParallelCompact::invoke(bool)+0x5b
V  [libjvm.so+0x2f546d]  CollectedHeap::collect_as_vm_thread(GCCause::Cause)+0xed
V  [libjvm.so+0x86382a]  VM_CollectForMetadataAllocation::doit()+0x10a
V  [libjvm.so+0x86d027]  VM_Operation::evaluate()+0x47
V  [libjvm.so+0x86b113]  VMThread::evaluate_operation(VM_Operation*)+0xb3
V  [libjvm.so+0x86b4b0]  VMThread::loop()+0x1b0
V  [libjvm.so+0x86b915]  VMThread::run()+0x85
V  [libjvm.so+0x6f4249]  java_start(Thread*)+0x119
C  [libpthread.so.0+0x6f70]  start_thread+0xd0

VM_Operation (0x63ec3f6c): CollectForMetadataAllocation, mode: safepoint, requested by thread 0x64188800


---------------  P R O C E S S  ---------------

Java Threads: ( => current thread )
  0x5fe01c00 JavaThread "Scheduler-33166170" [_thread_blocked, id=14689, stack(0x63423000,0x63474000)]
  0x58702c00 JavaThread "org.eclipse.jetty.server.session.HashSessionManager@16a4e4bTimer" daemon [_thread_blocked, id=14455, stack(0x63474000,0x634c5000)]
  0x64188800 JavaThread "qtp2755360-18" [_thread_blocked, id=14366, stack(0x63e78000,0x63ec9000)]
  0x64187400 JavaThread "qtp2755360-17-selector-ServerConnectorManager@eee82e/0" [_thread_in_native, id=14365, stack(0x63ec9000,0x63f1a000)]
  0x64186000 JavaThread "qtp2755360-16-acceptor-0-ServerConnector@11f98ef{HTTP/1.1}{0.0.0.0:8080}" [_thread_in_native, id=14364, stack(0x63f1a000,0x63f6b000)]
  0x64184c00 JavaThread "qtp2755360-15-selector-ServerConnectorManager@eee82e/2" [_thread_in_native, id=14363, stack(0x63f6b000,0x63fbc000)]
  0x64183c00 JavaThread "qtp2755360-14" [_thread_blocked, id=14362, stack(0x63fbc000,0x6400d000)]
  0x64182400 JavaThread "qtp2755360-13" [_thread_blocked, id=14361, stack(0x6400d000,0x6405e000)]
  0x64181800 JavaThread "qtp2755360-12-selector-ServerConnectorManager@eee82e/3" [_thread_in_native, id=14360, stack(0x6405e000,0x640af000)]
  0x6417e800 JavaThread "qtp2755360-11-selector-ServerConnectorManager@eee82e/1" [_thread_blocked, id=14359, stack(0x640af000,0x64100000)]
  0x64aac400 JavaThread "Service Thread" daemon [_thread_blocked, id=14343, stack(0x6472e000,0x6477f000)]
  0x64aa9000 JavaThread "C1 CompilerThread2" daemon [_thread_blocked, id=14342, stack(0x642fe000,0x6437f000)]
  0x64aa7800 JavaThread "C2 CompilerThread1" daemon [_thread_blocked, id=14341, stack(0x6437f000,0x64400000)]
  0x64aa5c00 JavaThread "C2 CompilerThread0" daemon [_thread_blocked, id=14340, stack(0x6477f000,0x64800000)]
  0x64aa4400 JavaThread "Signal Dispatcher" daemon [_thread_blocked, id=14339, stack(0x6492e000,0x6497f000)]
  0x64a86400 JavaThread "Finalizer" daemon [_thread_blocked, id=14334, stack(0x64b0d000,0x64b5e000)]
  0x64a83c00 JavaThread "Reference Handler" daemon [_thread_blocked, id=14333, stack(0x67605000,0x67656000)]
  0xb6507400 JavaThread "main" [_thread_blocked, id=14327, stack(0xb66fc000,0xb674d000)]

Other Threads:
=>0x64a80800 VMThread [stack: 0x6497f000,0x64a00000] [id=14332]
  0x64aadc00 WatcherThread [stack: 0x6427d000,0x642fe000] [id=14344]

VM state:at safepoint (normal execution)

VM Mutex/Monitor currently owned by a thread:  ([mutex/lock_event])
[0xb65045d8] ExpandHeap_lock - owner thread: 0x64a80800
[0xb6504b20] Threads_lock - owner thread: 0x64a80800
[0xb6504f30] Heap_lock - owner thread: 0x64188800

Heap:
 PSYoungGen      total 272384K, used 0K [0x91f80000, 0xa7000000, 0xa7000000)
  eden space 220160K, 0% used [0x91f80000,0x91f80000,0x9f680000)
  from space 52224K, 0% used [0xa3800000,0xa3800000,0xa6b00000)
  to   space 62208K, 0% used [0x9f680000,0x9f680000,0xa3340000)
 ParOldGen       total 83200K, used 56012K [0x67e00000, 0x6cf40000, 0x91f80000)
  object space 83200K, 67% used [0x67e00000,0x6b4b33e8,0x6cf40000)
 Metaspace       used 28202K, capacity 28241K, committed 28348K, reserved 28976K

Card table byte_map: [0x67c06000,0x67e00000] byte_map_base: 0x678c7000

Marking Bits: (ParMarkBitMap*) 0xb7112d80
 Begin Bits: [0x65570000, 0x66538000)
 End Bits:   [0x66538000, 0x67500000)

Polling page: 0xb7718000

CodeCache: size=245760Kb used=15184Kb max_used=15226Kb free=230575Kb
 bounds [0xa7500000, 0xa8448000, 0xb6500000]
 total_blobs=6017 nmethods=5828 adapters=100
 compilation: enabled

Compilation events (10 events):
Event: 19.606 Thread 0x64aa9000 6143       1       scala.collection.mutable.ArrayBuilder$ofUnit::size (5 bytes)
Event: 19.606 Thread 0x64aa9000 nmethod 6143 0xa7673a88 code [0xa7673b80, 0xa7673c20]
Event: 19.606 Thread 0x64aa9000 6151       1       scala.tools.nsc.backend.icode.Members$Code::currentLabel (5 bytes)
Event: 19.606 Thread 0x64aa9000 nmethod 6151 0xa7673808 code [0xa7673900, 0xa76739a0]
Event: 19.606 Thread 0x64aa9000 6150       1       scala.tools.nsc.backend.icode.BasicBlocks$BasicBlock::succs (5 bytes)
Event: 19.606 Thread 0x64aa9000 nmethod 6150 0xa768ee48 code [0xa768ef40, 0xa768efe0]
Event: 19.606 Thread 0x64aa9000 6153       1       scala.tools.nsc.backend.icode.Opcodes$opcodes$JUMP::whereto (5 bytes)
Event: 19.606 Thread 0x64aa9000 nmethod 6153 0xa768ec48 code [0xa768ed40, 0xa768ede0]
Event: 19.606 Thread 0x64aa9000 6152       1       scala.reflect.internal.SymbolTable$perRunCaches$::scala$reflect$internal$SymbolTable$perRunCaches$$caches (5 bytes)
Event: 19.606 Thread 0x64aa9000 nmethod 6152 0xa768ea48 code [0xa768eb40, 0xa768ebe0]

GC Heap History (10 events):
Event: 6.308 GC heap after
Heap after GC invocations=13 (full 2):
 PSYoungGen      total 223488K, used 0K [0x91f80000, 0xa7000000, 0xa7000000)
  eden space 184064K, 0% used [0x91f80000,0x91f80000,0x9d340000)
  from space 39424K, 0% used [0x9d340000,0x9d340000,0x9f9c0000)
  to   space 55808K, 0% used [0xa3980000,0xa3980000,0xa7000000)
 ParOldGen       total 140800K, used 87678K [0x67e00000, 0x70780000, 0x91f80000)
  object space 140800K, 62% used [0x67e00000,0x6d39fbb8,0x70780000)
 Metaspace       used 10192K, capacity 10244K, committed 10392K, reserved 10544K
}
Event: 15.061 GC heap before
{Heap before GC invocations=14 (full 2):
 PSYoungGen      total 223488K, used 184064K [0x91f80000, 0xa7000000, 0xa7000000)
  eden space 184064K, 100% used [0x91f80000,0x9d340000,0x9d340000)
  from space 39424K, 0% used [0x9d340000,0x9d340000,0x9f9c0000)
  to   space 55808K, 0% used [0xa3980000,0xa3980000,0xa7000000)
 ParOldGen       total 140800K, used 87678K [0x67e00000, 0x70780000, 0x91f80000)
  object space 140800K, 62% used [0x67e00000,0x6d39fbb8,0x70780000)
 Metaspace       used 14600K, capacity 14639K, committed 14744K, reserved 15664K
Event: 15.077 GC heap after
Heap after GC invocations=14 (full 2):
 PSYoungGen      total 290816K, used 6639K [0x91f80000, 0xa7000000, 0xa7000000)
  eden space 235008K, 0% used [0x91f80000,0x91f80000,0xa0500000)
  from space 55808K, 11% used [0xa3980000,0xa3ffbf68,0xa7000000)
  to   space 53760K, 0% used [0xa0500000,0xa0500000,0xa3980000)
 ParOldGen       total 140800K, used 87682K [0x67e00000, 0x70780000, 0x91f80000)
  object space 140800K, 62% used [0x67e00000,0x6d3a0bb8,0x70780000)
 Metaspace       used 14600K, capacity 14639K, committed 14744K, reserved 15664K
}
Event: 15.629 GC heap before
{Heap before GC invocations=15 (full 2):
 PSYoungGen      total 290816K, used 87889K [0x91f80000, 0xa7000000, 0xa7000000)
  eden space 235008K, 34% used [0x91f80000,0x96ed86b8,0xa0500000)
  from space 55808K, 11% used [0xa3980000,0xa3ffbf68,0xa7000000)
  to   space 53760K, 0% used [0xa0500000,0xa0500000,0xa3980000)
 ParOldGen       total 140800K, used 87682K [0x67e00000, 0x70780000, 0x91f80000)
  object space 140800K, 62% used [0x67e00000,0x6d3a0bb8,0x70780000)
 Metaspace       used 16971K, capacity 17007K, committed 17048K, reserved 17712K
Event: 15.641 GC heap after
Heap after GC invocations=15 (full 2):
 PSYoungGen      total 239872K, used 4623K [0x91f80000, 0xa6b00000, 0xa7000000)
  eden space 235008K, 0% used [0x91f80000,0x91f80000,0xa0500000)
  from space 4864K, 95% used [0xa0500000,0xa0983e70,0xa09c0000)
  to   space 52224K, 0% used [0xa3800000,0xa3800000,0xa6b00000)
 ParOldGen       total 140800K, used 88404K [0x67e00000, 0x70780000, 0x91f80000)
  object space 140800K, 62% used [0x67e00000,0x6d455108,0x70780000)
 Metaspace       used 16971K, capacity 17007K, committed 17048K, reserved 17712K
}
Event: 15.642 GC heap before
{Heap before GC invocations=16 (full 3):
 PSYoungGen      total 239872K, used 4623K [0x91f80000, 0xa6b00000, 0xa7000000)
  eden space 235008K, 0% used [0x91f80000,0x91f80000,0xa0500000)
  from space 4864K, 95% used [0xa0500000,0xa0983e70,0xa09c0000)
  to   space 52224K, 0% used [0xa3800000,0xa3800000,0xa6b00000)
 ParOldGen       total 140800K, used 88404K [0x67e00000, 0x70780000, 0x91f80000)
  object space 140800K, 62% used [0x67e00000,0x6d455108,0x70780000)
 Metaspace       used 16971K, capacity 17007K, committed 17048K, reserved 17712K
Event: 15.687 GC heap after
Heap after GC invocations=16 (full 3):
 PSYoungGen      total 239872K, used 0K [0x91f80000, 0xa6b00000, 0xa7000000)
  eden space 235008K, 0% used [0x91f80000,0x91f80000,0xa0500000)
  from space 4864K, 0% used [0xa0500000,0xa0500000,0xa09c0000)
  to   space 52224K, 0% used [0xa3800000,0xa3800000,0xa6b00000)
 ParOldGen       total 83200K, used 25138K [0x67e00000, 0x6cf40000, 0x91f80000)
  object space 83200K, 30% used [0x67e00000,0x6968cba0,0x6cf40000)
 Metaspace       used 16971K, capacity 17007K, committed 17048K, reserved 17712K
}
Event: 19.638 GC heap before
{Heap before GC invocations=17 (full 3):
 PSYoungGen      total 239872K, used 172976K [0x91f80000, 0xa6b00000, 0xa7000000)
  eden space 235008K, 73% used [0x91f80000,0x9c86c3b0,0xa0500000)
  from space 4864K, 0% used [0xa0500000,0xa0500000,0xa09c0000)
  to   space 52224K, 0% used [0xa3800000,0xa3800000,0xa6b00000)
 ParOldGen       total 83200K, used 25138K [0x67e00000, 0x6cf40000, 0x91f80000)
  object space 83200K, 30% used [0x67e00000,0x6968cba0,0x6cf40000)
 Metaspace       used 28202K, capacity 28241K, committed 28348K, reserved 28976K
Event: 19.797 GC heap after
Heap after GC invocations=17 (full 3):
 PSYoungGen      total 272384K, used 52211K [0x91f80000, 0xa7000000, 0xa7000000)
  eden space 220160K, 0% used [0x91f80000,0x91f80000,0x9f680000)
  from space 52224K, 99% used [0xa3800000,0xa6afcdf0,0xa6b00000)
  to   space 62208K, 0% used [0x9f680000,0x9f680000,0xa3340000)
 ParOldGen       total 83200K, used 25322K [0x67e00000, 0x6cf40000, 0x91f80000)
  object space 83200K, 30% used [0x67e00000,0x696ba8a0,0x6cf40000)
 Metaspace       used 28202K, capacity 28241K, committed 28348K, reserved 28976K
}
Event: 19.797 GC heap before
{Heap before GC invocations=18 (full 4):
 PSYoungGen      total 272384K, used 52211K [0x91f80000, 0xa7000000, 0xa7000000)
  eden space 220160K, 0% used [0x91f80000,0x91f80000,0x9f680000)
  from space 52224K, 99% used [0xa3800000,0xa6afcdf0,0xa6b00000)
  to   space 62208K, 0% used [0x9f680000,0x9f680000,0xa3340000)
 ParOldGen       total 83200K, used 25322K [0x67e00000, 0x6cf40000, 0x91f80000)
  object space 83200K, 30% used [0x67e00000,0x696ba8a0,0x6cf40000)
 Metaspace       used 28202K, capacity 28241K, committed 28348K, reserved 28976K

Deoptimization events (10 events):
Event: 19.353 Thread 0x64188800 Uncommon trap: reason=bimorphic action=maybe_recompile pc=0xa8290abc method=scala.collection.TraversableLike$$anonfun$flatMap$1.apply(Ljava/lang/Object;)Lscala/collection/mutable/Builder; @ 17
Event: 19.394 Thread 0x64188800 Uncommon trap: reason=bimorphic action=maybe_recompile pc=0xa7cc19d0 method=scala.reflect.internal.Symbols$Symbol.effectiveOwner()Lscala/reflect/internal/Symbols$Symbol; @ 4
Event: 19.396 Thread 0x64188800 Uncommon trap: reason=bimorphic action=maybe_recompile pc=0xa7cc19d0 method=scala.reflect.internal.Symbols$Symbol.effectiveOwner()Lscala/reflect/internal/Symbols$Symbol; @ 4
Event: 19.396 Thread 0x64188800 Uncommon trap: reason=bimorphic action=maybe_recompile pc=0xa7cc19d0 method=scala.reflect.internal.Symbols$Symbol.effectiveOwner()Lscala/reflect/internal/Symbols$Symbol; @ 4
Event: 19.396 Thread 0x64188800 Uncommon trap: reason=bimorphic action=maybe_recompile pc=0xa7cc19d0 method=scala.reflect.internal.Symbols$Symbol.effectiveOwner()Lscala/reflect/internal/Symbols$Symbol; @ 4
Event: 19.403 Thread 0x64188800 Uncommon trap: reason=class_check action=maybe_recompile pc=0xa7d0971c method=scala.reflect.internal.Symbols$Symbol.rawInfo()Lscala/reflect/internal/Types$Type; @ 147
Event: 19.421 Thread 0x64188800 Uncommon trap: reason=class_check action=maybe_recompile pc=0xa7d0971c method=scala.reflect.internal.Symbols$Symbol.rawInfo()Lscala/reflect/internal/Types$Type; @ 147
Event: 19.421 Thread 0x64188800 Uncommon trap: reason=class_check action=maybe_recompile pc=0xa7d0971c method=scala.reflect.internal.Symbols$Symbol.rawInfo()Lscala/reflect/internal/Types$Type; @ 147
Event: 19.421 Thread 0x64188800 Uncommon trap: reason=class_check action=maybe_recompile pc=0xa7d0971c method=scala.reflect.internal.Symbols$Symbol.rawInfo()Lscala/reflect/internal/Types$Type; @ 147
Event: 19.421 Thread 0x64188800 Uncommon trap: reason=class_check action=maybe_recompile pc=0xa7d0971c method=scala.reflect.internal.Symbols$Symbol.rawInfo()Lscala/reflect/internal/Types$Type; @ 147

Internal exceptions (10 events):
Event: 15.002 Thread 0x64188800 Exception <a 'java/security/PrivilegedActionException'> (0x9563c468) thrown at [/HUDSON/workspace/8-2-build-linux-i586/jdk8u11/648/hotspot/src/share/vm/prims/jvm.cpp, line 1248]
Event: 15.002 Thread 0x64188800 Exception <a 'java/security/PrivilegedActionException'> (0x9563ce70) thrown at [/HUDSON/workspace/8-2-build-linux-i586/jdk8u11/648/hotspot/src/share/vm/prims/jvm.cpp, line 1248]
Event: 15.002 Thread 0x64188800 Exception <a 'java/security/PrivilegedActionException'> (0x9563d908) thrown at [/HUDSON/workspace/8-2-build-linux-i586/jdk8u11/648/hotspot/src/share/vm/prims/jvm.cpp, line 1248]
Event: 15.003 Thread 0x64188800 Exception <a 'java/security/PrivilegedActionException'> (0x9563f718) thrown at [/HUDSON/workspace/8-2-build-linux-i586/jdk8u11/648/hotspot/src/share/vm/prims/jvm.cpp, line 1248]
Event: 15.003 Thread 0x64188800 Exception <a 'java/security/PrivilegedActionException'> (0x956403a8) thrown at [/HUDSON/workspace/8-2-build-linux-i586/jdk8u11/648/hotspot/src/share/vm/prims/jvm.cpp, line 1248]
Event: 15.003 Thread 0x64188800 Exception <a 'java/security/PrivilegedActionException'> (0x95640ea8) thrown at [/HUDSON/workspace/8-2-build-linux-i586/jdk8u11/648/hotspot/src/share/vm/prims/jvm.cpp, line 1248]
Event: 15.003 Thread 0x64188800 Exception <a 'java/security/PrivilegedActionException'> (0x95642878) thrown at [/HUDSON/workspace/8-2-build-linux-i586/jdk8u11/648/hotspot/src/share/vm/prims/jvm.cpp, line 1248]
Event: 15.003 Thread 0x64188800 Exception <a 'java/security/PrivilegedActionException'> (0x956434d8) thrown at [/HUDSON/workspace/8-2-build-linux-i586/jdk8u11/648/hotspot/src/share/vm/prims/jvm.cpp, line 1248]
Event: 15.003 Thread 0x64188800 Exception <a 'java/security/PrivilegedActionException'> (0x95643fd8) thrown at [/HUDSON/workspace/8-2-build-linux-i586/jdk8u11/648/hotspot/src/share/vm/prims/jvm.cpp, line 1248]
Event: 18.026 Thread 0x64188800 Implicit null exception at 0xa7f6aa57 to 0xa7f6aaa6

Events (10 events):
Event: 19.421 Thread 0x64188800 Uncommon trap: trap_request=0xffffffde fr.pc=0xa7d0971c
Event: 19.421 Thread 0x64188800 DEOPT PACKING pc=0xa7d0971c sp=0x63ec53c0
Event: 19.421 Thread 0x64188800 DEOPT UNPACKING pc=0xa753abc6 sp=0x63ec53a4 mode 2
Event: 19.421 Thread 0x64188800 Uncommon trap: trap_request=0xffffffde fr.pc=0xa7d0971c
Event: 19.421 Thread 0x64188800 DEOPT PACKING pc=0xa7d0971c sp=0x63ec50c0
Event: 19.421 Thread 0x64188800 DEOPT UNPACKING pc=0xa753abc6 sp=0x63ec50a4 mode 2
Event: 19.421 Thread 0x64188800 Uncommon trap: trap_request=0xffffffde fr.pc=0xa7d0971c
Event: 19.421 Thread 0x64188800 DEOPT PACKING pc=0xa7d0971c sp=0x63ec52e0
Event: 19.421 Thread 0x64188800 DEOPT UNPACKING pc=0xa753abc6 sp=0x63ec52c4 mode 2
Event: 19.637 Executing VM operation: CollectForMetadataAllocation


Dynamic libraries:
08048000-08049000 r-xp 00000000 08:05 917426     /usr/lib/jvm/java-8-oracle/jre/bin/java
08049000-0804a000 rw-p 00000000 08:05 917426     /usr/lib/jvm/java-8-oracle/jre/bin/java
09df2000-0a567000 rw-p 00000000 00:00 0          [heap]
58700000-587ff000 rw-p 00000000 00:00 0 
587ff000-58800000 ---p 00000000 00:00 0 
58800000-588a9000 rw-p 00000000 00:00 0 
588a9000-58900000 ---p 00000000 00:00 0 
58900000-58969000 rw-p 00000000 00:00 0 
58969000-58a00000 ---p 00000000 00:00 0 
58a00000-58a41000 rw-p 00000000 00:00 0 
58a41000-58b00000 ---p 00000000 00:00 0 
58b00000-58be2000 rw-p 00000000 00:00 0 
58be2000-58c00000 ---p 00000000 00:00 0 
58c00000-58d00000 rw-p 00000000 00:00 0 
58d00000-58e00000 rw-p 00000000 00:00 0 
58e00000-58fc6000 rw-p 00000000 00:00 0 
58fc6000-59000000 ---p 00000000 00:00 0 
59000000-590f9000 rw-p 00000000 00:00 0 
590f9000-59100000 ---p 00000000 00:00 0 
59100000-59200000 rw-p 00000000 00:00 0 
59200000-59300000 rw-p 00000000 00:00 0 
59300000-593ff000 rw-p 00000000 00:00 0 
593ff000-59400000 ---p 00000000 00:00 0 
59400000-59500000 rw-p 00000000 00:00 0 
59500000-595ff000 rw-p 00000000 00:00 0 
595ff000-59600000 ---p 00000000 00:00 0 
59600000-596ff000 rw-p 00000000 00:00 0 
596ff000-59700000 ---p 00000000 00:00 0 
59700000-597ff000 rw-p 00000000 00:00 0 
597ff000-59800000 ---p 00000000 00:00 0 
59800000-59900000 rw-p 00000000 00:00 0 
59900000-599f8000 rw-p 00000000 00:00 0 
599f8000-59a00000 ---p 00000000 00:00 0 
59a00000-59b00000 rw-p 00000000 00:00 0 
59b00000-59c00000 rw-p 00000000 00:00 0 
59c00000-59d00000 rw-p 00000000 00:00 0 
59d00000-59dff000 rw-p 00000000 00:00 0 
59dff000-59e00000 ---p 00000000 00:00 0 
59e00000-59f00000 rw-p 00000000 00:00 0 
59f00000-59fff000 rw-p 00000000 00:00 0 
59fff000-5a000000 ---p 00000000 00:00 0 
5a000000-5a100000 rw-p 00000000 00:00 0 
5a100000-5a1ff000 rw-p 00000000 00:00 0 
5a1ff000-5a200000 ---p 00000000 00:00 0 
5a25a000-5a35a000 rw-p 00000000 00:00 0 
5a35a000-5a400000 r--s 010bc000 08:05 917605     /usr/lib/jvm/java-8-oracle/jre/lib/ext/jfxrt.jar
5a400000-5a4ff000 rw-p 00000000 00:00 0 
5a4ff000-5a500000 ---p 00000000 00:00 0 
5a500000-5a600000 rw-p 00000000 00:00 0 
5a600000-5a6ed000 rw-p 00000000 00:00 0 
5a6ed000-5a700000 ---p 00000000 00:00 0 
5a700000-5a7fe000 rw-p 00000000 00:00 0 
5a7fe000-5a800000 ---p 00000000 00:00 0 
5a800000-5a900000 rw-p 00000000 00:00 0 
5a900000-5a9fc000 rw-p 00000000 00:00 0 
5a9fc000-5aa00000 ---p 00000000 00:00 0 
5aa00000-5aaf9000 rw-p 00000000 00:00 0 
5aaf9000-5ab00000 ---p 00000000 00:00 0 
5ab00000-5ac00000 rw-p 00000000 00:00 0 
5ac00000-5acff000 rw-p 00000000 00:00 0 
5acff000-5ad00000 ---p 00000000 00:00 0 
5ad00000-5ae00000 rw-p 00000000 00:00 0 
5ae00000-5aeff000 rw-p 00000000 00:00 0 
5aeff000-5af00000 ---p 00000000 00:00 0 
5af00000-5b000000 rw-p 00000000 00:00 0 
5b000000-5b0a1000 rw-p 00000000 00:00 0 
5b0a1000-5b100000 ---p 00000000 00:00 0 
5b100000-5b1ff000 rw-p 00000000 00:00 0 
5b1ff000-5b200000 ---p 00000000 00:00 0 
5b200000-5b300000 rw-p 00000000 00:00 0 
5b300000-5b3ff000 rw-p 00000000 00:00 0 
5b3ff000-5b400000 ---p 00000000 00:00 0 
5b400000-5b500000 rw-p 00000000 00:00 0 
5b500000-5b600000 rw-p 00000000 00:00 0 
5b600000-5b6fc000 rw-p 00000000 00:00 0 
5b6fc000-5b700000 ---p 00000000 00:00 0 
5b700000-5b800000 rw-p 00000000 00:00 0 
5b800000-5b8ff000 rw-p 00000000 00:00 0 
5b8ff000-5b900000 ---p 00000000 00:00 0 
5b900000-5b9f7000 rw-p 00000000 00:00 0 
5b9f7000-5ba00000 ---p 00000000 00:00 0 
5ba00000-5baff000 rw-p 00000000 00:00 0 
5baff000-5bb00000 ---p 00000000 00:00 0 
5bb00000-5bc00000 rw-p 00000000 00:00 0 
5bc00000-5bd00000 rw-p 00000000 00:00 0 
5bd00000-5bdff000 rw-p 00000000 00:00 0 
5bdff000-5be00000 ---p 00000000 00:00 0 
5be00000-5bf00000 rw-p 00000000 00:00 0 
5bf00000-5c000000 rw-p 00000000 00:00 0 
5c000000-5c100000 rw-p 00000000 00:00 0 
5c100000-5c200000 rw-p 00000000 00:00 0 
5c200000-5c2ff000 rw-p 00000000 00:00 0 
5c2ff000-5c300000 ---p 00000000 00:00 0 
5c300000-5c3f8000 rw-p 00000000 00:00 0 
5c3f8000-5c400000 ---p 00000000 00:00 0 
5c400000-5c500000 rw-p 00000000 00:00 0 
5c500000-5c600000 rw-p 00000000 00:00 0 
5c600000-5c700000 rw-p 00000000 00:00 0 
5c700000-5c7ff000 rw-p 00000000 00:00 0 
5c7ff000-5c800000 ---p 00000000 00:00 0 
5c800000-5c8eb000 rw-p 00000000 00:00 0 
5c8eb000-5c900000 ---p 00000000 00:00 0 
5c900000-5ca00000 rw-p 00000000 00:00 0 
5ca00000-5caff000 rw-p 00000000 00:00 0 
5caff000-5cb00000 ---p 00000000 00:00 0 
5cb00000-5cc00000 rw-p 00000000 00:00 0 
5cc00000-5ccf9000 rw-p 00000000 00:00 0 
5ccf9000-5cd00000 ---p 00000000 00:00 0 
5cd00000-5ce00000 rw-p 00000000 00:00 0 
5ce00000-5cef8000 rw-p 00000000 00:00 0 
5cef8000-5cf00000 ---p 00000000 00:00 0 
5cf00000-5cfff000 rw-p 00000000 00:00 0 
5cfff000-5d000000 ---p 00000000 00:00 0 
5d000000-5d100000 rw-p 00000000 00:00 0 
5d100000-5d1ff000 rw-p 00000000 00:00 0 
5d1ff000-5d200000 ---p 00000000 00:00 0 
5d200000-5d300000 rw-p 00000000 00:00 0 
5d300000-5d3ff000 rw-p 00000000 00:00 0 
5d3ff000-5d400000 ---p 00000000 00:00 0 
5d400000-5d4ff000 rw-p 00000000 00:00 0 
5d4ff000-5d500000 ---p 00000000 00:00 0 
5d500000-5d5f9000 rw-p 00000000 00:00 0 
5d5f9000-5d600000 ---p 00000000 00:00 0 
5d600000-5d6f8000 rw-p 00000000 00:00 0 
5d6f8000-5d700000 ---p 00000000 00:00 0 
5d700000-5d800000 rw-p 00000000 00:00 0 
5d800000-5d8ff000 rw-p 00000000 00:00 0 
5d8ff000-5d900000 ---p 00000000 00:00 0 
5d900000-5d9fd000 rw-p 00000000 00:00 0 
5d9fd000-5da00000 ---p 00000000 00:00 0 
5da00000-5daff000 rw-p 00000000 00:00 0 
5daff000-5db00000 ---p 00000000 00:00 0 
5db00000-5dc00000 rw-p 00000000 00:00 0 
5dc00000-5dcff000 rw-p 00000000 00:00 0 
5dcff000-5dd00000 ---p 00000000 00:00 0 
5dd00000-5de00000 rw-p 00000000 00:00 0 
5de00000-5df00000 rw-p 00000000 00:00 0 
5df00000-5e000000 rw-p 00000000 00:00 0 
5e000000-5e0fa000 rw-p 00000000 00:00 0 
5e0fa000-5e100000 ---p 00000000 00:00 0 
5e100000-5e1ff000 rw-p 00000000 00:00 0 
5e1ff000-5e200000 ---p 00000000 00:00 0 
5e200000-5e2ea000 rw-p 00000000 00:00 0 
5e2ea000-5e300000 ---p 00000000 00:00 0 
5e300000-5e400000 rw-p 00000000 00:00 0 
5e400000-5e4ff000 rw-p 00000000 00:00 0 
5e4ff000-5e500000 ---p 00000000 00:00 0 
5e500000-5e5c6000 rw-p 00000000 00:00 0 
5e5c6000-5e600000 ---p 00000000 00:00 0 
5e600000-5e6fb000 rw-p 00000000 00:00 0 
5e6fb000-5e700000 ---p 00000000 00:00 0 
5e700000-5e800000 rw-p 00000000 00:00 0 
5e800000-5e8dc000 rw-p 00000000 00:00 0 
5e8dc000-5e900000 ---p 00000000 00:00 0 
5e900000-5ea00000 rw-p 00000000 00:00 0 
5ea00000-5eb00000 rw-p 00000000 00:00 0 
5eb00000-5ebf9000 rw-p 00000000 00:00 0 
5ebf9000-5ec00000 ---p 00000000 00:00 0 
5ec00000-5ed00000 rw-p 00000000 00:00 0 
5ed00000-5edf0000 rw-p 00000000 00:00 0 
5edf0000-5ee00000 ---p 00000000 00:00 0 
5ee00000-5eeff000 rw-p 00000000 00:00 0 
5eeff000-5ef00000 ---p 00000000 00:00 0 
5ef00000-5f000000 rw-p 00000000 00:00 0 
5f000000-5f0ff000 rw-p 00000000 00:00 0 
5f0ff000-5f100000 ---p 00000000 00:00 0 
5f100000-5f200000 rw-p 00000000 00:00 0 
5f200000-5f2ee000 rw-p 00000000 00:00 0 
5f2ee000-5f300000 ---p 00000000 00:00 0 
5f300000-5f3dd000 rw-p 00000000 00:00 0 
5f3dd000-5f400000 ---p 00000000 00:00 0 
5f400000-5f500000 rw-p 00000000 00:00 0 
5f500000-5f5ff000 rw-p 00000000 00:00 0 
5f5ff000-5f600000 ---p 00000000 00:00 0 
5f600000-5f700000 rw-p 00000000 00:00 0 
5f700000-5f7c5000 rw-p 00000000 00:00 0 
5f7c5000-5f800000 ---p 00000000 00:00 0 
5f800000-5f900000 rw-p 00000000 00:00 0 
5f900000-5f9d9000 rw-p 00000000 00:00 0 
5f9d9000-5fa00000 ---p 00000000 00:00 0 
5fa00000-5faff000 rw-p 00000000 00:00 0 
5faff000-5fb00000 ---p 00000000 00:00 0 
5fb00000-5fbff000 rw-p 00000000 00:00 0 
5fbff000-5fc00000 ---p 00000000 00:00 0 
5fc00000-5fcfc000 rw-p 00000000 00:00 0 
5fcfc000-5fd00000 ---p 00000000 00:00 0 
5fd00000-5fe00000 rw-p 00000000 00:00 0 
5fe00000-5fe47000 rw-p 00000000 00:00 0 
5fe47000-5ff00000 ---p 00000000 00:00 0 
5ff00000-60000000 rw-p 00000000 00:00 0 
60000000-60100000 rw-p 00000000 00:00 0 
60100000-60200000 rw-p 00000000 00:00 0 
60200000-60300000 rw-p 00000000 00:00 0 
60300000-603fe000 rw-p 00000000 00:00 0 
603fe000-60400000 ---p 00000000 00:00 0 
60400000-604ff000 rw-p 00000000 00:00 0 
604ff000-60500000 ---p 00000000 00:00 0 
60500000-605ff000 rw-p 00000000 00:00 0 
605ff000-60600000 ---p 00000000 00:00 0 
60600000-60700000 rw-p 00000000 00:00 0 
60700000-607ff000 rw-p 00000000 00:00 0 
607ff000-60800000 ---p 00000000 00:00 0 
60800000-60900000 rw-p 00000000 00:00 0 
60900000-60a00000 rw-p 00000000 00:00 0 
60a00000-60af7000 rw-p 00000000 00:00 0 
60af7000-60b00000 ---p 00000000 00:00 0 
60b00000-60bc3000 rw-p 00000000 00:00 0 
60bc3000-60c00000 ---p 00000000 00:00 0 
60c00000-60cf8000 rw-p 00000000 00:00 0 
60cf8000-60d00000 ---p 00000000 00:00 0 
60d00000-60dff000 rw-p 00000000 00:00 0 
60dff000-60e00000 ---p 00000000 00:00 0 
60e00000-60f00000 rw-p 00000000 00:00 0 
60f00000-61000000 rw-p 00000000 00:00 0 
61000000-61100000 rw-p 00000000 00:00 0 
61100000-61200000 rw-p 00000000 00:00 0 
61200000-61300000 rw-p 00000000 00:00 0 
61300000-613ff000 rw-p 00000000 00:00 0 
613ff000-61400000 ---p 00000000 00:00 0 
61400000-61500000 rw-p 00000000 00:00 0 
61500000-615cc000 rw-p 00000000 00:00 0 
615cc000-61600000 ---p 00000000 00:00 0 
61600000-61700000 rw-p 00000000 00:00 0 
61700000-617f7000 rw-p 00000000 00:00 0 
617f7000-61800000 ---p 00000000 00:00 0 
61800000-61900000 rw-p 00000000 00:00 0 
61900000-619ff000 rw-p 00000000 00:00 0 
619ff000-61a00000 ---p 00000000 00:00 0 
61a00000-61b00000 rw-p 00000000 00:00 0 
61b00000-61bff000 rw-p 00000000 00:00 0 
61bff000-61c00000 ---p 00000000 00:00 0 
61c00000-61d00000 rw-p 00000000 00:00 0 
61d00000-61dff000 rw-p 00000000 00:00 0 
61dff000-61e00000 ---p 00000000 00:00 0 
61e00000-61f00000 rw-p 00000000 00:00 0 
61f00000-61ff1000 rw-p 00000000 00:00 0 
61ff1000-62000000 ---p 00000000 00:00 0 
62000000-62100000 rw-p 00000000 00:00 0 
62100000-621fb000 rw-p 00000000 00:00 0 
621fb000-62200000 ---p 00000000 00:00 0 
62200000-622fb000 rw-p 00000000 00:00 0 
622fb000-62300000 ---p 00000000 00:00 0 
62300000-623db000 rw-p 00000000 00:00 0 
623db000-62400000 ---p 00000000 00:00 0 
62400000-62500000 rw-p 00000000 00:00 0 
62500000-625ff000 rw-p 00000000 00:00 0 
625ff000-62600000 ---p 00000000 00:00 0 
62600000-62700000 rw-p 00000000 00:00 0 
62700000-627f8000 rw-p 00000000 00:00 0 
627f8000-62800000 ---p 00000000 00:00 0 
62800000-628e5000 rw-p 00000000 00:00 0 
628e5000-62900000 ---p 00000000 00:00 0 
62900000-629ff000 rw-p 00000000 00:00 0 
629ff000-62a00000 ---p 00000000 00:00 0 
62a00000-62ade000 rw-p 00000000 00:00 0 
62ade000-62b00000 ---p 00000000 00:00 0 
62b00000-62bf7000 rw-p 00000000 00:00 0 
62bf7000-62c00000 ---p 00000000 00:00 0 
62c00000-62d00000 rw-p 00000000 00:00 0 
62d00000-62dff000 rw-p 00000000 00:00 0 
62dff000-62e00000 ---p 00000000 00:00 0 
62e00000-62f00000 rw-p 00000000 00:00 0 
62f00000-63000000 rw-p 00000000 00:00 0 
63000000-630fe000 rw-p 00000000 00:00 0 
630fe000-63100000 ---p 00000000 00:00 0 
63100000-631ff000 rw-p 00000000 00:00 0 
631ff000-63200000 ---p 00000000 00:00 0 
63200000-63300000 rw-p 00000000 00:00 0 
63300000-633ff000 rw-p 00000000 00:00 0 
633ff000-63400000 ---p 00000000 00:00 0 
63423000-63426000 ---p 00000000 00:00 0 
63426000-63474000 rw-p 00000000 00:00 0          [stack:14689]
63474000-63477000 ---p 00000000 00:00 0 
63477000-634c5000 rw-p 00000000 00:00 0          [stack:14455]
634c5000-63510000 r--s 003ed000 08:05 415945     /home/nik/hello-world-app/target/webapp/WEB-INF/lib/scala-reflect-2.11.0.jar
63510000-63600000 r--s 00c16000 08:05 415944     /home/nik/hello-world-app/target/webapp/WEB-INF/lib/scala-compiler-2.11.0.jar
63600000-636fd000 rw-p 00000000 00:00 0 
636fd000-63700000 ---p 00000000 00:00 0 
63700000-63800000 rw-p 00000000 00:00 0 
63800000-638e7000 rw-p 00000000 00:00 0 
638e7000-63900000 ---p 00000000 00:00 0 
63900000-639ff000 rw-p 00000000 00:00 0 
639ff000-63a00000 ---p 00000000 00:00 0 
63a00000-63af9000 rw-p 00000000 00:00 0 
63af9000-63b00000 ---p 00000000 00:00 0 
63b00000-63bff000 rw-p 00000000 00:00 0 
63bff000-63c00000 ---p 00000000 00:00 0 
63c00000-63d00000 rw-p 00000000 00:00 0 
63d09000-63d1f000 r--s 0016c000 08:05 917608     /usr/lib/jvm/java-8-oracle/jre/lib/ext/nashorn.jar
63d1f000-63d78000 r--s 00522000 08:05 415930     /home/nik/hello-world-app/target/webapp/WEB-INF/lib/scala-library-2.11.8.jar
63d78000-63e78000 rw-p 00000000 00:00 0 
63e78000-63e7b000 ---p 00000000 00:00 0 
63e7b000-63ec9000 rw-p 00000000 00:00 0          [stack:14366]
63ec9000-63ecc000 ---p 00000000 00:00 0 
63ecc000-63f1a000 rw-p 00000000 00:00 0          [stack:14365]
63f1a000-63f1d000 ---p 00000000 00:00 0 
63f1d000-63f6b000 rw-p 00000000 00:00 0          [stack:14364]
63f6b000-63f6e000 ---p 00000000 00:00 0 
63f6e000-63fbc000 rw-p 00000000 00:00 0          [stack:14363]
63fbc000-63fbf000 ---p 00000000 00:00 0 
63fbf000-6400d000 rw-p 00000000 00:00 0          [stack:14362]
6400d000-64010000 ---p 00000000 00:00 0 
64010000-6405e000 rw-p 00000000 00:00 0          [stack:14361]
6405e000-64061000 ---p 00000000 00:00 0 
64061000-640af000 rw-p 00000000 00:00 0          [stack:14360]
640af000-640b2000 ---p 00000000 00:00 0 
640b2000-64100000 rw-p 00000000 00:00 0          [stack:14359]
64100000-641fe000 rw-p 00000000 00:00 0 
641fe000-64200000 ---p 00000000 00:00 0 
64203000-64208000 r--s 0003f000 08:05 917610     /usr/lib/jvm/java-8-oracle/jre/lib/ext/sunjce_provider.jar
64208000-6420d000 r--s 00078000 08:05 917479     /usr/lib/jvm/java-8-oracle/jre/lib/jfr.jar
6420d000-64213000 r--s 002f7000 08:05 917454     /usr/lib/jvm/java-8-oracle/jre/lib/charsets.jar
64213000-64226000 r--s 00346000 08:05 917490     /usr/lib/jvm/java-8-oracle/jre/lib/resources.jar
64226000-6423a000 r-xp 00000000 08:05 917666     /usr/lib/jvm/java-8-oracle/jre/lib/i386/libnet.so
6423a000-6423b000 rw-p 00014000 08:05 917666     /usr/lib/jvm/java-8-oracle/jre/lib/i386/libnet.so
6423b000-6427d000 r--s 004bc000 08:05 415855     /home/nik/.ivy2/cache/org.eclipse.jetty/jetty-runner/jars/jetty-runner-9.2.1.v20140609.jar
6427d000-6427e000 ---p 00000000 00:00 0 
6427e000-642fe000 rw-p 00000000 00:00 0          [stack:14344]
642fe000-64301000 ---p 00000000 00:00 0 
64301000-6437f000 rw-p 00000000 00:00 0          [stack:14342]
6437f000-64382000 ---p 00000000 00:00 0 
64382000-64400000 rw-p 00000000 00:00 0          [stack:14341]
64400000-64600000 r--p 00000000 08:05 796210     /usr/lib/locale/locale-archive
64600000-64700000 rw-p 00000000 00:00 0 
64700000-64704000 r--s 00039000 08:05 917611     /usr/lib/jvm/java-8-oracle/jre/lib/ext/sunpkcs11.jar
64704000-64713000 r-xp 00000000 08:05 917667     /usr/lib/jvm/java-8-oracle/jre/lib/i386/libnio.so
64713000-64714000 rw-p 0000e000 08:05 917667     /usr/lib/jvm/java-8-oracle/jre/lib/i386/libnio.so
64714000-6471e000 r--s 0009a000 08:05 415940     /home/nik/hello-world-app/target/webapp/WEB-INF/lib/scala-xml_2.11-1.0.5.jar
6471e000-6472e000 r--s 00089000 08:05 415937     /home/nik/hello-world-app/target/webapp/WEB-INF/lib/joda-time-2.9.1.jar
6472e000-64731000 ---p 00000000 00:00 0 
64731000-6477f000 rw-p 00000000 00:00 0          [stack:14343]
6477f000-64782000 ---p 00000000 00:00 0 
64782000-64800000 rw-p 00000000 00:00 0          [stack:14340]
64800000-648fa000 rw-p 00000000 00:00 0 
648fa000-64900000 ---p 00000000 00:00 0 
64901000-64902000 r--s 00010000 08:05 917612     /usr/lib/jvm/java-8-oracle/jre/lib/ext/zipfs.jar
64902000-6492e000 r--s 001b5000 08:05 415942     /home/nik/hello-world-app/target/webapp/WEB-INF/lib/scalate-core_2.11-1.7.1.jar
6492e000-64931000 ---p 00000000 00:00 0 
64931000-6497f000 rw-p 00000000 00:00 0          [stack:14339]
6497f000-64980000 ---p 00000000 00:00 0 
64980000-64a00000 rw-p 00000000 00:00 0          [stack:14332]
64a00000-64b00000 rw-p 00000000 00:00 0 
64b00000-64b02000 r--s 00001000 08:05 917604     /usr/lib/jvm/java-8-oracle/jre/lib/ext/dnsns.jar
64b02000-64b05000 r--s 00019000 08:05 917477     /usr/lib/jvm/java-8-oracle/jre/lib/jce.jar
64b05000-64b0d000 r--s 00043000 08:05 415943     /home/nik/hello-world-app/target/webapp/WEB-INF/lib/scalate-util_2.11-1.7.1.jar
64b0d000-64b10000 ---p 00000000 00:00 0 
64b10000-64b5e000 rw-p 00000000 00:00 0          [stack:14334]
64b5e000-64d32000 r--s 03c50000 08:05 917491     /usr/lib/jvm/java-8-oracle/jre/lib/rt.jar
64d32000-65178000 rw-p 00000000 00:00 0 
65178000-6517e000 ---p 00000000 00:00 0 
6517e000-67500000 rw-p 00000000 00:00 0 
67500000-675fc000 rw-p 00000000 00:00 0 
675fc000-67600000 ---p 00000000 00:00 0 
67600000-67601000 r--s 00009000 08:05 917609     /usr/lib/jvm/java-8-oracle/jre/lib/ext/sunec.jar
67601000-67605000 r--s 00034000 08:05 415934     /home/nik/hello-world-app/target/webapp/WEB-INF/lib/rl_2.11-0.4.10.jar
67605000-67608000 ---p 00000000 00:00 0 
67608000-67700000 rw-p 00000000 00:00 0          [stack:14333]
67700000-67800000 rw-p 00000000 00:00 0 
67800000-678ff000 rw-p 00000000 00:00 0 
678ff000-67900000 ---p 00000000 00:00 0 
67900000-67a00000 rw-p 00000000 00:00 0 
67a00000-67a02000 r--s 0000c000 08:05 415941     /home/nik/hello-world-app/target/webapp/WEB-INF/lib/scalatra-scalate_2.11-2.4.1.jar
67a02000-67a0d000 r--s 00065000 08:05 415947     /home/nik/hello-world-app/target/webapp/WEB-INF/lib/logback-core-1.1.5.jar
67a0d000-67a11000 r--s 00018000 08:05 415938     /home/nik/hello-world-app/target/webapp/WEB-INF/lib/joda-convert-1.8.1.jar
67a11000-67a29000 r--s 00125000 08:05 415931     /home/nik/hello-world-app/target/webapp/WEB-INF/lib/scalatra_2.11-2.4.1.jar
67a29000-67a34000 r--s 0005d000 08:05 415939     /home/nik/hello-world-app/target/webapp/WEB-INF/lib/scala-parser-combinators_2.11-1.0.4.jar
67a34000-67a35000 ---p 00000000 00:00 0 
67a35000-67ade000 rw-p 00000000 00:00 0          [stack:14331]
67ade000-67c06000 ---p 00000000 00:00 0 
67c06000-67c2f000 rw-p 00000000 00:00 0 
67c2f000-67d56000 ---p 00000000 00:00 0 
67d56000-67dff000 rw-p 00000000 00:00 0 
67dff000-6cf40000 rw-p 00000000 00:00 0 
6f578000-6f700000 rw-p 00000000 00:00 0 
6f700000-91f80000 ---p 00000000 00:00 0 
91f80000-a7000000 rw-p 00000000 00:00 0 
a7000000-a7001000 r--s 00009000 08:05 415948     /home/nik/hello-world-app/target/webapp/WEB-INF/lib/slf4j-api-1.7.16.jar
a7001000-a7003000 r--s 00009000 08:05 415929     /home/nik/hello-world-app/target/webapp/WEB-INF/lib/hello-world-app_2.11-0.1.0-SNAPSHOT.jar
a7003000-a7004000 r--s 00001000 08:05 415933     /home/nik/hello-world-app/target/webapp/WEB-INF/lib/grizzled-slf4j_2.11-1.0.2.jar
a7004000-a700a000 r--s 0003f000 08:05 415946     /home/nik/hello-world-app/target/webapp/WEB-INF/lib/logback-classic-1.1.5.jar
a700a000-a700f000 r--s 00092000 08:05 917481     /usr/lib/jvm/java-8-oracle/jre/lib/jsse.jar
a700f000-a702b000 r--s 00393000 08:05 917603     /usr/lib/jvm/java-8-oracle/jre/lib/ext/cldrdata.jar
a702b000-a7035000 r--s 0021b000 08:05 917606     /usr/lib/jvm/java-8-oracle/jre/lib/ext/localedata.jar
a7035000-a703d000 r-xp 00000000 08:05 917664     /usr/lib/jvm/java-8-oracle/jre/lib/i386/libmanagement.so
a703d000-a703e000 rw-p 00007000 08:05 917664     /usr/lib/jvm/java-8-oracle/jre/lib/i386/libmanagement.so
a703e000-a703f000 ---p 00000000 00:00 0 
a703f000-a70bf000 rw-p 00000000 00:00 0          [stack:14330]
a70bf000-a70c0000 ---p 00000000 00:00 0 
a70c0000-a717e000 rw-p 00000000 00:00 0          [stack:14329]
a717e000-a7500000 ---p 00000000 00:00 0 
a7500000-a8448000 rwxp 00000000 00:00 0 
a8448000-b6500000 ---p 00000000 00:00 0 
b6500000-b65f9000 rw-p 00000000 00:00 0 
b65f9000-b6600000 ---p 00000000 00:00 0 
b6600000-b6602000 r--s 0001c000 08:05 415936     /home/nik/hello-world-app/target/webapp/WEB-INF/lib/mime-util-2.1.3.jar
b6602000-b6603000 r--s 00005000 08:05 415932     /home/nik/hello-world-app/target/webapp/WEB-INF/lib/scalatra-common_2.11-2.4.1.jar
b6603000-b6604000 ---p 00000000 00:00 0 
b6604000-b6684000 rw-p 00000000 00:00 0          [stack:14328]
b6684000-b668f000 r-xp 00000000 08:05 524490     /lib/i386-linux-gnu/libnss_files-2.19.so
b668f000-b6690000 r--p 0000a000 08:05 524490     /lib/i386-linux-gnu/libnss_files-2.19.so
b6690000-b6691000 rw-p 0000b000 08:05 524490     /lib/i386-linux-gnu/libnss_files-2.19.so
b6691000-b669b000 r-xp 00000000 08:05 524500     /lib/i386-linux-gnu/libnss_nis-2.19.so
b669b000-b669c000 r--p 00009000 08:05 524500     /lib/i386-linux-gnu/libnss_nis-2.19.so
b669c000-b669d000 rw-p 0000a000 08:05 524500     /lib/i386-linux-gnu/libnss_nis-2.19.so
b669d000-b66b2000 r-xp 00000000 08:05 524484     /lib/i386-linux-gnu/libnsl-2.19.so
b66b2000-b66b3000 r--p 00015000 08:05 524484     /lib/i386-linux-gnu/libnsl-2.19.so
b66b3000-b66b4000 rw-p 00016000 08:05 524484     /lib/i386-linux-gnu/libnsl-2.19.so
b66b4000-b66b6000 rw-p 00000000 00:00 0 
b66b6000-b66b9000 r--s 00033000 08:05 415935     /home/nik/hello-world-app/target/webapp/WEB-INF/lib/juniversalchardet-1.0.3.jar
b66b9000-b66d1000 rw-p 00000000 00:00 0 
b66d1000-b66ea000 r-xp 00000000 08:05 917680     /usr/lib/jvm/java-8-oracle/jre/lib/i386/libzip.so
b66ea000-b66eb000 rw-p 00018000 08:05 917680     /usr/lib/jvm/java-8-oracle/jre/lib/i386/libzip.so
b66eb000-b66f3000 rw-s 00000000 08:05 1742149    /tmp/hsperfdata_nik/14318
b66f3000-b66fa000 r-xp 00000000 08:05 524543     /lib/i386-linux-gnu/librt-2.19.so
b66fa000-b66fb000 r--p 00006000 08:05 524543     /lib/i386-linux-gnu/librt-2.19.so
b66fb000-b66fc000 rw-p 00007000 08:05 524543     /lib/i386-linux-gnu/librt-2.19.so
b66fc000-b66ff000 ---p 00000000 00:00 0 
b66ff000-b674d000 rw-p 00000000 00:00 0          [stack:14327]
b674d000-b6791000 r-xp 00000000 08:05 524465     /lib/i386-linux-gnu/libm-2.19.so
b6791000-b6792000 r--p 00043000 08:05 524465     /lib/i386-linux-gnu/libm-2.19.so
b6792000-b6793000 rw-p 00044000 08:05 524465     /lib/i386-linux-gnu/libm-2.19.so
b6793000-b709b000 r-xp 00000000 08:05 917687     /usr/lib/jvm/java-8-oracle/jre/lib/i386/server/libjvm.so
b709b000-b7103000 rw-p 00908000 08:05 917687     /usr/lib/jvm/java-8-oracle/jre/lib/i386/server/libjvm.so
b7103000-b7527000 rw-p 00000000 00:00 0 
b7527000-b76d0000 r-xp 00000000 08:05 524415     /lib/i386-linux-gnu/libc-2.19.so
b76d0000-b76d2000 r--p 001a9000 08:05 524415     /lib/i386-linux-gnu/libc-2.19.so
b76d2000-b76d3000 rw-p 001ab000 08:05 524415     /lib/i386-linux-gnu/libc-2.19.so
b76d3000-b76d6000 rw-p 00000000 00:00 0 
b76d6000-b76d9000 r-xp 00000000 08:05 524432     /lib/i386-linux-gnu/libdl-2.19.so
b76d9000-b76da000 r--p 00002000 08:05 524432     /lib/i386-linux-gnu/libdl-2.19.so
b76da000-b76db000 rw-p 00003000 08:05 524432     /lib/i386-linux-gnu/libdl-2.19.so
b76db000-b76dc000 rw-p 00000000 00:00 0 
b76dc000-b76f0000 r-xp 00000000 08:05 917684     /usr/lib/jvm/java-8-oracle/jre/lib/i386/jli/libjli.so
b76f0000-b76f1000 rw-p 00013000 08:05 917684     /usr/lib/jvm/java-8-oracle/jre/lib/i386/jli/libjli.so
b76f1000-b7709000 r-xp 00000000 08:05 524535     /lib/i386-linux-gnu/libpthread-2.19.so
b7709000-b770a000 r--p 00017000 08:05 524535     /lib/i386-linux-gnu/libpthread-2.19.so
b770a000-b770b000 rw-p 00018000 08:05 524535     /lib/i386-linux-gnu/libpthread-2.19.so
b770b000-b770d000 rw-p 00000000 00:00 0 
b770d000-b770e000 r--p 00855000 08:05 796210     /usr/lib/locale/locale-archive
b770e000-b7715000 r-xp 00000000 08:05 524486     /lib/i386-linux-gnu/libnss_compat-2.19.so
b7715000-b7716000 r--p 00006000 08:05 524486     /lib/i386-linux-gnu/libnss_compat-2.19.so
b7716000-b7717000 rw-p 00007000 08:05 524486     /lib/i386-linux-gnu/libnss_compat-2.19.so
b7717000-b7718000 rw-p 00000000 00:00 0 
b7718000-b7719000 ---p 00000000 00:00 0 
b7719000-b773d000 r-xp 00000000 08:05 917645     /usr/lib/jvm/java-8-oracle/jre/lib/i386/libjava.so
b773d000-b773e000 rw-p 00023000 08:05 917645     /usr/lib/jvm/java-8-oracle/jre/lib/i386/libjava.so
b773e000-b7749000 r-xp 00000000 08:05 917679     /usr/lib/jvm/java-8-oracle/jre/lib/i386/libverify.so
b7749000-b774a000 rw-p 0000b000 08:05 917679     /usr/lib/jvm/java-8-oracle/jre/lib/i386/libverify.so
b774a000-b774c000 rw-p 00000000 00:00 0 
b774c000-b774d000 r-xp 00000000 00:00 0          [vdso]
b774d000-b776d000 r-xp 00000000 08:05 524389     /lib/i386-linux-gnu/ld-2.19.so
b776d000-b776e000 r--p 0001f000 08:05 524389     /lib/i386-linux-gnu/ld-2.19.so
b776e000-b776f000 rw-p 00020000 08:05 524389     /lib/i386-linux-gnu/ld-2.19.so
bfe90000-bfe91000 rwxp 00000000 00:00 0 
bfec2000-bfee4000 rw-p 00000000 00:00 0          [stack]

VM Arguments:
java_command: org.eclipse.jetty.runner.Runner /home/nik/hello-world-app/target/webapp
java_class_path (initial): /home/nik/.ivy2/cache/org.eclipse.jetty/jetty-runner/jars/jetty-runner-9.2.1.v20140609.jar
Launcher Type: SUN_STANDARD

Environment Variables:
JAVA_HOME=/usr/lib/jvm/java-8-oracle
PATH=/home/nik/.conscript/bin:/home/nik/.composer/vendor/bin:/home/nik/.composer/vendor/bin:/usr/local/sbin:/usr/local/bin:/usr/sbin:/usr/bin:/sbin:/bin:/usr/games:/usr/local/games:/usr/lib/jvm/java-8-oracle/bin:/usr/lib/jvm/java-8-oracle/db/bin:/usr/lib/jvm/java-8-oracle/jre/bin:/home/nik/bin
SHELL=/bin/bash
DISPLAY=:0

Signal Handlers:
SIGSEGV: [libjvm.so+0x863250], sa_mask[0]=0x7ffbfeff, sa_flags=0x10000004
SIGBUS: [libjvm.so+0x863250], sa_mask[0]=0x7ffbfeff, sa_flags=0x10000004
SIGFPE: [libjvm.so+0x6ef2b0], sa_mask[0]=0x7ffbfeff, sa_flags=0x10000004
SIGPIPE: [libjvm.so+0x6ef2b0], sa_mask[0]=0x7ffbfeff, sa_flags=0x10000004
SIGXFSZ: [libjvm.so+0x6ef2b0], sa_mask[0]=0x7ffbfeff, sa_flags=0x10000004
SIGILL: [libjvm.so+0x6ef2b0], sa_mask[0]=0x7ffbfeff, sa_flags=0x10000004
SIGUSR1: SIG_DFL, sa_mask[0]=0x00000000, sa_flags=0x00000000
SIGUSR2: [libjvm.so+0x6f09c0], sa_mask[0]=0x00000004, sa_flags=0x10000004
SIGHUP: [libjvm.so+0x6f1dd0], sa_mask[0]=0x7ffbfeff, sa_flags=0x10000004
SIGINT: [libjvm.so+0x6f1dd0], sa_mask[0]=0x7ffbfeff, sa_flags=0x10000004
SIGTERM: [libjvm.so+0x6f1dd0], sa_mask[0]=0x7ffbfeff, sa_flags=0x10000004
SIGQUIT: [libjvm.so+0x6f1dd0], sa_mask[0]=0x7ffbfeff, sa_flags=0x10000004


---------------  S Y S T E M  ---------------

OS:DISTRIB_ID=Ubuntu
DISTRIB_RELEASE=14.04
DISTRIB_CODENAME=trusty
DISTRIB_DESCRIPTION="Ubuntu 14.04 LTS"

uname:Linux 3.13.0-32-generic #57-Ubuntu SMP Tue Jul 15 03:51:12 UTC 2014 i686
libc:glibc 2.19 NPTL 2.19 
rlimit: STACK 8192k, CORE 0k, NPROC 32056, NOFILE 4096, AS infinity
load average:2.37 1.16 0.67

/proc/meminfo:
MemTotal:        4130192 kB
MemFree:          234616 kB
Buffers:             304 kB
Cached:           121068 kB
SwapCached:            0 kB
Active:          3517900 kB
Inactive:         106972 kB
Active(anon):    3505216 kB
Inactive(anon):    70396 kB
Active(file):      12684 kB
Inactive(file):    36576 kB
Unevictable:         232 kB
Mlocked:             232 kB
HighTotal:       3279432 kB
HighFree:          57860 kB
LowTotal:         850760 kB
LowFree:          176756 kB
SwapTotal:             0 kB
SwapFree:              0 kB
Dirty:               148 kB
Writeback:             0 kB
AnonPages:       3504252 kB
Mapped:            98364 kB
Shmem:             71592 kB
Slab:              40132 kB
SReclaimable:      16832 kB
SUnreclaim:        23300 kB
KernelStack:        4944 kB
PageTables:        20204 kB
NFS_Unstable:          0 kB
Bounce:              280 kB
WritebackTmp:          0 kB
CommitLimit:     2065096 kB
Committed_AS:    9510768 kB
VmallocTotal:     122880 kB
VmallocUsed:       64744 kB
VmallocChunk:      23696 kB
HardwareCorrupted:     0 kB
AnonHugePages:   2215936 kB
HugePages_Total:       0
HugePages_Free:        0
HugePages_Rsvd:        0
HugePages_Surp:        0
Hugepagesize:       2048 kB
DirectMap4k:       67576 kB
DirectMap2M:      845824 kB


CPU:total 4 (4 cores per cpu, 1 threads per core) family 16 model 4 stepping 3, cmov, cx8, fxsr, mmx, sse, sse2, sse3, popcnt, mmxext, 3dnowpref, lzcnt, sse4a, tsc, tscinvbit

/proc/cpuinfo:
processor	: 0
vendor_id	: AuthenticAMD
cpu family	: 16
model		: 4
model name	: AMD Phenom(tm) II X4 945 Processor
stepping	: 3
microcode	: 0x10000c8
cpu MHz		: 3000.056
cache size	: 512 KB
physical id	: 0
siblings	: 4
core id		: 0
cpu cores	: 4
apicid		: 0
initial apicid	: 0
fdiv_bug	: no
f00f_bug	: no
coma_bug	: no
fpu		: yes
fpu_exception	: yes
cpuid level	: 5
wp		: yes
flags		: fpu vme de pse tsc msr pae mce cx8 apic sep mtrr pge mca cmov pat pse36 clflush mmx fxsr sse sse2 ht syscall nx mmxext fxsr_opt pdpe1gb rdtscp lm 3dnowext 3dnow constant_tsc nonstop_tsc extd_apicid pni monitor cx16 popcnt lahf_lm cmp_legacy svm extapic cr8_legacy abm sse4a misalignsse 3dnowprefetch osvw ibs skinit wdt nodeid_msr hw_pstate npt lbrv svm_lock nrip_save
bogomips	: 6000.11
clflush size	: 64
cache_alignment	: 64
address sizes	: 48 bits physical, 48 bits virtual
power management: ts ttp tm stc 100mhzsteps hwpstate

processor	: 1
vendor_id	: AuthenticAMD
cpu family	: 16
model		: 4
model name	: AMD Phenom(tm) II X4 945 Processor
stepping	: 3
microcode	: 0x10000c8
cpu MHz		: 3000.056
cache size	: 512 KB
physical id	: 0
siblings	: 4
core id		: 1
cpu cores	: 4
apicid		: 1
initial apicid	: 1
fdiv_bug	: no
f00f_bug	: no
coma_bug	: no
fpu		: yes
fpu_exception	: yes
cpuid level	: 5
wp		: yes
flags		: fpu vme de pse tsc msr pae mce cx8 apic sep mtrr pge mca cmov pat pse36 clflush mmx fxsr sse sse2 ht syscall nx mmxext fxsr_opt pdpe1gb rdtscp lm 3dnowext 3dnow constant_tsc nonstop_tsc extd_apicid pni monitor cx16 popcnt lahf_lm cmp_legacy svm extapic cr8_legacy abm sse4a misalignsse 3dnowprefetch osvw ibs skinit wdt nodeid_msr hw_pstate npt lbrv svm_lock nrip_save
bogomips	: 6000.11
clflush size	: 64
cache_alignment	: 64
address sizes	: 48 bits physical, 48 bits virtual
power management: ts ttp tm stc 100mhzsteps hwpstate

processor	: 2
vendor_id	: AuthenticAMD
cpu family	: 16
model		: 4
model name	: AMD Phenom(tm) II X4 945 Processor
stepping	: 3
microcode	: 0x10000c8
cpu MHz		: 3000.056
cache size	: 512 KB
physical id	: 0
siblings	: 4
core id		: 2
cpu cores	: 4
apicid		: 2
initial apicid	: 2
fdiv_bug	: no
f00f_bug	: no
coma_bug	: no
fpu		: yes
fpu_exception	: yes
cpuid level	: 5
wp		: yes
flags		: fpu vme de pse tsc msr pae mce cx8 apic sep mtrr pge mca cmov pat pse36 clflush mmx fxsr sse sse2 ht syscall nx mmxext fxsr_opt pdpe1gb rdtscp lm 3dnowext 3dnow constant_tsc nonstop_tsc extd_apicid pni monitor cx16 popcnt lahf_lm cmp_legacy svm extapic cr8_legacy abm sse4a misalignsse 3dnowprefetch osvw ibs skinit wdt nodeid_msr hw_pstate npt lbrv svm_lock nrip_save
bogomips	: 6000.11
clflush size	: 64
cache_alignment	: 64
address sizes	: 48 bits physical, 48 bits virtual
power management: ts ttp tm stc 100mhzsteps hwpstate

processor	: 3
vendor_id	: AuthenticAMD
cpu family	: 16
model		: 4
model name	: AMD Phenom(tm) II X4 945 Processor
stepping	: 3
microcode	: 0x10000c8
cpu MHz		: 3000.056
cache size	: 512 KB
physical id	: 0
siblings	: 4
core id		: 3
cpu cores	: 4
apicid		: 3
initial apicid	: 3
fdiv_bug	: no
f00f_bug	: no
coma_bug	: no
fpu		: yes
fpu_exception	: yes
cpuid level	: 5
wp		: yes
flags		: fpu vme de pse tsc msr pae mce cx8 apic sep mtrr pge mca cmov pat pse36 clflush mmx fxsr sse sse2 ht syscall nx mmxext fxsr_opt pdpe1gb rdtscp lm 3dnowext 3dnow constant_tsc nonstop_tsc extd_apicid pni monitor cx16 popcnt lahf_lm cmp_legacy svm extapic cr8_legacy abm sse4a misalignsse 3dnowprefetch osvw ibs skinit wdt nodeid_msr hw_pstate npt lbrv svm_lock nrip_save
bogomips	: 6000.11
clflush size	: 64
cache_alignment	: 64
address sizes	: 48 bits physical, 48 bits virtual
power management: ts ttp tm stc 100mhzsteps hwpstate



Memory: 4k page, physical 4130192k(234616k free), swap 0k(0k free)

vm_info: Java HotSpot(TM) Server VM (25.11-b03) for linux-x86 JRE (1.8.0_11-b12), built on Jun 16 2014 17:46:35 by "java_re" with gcc 4.3.0 20080428 (Red Hat 4.3.0-8)

time: Wed Jun  1 20:32:42 2016
elapsed time: 22 seconds

