#
# There is insufficient memory for the Java Runtime Environment to continue.
# Native memory allocation (mmap) failed to map 72089600 bytes for committing reserved memory.
# Possible reasons:
#   The system is out of physical RAM or swap space
#   In 32 bit mode, the process size limit was hit
# Possible solutions:
#   Reduce memory load on the system
#   Increase physical memory or swap space
#   Check if swap backing store is full
#   Use 64 bit Java on a 64 bit OS
#   Decrease Java heap size (-Xmx/-Xms)
#   Decrease number of Java threads
#   Decrease Java thread stack sizes (-Xss)
#   Set larger code cache with -XX:ReservedCodeCacheSize=
# This output file may be truncated or incomplete.
#
#  Out of Memory Error (os_linux.cpp:2716), pid=29930, tid=1688206144
#
# JRE version: Java(TM) SE Runtime Environment (8.0_11-b12) (build 1.8.0_11-b12)
# Java VM: Java HotSpot(TM) Server VM (25.11-b03 mixed mode linux-x86 )
# Failed to write core dump. Core dumps have been disabled. To enable core dumping, try "ulimit -c unlimited" before starting Java again
#

---------------  T H R E A D  ---------------

Current thread (0x64a80800):  VMThread [stack: 0x6497f000,0x64a00000] [id=29945]

Stack: [0x6497f000,0x64a00000],  sp=0x649fe710,  free space=509k
Native frames: (J=compiled Java code, j=interpreted, Vv=VM code, C=native code)
V  [libjvm.so+0x862769]  VMError::report_and_die()+0x179
V  [libjvm.so+0x35aa65]  report_vm_out_of_memory(char const*, int, unsigned int, VMErrorType, char const*)+0x55
V  [libjvm.so+0x6f2386]  os::Linux::commit_memory_impl(char*, unsigned int, bool)+0xe6
V  [libjvm.so+0x6f2858]  os::pd_commit_memory(char*, unsigned int, unsigned int, bool)+0x28
V  [libjvm.so+0x6ec0dc]  os::commit_memory(char*, unsigned int, unsigned int, bool)+0x2c
V  [libjvm.so+0x7548a8]  PSVirtualSpace::expand_by(unsigned int)+0x48
V  [libjvm.so+0x7559aa]  PSYoungGen::resize_generation(unsigned int, unsigned int)+0xda
V  [libjvm.so+0x754cd9]  PSYoungGen::resize(unsigned int, unsigned int)+0x19
V  [libjvm.so+0x752a1b]  PSScavenge::invoke_no_policy()+0x10ab
V  [libjvm.so+0x752e28]  PSScavenge::invoke()+0x28
V  [libjvm.so+0x7122fa]  ParallelScavengeHeap::failed_mem_allocate(unsigned int)+0x5a
V  [libjvm.so+0x863eca]  VM_ParallelGCFailedAllocation::doit()+0x7a
V  [libjvm.so+0x86d027]  VM_Operation::evaluate()+0x47
V  [libjvm.so+0x86b113]  VMThread::evaluate_operation(VM_Operation*)+0xb3
V  [libjvm.so+0x86b4b0]  VMThread::loop()+0x1b0
V  [libjvm.so+0x86b915]  VMThread::run()+0x85
V  [libjvm.so+0x6f4249]  java_start(Thread*)+0x119
C  [libpthread.so.0+0x6f70]  start_thread+0xd0

VM_Operation (0xb6745944): ParallelGCFailedAllocation, mode: safepoint, requested by thread 0xb6507400


---------------  P R O C E S S  ---------------

Java Threads: ( => current thread )
  0x58db9800 JavaThread "org.eclipse.jetty.server.session.HashSessionManager@16a4e4bTimer" daemon [_thread_blocked, id=30059, stack(0x6371b000,0x6376c000)]
  0x64080000 JavaThread "qtp2755360-18" [_thread_blocked, id=29971, stack(0x63e1a000,0x63e6b000)]
  0x6407ec00 JavaThread "qtp2755360-17" [_thread_blocked, id=29970, stack(0x63e6b000,0x63ebc000)]
  0x6407d800 JavaThread "qtp2755360-16" [_thread_blocked, id=29969, stack(0x63ebc000,0x63f0d000)]
  0x6407c400 JavaThread "qtp2755360-15" [_thread_blocked, id=29968, stack(0x63f0d000,0x63f5e000)]
  0x6407b000 JavaThread "qtp2755360-14" [_thread_blocked, id=29967, stack(0x63f5e000,0x63faf000)]
  0x6407a000 JavaThread "qtp2755360-13" [_thread_blocked, id=29966, stack(0x63faf000,0x64000000)]
  0x64079000 JavaThread "qtp2755360-12" [_thread_blocked, id=29965, stack(0x64148000,0x64199000)]
  0x64076400 JavaThread "qtp2755360-11" [_thread_blocked, id=29964, stack(0x64199000,0x641ea000)]
  0x64aac000 JavaThread "Service Thread" daemon [_thread_blocked, id=29952, stack(0x642ad000,0x642fe000)]
  0x64aa8c00 JavaThread "C1 CompilerThread2" daemon [_thread_blocked, id=29951, stack(0x642fe000,0x6437f000)]
  0x64aa7800 JavaThread "C2 CompilerThread1" daemon [_thread_blocked, id=29950, stack(0x6437f000,0x64400000)]
  0x64aa5800 JavaThread "C2 CompilerThread0" daemon [_thread_blocked, id=29949, stack(0x6472e000,0x647af000)]
  0x64aa4000 JavaThread "Signal Dispatcher" daemon [_thread_blocked, id=29948, stack(0x647af000,0x64800000)]
  0x64a86400 JavaThread "Finalizer" daemon [_thread_blocked, id=29947, stack(0x6492e000,0x6497f000)]
  0x64a83c00 JavaThread "Reference Handler" daemon [_thread_blocked, id=29946, stack(0x64b0d000,0x64b5e000)]
  0xb6507400 JavaThread "main" [_thread_blocked, id=29940, stack(0xb66f8000,0xb6749000)]

Other Threads:
=>0x64a80800 VMThread [stack: 0x6497f000,0x64a00000] [id=29945]
  0x64abe000 WatcherThread [stack: 0x6422c000,0x642ad000] [id=29953]

VM state:at safepoint (normal execution)

VM Mutex/Monitor currently owned by a thread:  ([mutex/lock_event])
[0xb6504b20] Threads_lock - owner thread: 0x64a80800
[0xb6504f30] Heap_lock - owner thread: 0xb6507400

Heap:
 PSYoungGen      total 215808K, used 38222K [0x91f80000, 0xa1e80000, 0xa7000000)
  eden space 173824K, 0% used [0x91f80000,0x91f80000,0x9c940000)
  from space 41984K, 91% used [0x9cc80000,0x9f1d3be0,0x9f580000)
  to   space 29696K, 0% used [0xa0180000,0xa0180000,0xa1e80000)
 ParOldGen       total 98816K, used 98492K [0x67e00000, 0x6de80000, 0x91f80000)
  object space 98816K, 99% used [0x67e00000,0x6de2f000,0x6de80000)
 Metaspace       used 8421K, capacity 8484K, committed 8600K, reserved 9520K

Card table byte_map: [0x67c06000,0x67e00000] byte_map_base: 0x678c7000

Marking Bits: (ParMarkBitMap*) 0xb710ed80
 Begin Bits: [0x65570000, 0x66538000)
 End Bits:   [0x66538000, 0x67500000)

Polling page: 0xb7714000

CodeCache: size=245760Kb used=4836Kb max_used=4853Kb free=240923Kb
 bounds [0xa7500000, 0xa79c8000, 0xb6500000]
 total_blobs=1491 nmethods=1319 adapters=88
 compilation: enabled

Compilation events (10 events):
Event: 8.338 Thread 0x64aa8c00 nmethod 1348 0xa79b10c8 code [0xa79b11c0, 0xa79b12a0]
Event: 8.338 Thread 0x64aa7800 1350       4       java.lang.Object::equals (11 bytes)
Event: 8.339 Thread 0x64aa8c00 1351       3       java.util.concurrent.CopyOnWriteArrayList$COWIterator::hasNext (18 bytes)
Event: 8.339 Thread 0x64aa7800 nmethod 1350 0xa7731708 code [0xa7731800, 0xa7731850]
Event: 8.339 Thread 0x64aa8c00 nmethod 1351 0xa79b0e08 code [0xa79b0f20, 0xa79b1040]
Event: 8.341 Thread 0x64aa5800 nmethod 1336 0xa79ad208 code [0xa79ad360, 0xa79ad830]
Event: 8.394 Thread 0x64aa8c00 1352       1       org.eclipse.jetty.util.component.ContainerLifeCycle$Bean::access$000 (5 bytes)
Event: 8.394 Thread 0x64aa8c00 nmethod 1352 0xa79ad008 code [0xa79ad100, 0xa79ad180]
Event: 9.228 Thread 0x64aa7800 1353 % !   4       java.net.URL::<init> @ 147 (543 bytes)
Event: 9.277 Thread 0x64aa7800 nmethod 1353% 0xa79c0988 code [0xa79c0be0, 0xa79c206c]

GC Heap History (10 events):
Event: 2.324 GC heap after
Heap after GC invocations=7 (full 0):
 PSYoungGen      total 69120K, used 2554K [0x91f80000, 0x9b200000, 0xa7000000)
  eden space 66560K, 0% used [0x91f80000,0x91f80000,0x96080000)
  from space 2560K, 99% used [0x96080000,0x962feb48,0x96300000)
  to   space 8448K, 0% used [0x9a9c0000,0x9a9c0000,0x9b200000)
 ParOldGen       total 43776K, used 11258K [0x67e00000, 0x6a8c0000, 0x91f80000)
  object space 43776K, 25% used [0x67e00000,0x688fe8f0,0x6a8c0000)
 Metaspace       used 5275K, capacity 5306K, committed 5400K, reserved 5424K
}
Event: 2.708 GC heap before
{Heap before GC invocations=8 (full 0):
 PSYoungGen      total 69120K, used 69114K [0x91f80000, 0x9b200000, 0xa7000000)
  eden space 66560K, 100% used [0x91f80000,0x96080000,0x96080000)
  from space 2560K, 99% used [0x96080000,0x962feb48,0x96300000)
  to   space 8448K, 0% used [0x9a9c0000,0x9a9c0000,0x9b200000)
 ParOldGen       total 43776K, used 11271K [0x67e00000, 0x6a8c0000, 0x91f80000)
  object space 43776K, 25% used [0x67e00000,0x68901cf8,0x6a8c0000)
 Metaspace       used 5348K, capacity 5402K, committed 5528K, reserved 6448K
Event: 2.742 GC heap after
Heap after GC invocations=8 (full 0):
 PSYoungGen      total 134400K, used 8443K [0x91f80000, 0x9c000000, 0xa7000000)
  eden space 125952K, 0% used [0x91f80000,0x91f80000,0x99a80000)
  from space 8448K, 99% used [0x9a9c0000,0x9b1fec80,0x9b200000)
  to   space 15616K, 0% used [0x99a80000,0x99a80000,0x9a9c0000)
 ParOldGen       total 43776K, used 24081K [0x67e00000, 0x6a8c0000, 0x91f80000)
  object space 43776K, 55% used [0x67e00000,0x69584740,0x6a8c0000)
 Metaspace       used 5348K, capacity 5402K, committed 5528K, reserved 6448K
}
Event: 3.375 GC heap before
{Heap before GC invocations=9 (full 0):
 PSYoungGen      total 134400K, used 134395K [0x91f80000, 0x9c000000, 0xa7000000)
  eden space 125952K, 100% used [0x91f80000,0x99a80000,0x99a80000)
  from space 8448K, 99% used [0x9a9c0000,0x9b1fec80,0x9b200000)
  to   space 15616K, 0% used [0x99a80000,0x99a80000,0x9a9c0000)
 ParOldGen       total 43776K, used 24087K [0x67e00000, 0x6a8c0000, 0x91f80000)
  object space 43776K, 55% used [0x67e00000,0x69585e18,0x6a8c0000)
 Metaspace       used 5351K, capacity 5402K, committed 5528K, reserved 6448K
Event: 3.446 GC heap after
Heap after GC invocations=9 (full 0):
 PSYoungGen      total 141568K, used 15614K [0x91f80000, 0xa1e80000, 0xa7000000)
  eden space 125952K, 0% used [0x91f80000,0x91f80000,0x99a80000)
  from space 15616K, 99% used [0x99a80000,0x9a9bfa68,0x9a9c0000)
  to   space 29696K, 0% used [0xa0180000,0xa0180000,0xa1e80000)
 ParOldGen       total 51456K, used 50990K [0x67e00000, 0x6b040000, 0x91f80000)
  object space 51456K, 99% used [0x67e00000,0x6afcbbc8,0x6b040000)
 Metaspace       used 5351K, capacity 5402K, committed 5528K, reserved 6448K
}
Event: 3.446 GC heap before
{Heap before GC invocations=10 (full 1):
 PSYoungGen      total 141568K, used 15614K [0x91f80000, 0xa1e80000, 0xa7000000)
  eden space 125952K, 0% used [0x91f80000,0x91f80000,0x99a80000)
  from space 15616K, 99% used [0x99a80000,0x9a9bfa68,0x9a9c0000)
  to   space 29696K, 0% used [0xa0180000,0xa0180000,0xa1e80000)
 ParOldGen       total 51456K, used 50990K [0x67e00000, 0x6b040000, 0x91f80000)
  object space 51456K, 99% used [0x67e00000,0x6afcbbc8,0x6b040000)
 Metaspace       used 5351K, capacity 5402K, committed 5528K, reserved 6448K
Event: 3.607 GC heap after
Heap after GC invocations=10 (full 1):
 PSYoungGen      total 141568K, used 12509K [0x91f80000, 0xa1e80000, 0xa7000000)
  eden space 125952K, 0% used [0x91f80000,0x91f80000,0x99a80000)
  from space 15616K, 80% used [0x99a80000,0x9a6b74a8,0x9a9c0000)
  to   space 29696K, 0% used [0xa0180000,0xa0180000,0xa1e80000)
 ParOldGen       total 93952K, used 51249K [0x67e00000, 0x6d9c0000, 0x91f80000)
  object space 93952K, 54% used [0x67e00000,0x6b00c730,0x6d9c0000)
 Metaspace       used 5351K, capacity 5402K, committed 5528K, reserved 6448K
}
Event: 4.067 GC heap before
{Heap before GC invocations=11 (full 1):
 PSYoungGen      total 141568K, used 138461K [0x91f80000, 0xa1e80000, 0xa7000000)
  eden space 125952K, 100% used [0x91f80000,0x99a80000,0x99a80000)
  from space 15616K, 80% used [0x99a80000,0x9a6b74a8,0x9a9c0000)
  to   space 29696K, 0% used [0xa0180000,0xa0180000,0xa1e80000)
 ParOldGen       total 93952K, used 51337K [0x67e00000, 0x6d9c0000, 0x91f80000)
  object space 93952K, 54% used [0x67e00000,0x6b022750,0x6d9c0000)
 Metaspace       used 5353K, capacity 5402K, committed 5528K, reserved 6448K
Event: 4.149 GC heap after
Heap after GC invocations=11 (full 1):
 PSYoungGen      total 203520K, used 29692K [0x91f80000, 0xa1e80000, 0xa7000000)
  eden space 173824K, 0% used [0x91f80000,0x91f80000,0x9c940000)
  from space 29696K, 99% used [0xa0180000,0xa1e7f260,0xa1e80000)
  to   space 41984K, 0% used [0x9cc80000,0x9cc80000,0x9f580000)
 ParOldGen       total 93952K, used 69824K [0x67e00000, 0x6d9c0000, 0x91f80000)
  object space 93952K, 74% used [0x67e00000,0x6c2303a0,0x6d9c0000)
 Metaspace       used 5353K, capacity 5402K, committed 5528K, reserved 6448K
}
Event: 9.527 GC heap before
{Heap before GC invocations=12 (full 1):
 PSYoungGen      total 203520K, used 203516K [0x91f80000, 0xa1e80000, 0xa7000000)
  eden space 173824K, 100% used [0x91f80000,0x9c940000,0x9c940000)
  from space 29696K, 99% used [0xa0180000,0xa1e7f260,0xa1e80000)
  to   space 41984K, 0% used [0x9cc80000,0x9cc80000,0x9f580000)
 ParOldGen       total 93952K, used 69831K [0x67e00000, 0x6d9c0000, 0x91f80000)
  object space 93952K, 74% used [0x67e00000,0x6c231f90,0x6d9c0000)
 Metaspace       used 8421K, capacity 8484K, committed 8600K, reserved 9520K

Deoptimization events (10 events):
Event: 6.925 Thread 0xb6507400 Uncommon trap: reason=unreached action=reinterpret pc=0xa7809738 method=java.util.HashMap$HashIterator.<init>(Ljava/util/HashMap;)V @ 38
Event: 7.330 Thread 0xb6507400 Uncommon trap: reason=class_check action=maybe_recompile pc=0xa7798428 method=java.util.Hashtable.get(Ljava/lang/Object;)Ljava/lang/Object; @ 6
Event: 7.394 Thread 0xb6507400 Uncommon trap: reason=class_check action=maybe_recompile pc=0xa7798428 method=java.util.Hashtable.get(Ljava/lang/Object;)Ljava/lang/Object; @ 6
Event: 7.403 Thread 0xb6507400 Uncommon trap: reason=class_check action=maybe_recompile pc=0xa7798428 method=java.util.Hashtable.get(Ljava/lang/Object;)Ljava/lang/Object; @ 6
Event: 7.423 Thread 0xb6507400 Uncommon trap: reason=class_check action=maybe_recompile pc=0xa7798428 method=java.util.Hashtable.get(Ljava/lang/Object;)Ljava/lang/Object; @ 6
Event: 8.334 Thread 0xb6507400 Uncommon trap: reason=bimorphic action=maybe_recompile pc=0xa7961c84 method=java.util.HashMap.putVal(ILjava/lang/Object;Ljava/lang/Object;ZZ)Ljava/lang/Object; @ 91
Event: 8.334 Thread 0xb6507400 Uncommon trap: reason=bimorphic action=maybe_recompile pc=0xa7961c84 method=java.util.HashMap.putVal(ILjava/lang/Object;Ljava/lang/Object;ZZ)Ljava/lang/Object; @ 91
Event: 8.334 Thread 0xb6507400 Uncommon trap: reason=bimorphic action=maybe_recompile pc=0xa7961c84 method=java.util.HashMap.putVal(ILjava/lang/Object;Ljava/lang/Object;ZZ)Ljava/lang/Object; @ 91
Event: 8.334 Thread 0xb6507400 Uncommon trap: reason=bimorphic action=maybe_recompile pc=0xa7961c84 method=java.util.HashMap.putVal(ILjava/lang/Object;Ljava/lang/Object;ZZ)Ljava/lang/Object; @ 91
Event: 8.394 Thread 0xb6507400 Uncommon trap: reason=class_check action=maybe_recompile pc=0xa7863c2c method=java.util.HashSet.iterator()Ljava/util/Iterator; @ 4

Internal exceptions (10 events):
Event: 7.948 Thread 0xb6507400 Exception <a 'java/security/PrivilegedActionException'> (0x9c649d90) thrown at [/HUDSON/workspace/8-2-build-linux-i586/jdk8u11/648/hotspot/src/share/vm/prims/jvm.cpp, line 1248]
Event: 8.339 Thread 0xb6507400 Exception <a 'java/security/PrivilegedActionException'> (0x9c680028) thrown at [/HUDSON/workspace/8-2-build-linux-i586/jdk8u11/648/hotspot/src/share/vm/prims/jvm.cpp, line 1248]
Event: 8.393 Thread 0xb6507400 Exception <a 'java/security/PrivilegedActionException'> (0x9c685be8) thrown at [/HUDSON/workspace/8-2-build-linux-i586/jdk8u11/648/hotspot/src/share/vm/prims/jvm.cpp, line 1248]
Event: 8.694 Thread 0xb6507400 Exception <a 'java/security/PrivilegedActionException'> (0x9c68e768) thrown at [/HUDSON/workspace/8-2-build-linux-i586/jdk8u11/648/hotspot/src/share/vm/prims/jvm.cpp, line 1248]
Event: 8.972 Thread 0xb6507400 Exception <a 'java/security/PrivilegedActionException'> (0x9c691818) thrown at [/HUDSON/workspace/8-2-build-linux-i586/jdk8u11/648/hotspot/src/share/vm/prims/jvm.cpp, line 1248]
Event: 8.999 Thread 0xb6507400 Exception <a 'java/security/PrivilegedActionException'> (0x9c6954c0) thrown at [/HUDSON/workspace/8-2-build-linux-i586/jdk8u11/648/hotspot/src/share/vm/prims/jvm.cpp, line 1248]
Event: 8.999 Thread 0xb6507400 Exception <a 'java/security/PrivilegedActionException'> (0x9c699368) thrown at [/HUDSON/workspace/8-2-build-linux-i586/jdk8u11/648/hotspot/src/share/vm/prims/jvm.cpp, line 1248]
Event: 9.198 Thread 0xb6507400 Exception <a 'java/security/PrivilegedActionException'> (0x9c69dbb0) thrown at [/HUDSON/workspace/8-2-build-linux-i586/jdk8u11/648/hotspot/src/share/vm/prims/jvm.cpp, line 1248]
Event: 9.217 Thread 0xb6507400 Exception <a 'java/security/PrivilegedActionException'> (0x9c6a0fe0) thrown at [/HUDSON/workspace/8-2-build-linux-i586/jdk8u11/648/hotspot/src/share/vm/prims/jvm.cpp, line 1248]
Event: 9.230 Thread 0xb6507400 Exception <a 'java/lang/NoSuchMethodError': org.slf4j.impl.StaticMDCBinder.getSingleton()Lorg/slf4j/impl/StaticMDCBinder;> (0x9c757d20) thrown at [/HUDSON/workspace/8-2-build-linux-i586/jdk8u11/648/hotspot/src/share/vm/interpreter/linkResolver.cpp, line 5

Events (10 events):
Event: 9.217 loading class org/eclipse/jetty/security/SecurityHandler$1 done
Event: 9.231 loading class java/text/NumberFormat$Field
Event: 9.273 loading class java/text/NumberFormat$Field done
Event: 9.276 loading class java/lang/AssertionError
Event: 9.311 loading class java/lang/AssertionError done
Event: 9.339 loading class java/math/MathContext
Event: 9.390 loading class java/math/MathContext done
Event: 9.392 loading class java/math/BigInteger
Event: 9.524 loading class java/math/BigInteger done
Event: 9.527 Executing VM operation: ParallelGCFailedAllocation


Dynamic libraries:
08048000-08049000 r-xp 00000000 08:05 917426     /usr/lib/jvm/java-8-oracle/jre/bin/java
08049000-0804a000 rw-p 00000000 08:05 917426     /usr/lib/jvm/java-8-oracle/jre/bin/java
08654000-08c5b000 rw-p 00000000 00:00 0          [heap]
58000000-580b4000 rw-p 00000000 00:00 0 
580b4000-58100000 ---p 00000000 00:00 0 
58200000-582ff000 rw-p 00000000 00:00 0 
582ff000-58300000 ---p 00000000 00:00 0 
58300000-583ba000 rw-p 00000000 00:00 0 
583ba000-58400000 ---p 00000000 00:00 0 
58400000-584ff000 rw-p 00000000 00:00 0 
584ff000-58500000 ---p 00000000 00:00 0 
58500000-58600000 rw-p 00000000 00:00 0 
58600000-586ff000 rw-p 00000000 00:00 0 
586ff000-58700000 ---p 00000000 00:00 0 
58700000-587fe000 rw-p 00000000 00:00 0 
587fe000-58800000 ---p 00000000 00:00 0 
58800000-589c6000 rw-p 00000000 00:00 0 
589c6000-58a00000 ---p 00000000 00:00 0 
58a00000-58aff000 rw-p 00000000 00:00 0 
58aff000-58b00000 ---p 00000000 00:00 0 
58c00000-58cfc000 rw-p 00000000 00:00 0 
58cfc000-58d00000 ---p 00000000 00:00 0 
58d00000-58dfd000 rw-p 00000000 00:00 0 
58dfd000-58e00000 ---p 00000000 00:00 0 
58e00000-58e24000 rw-p 00000000 00:00 0 
58e24000-58f00000 ---p 00000000 00:00 0 
58f00000-58fd1000 rw-p 00000000 00:00 0 
58fd1000-59000000 ---p 00000000 00:00 0 
59100000-59197000 rw-p 00000000 00:00 0 
59197000-59200000 ---p 00000000 00:00 0 
59200000-592f5000 rw-p 00000000 00:00 0 
592f5000-59300000 ---p 00000000 00:00 0 
59300000-593ff000 rw-p 00000000 00:00 0 
593ff000-59400000 ---p 00000000 00:00 0 
59500000-595d3000 rw-p 00000000 00:00 0 
595d3000-59600000 ---p 00000000 00:00 0 
59600000-59700000 rw-p 00000000 00:00 0 
59700000-597fb000 rw-p 00000000 00:00 0 
597fb000-59800000 ---p 00000000 00:00 0 
59800000-598cd000 rw-p 00000000 00:00 0 
598cd000-59900000 ---p 00000000 00:00 0 
59900000-59a00000 rw-p 00000000 00:00 0 
59a00000-59aff000 rw-p 00000000 00:00 0 
59aff000-59b00000 ---p 00000000 00:00 0 
59b00000-59bff000 rw-p 00000000 00:00 0 
59bff000-59c00000 ---p 00000000 00:00 0 
59c00000-59cfc000 rw-p 00000000 00:00 0 
59cfc000-59d00000 ---p 00000000 00:00 0 
59d00000-59dff000 rw-p 00000000 00:00 0 
59dff000-59e00000 ---p 00000000 00:00 0 
59e00000-59ed0000 rw-p 00000000 00:00 0 
59ed0000-59f00000 ---p 00000000 00:00 0 
59f00000-59ff7000 rw-p 00000000 00:00 0 
59ff7000-5a000000 ---p 00000000 00:00 0 
5a000000-5a0f7000 rw-p 00000000 00:00 0 
5a0f7000-5a100000 ---p 00000000 00:00 0 
5a100000-5a1ff000 rw-p 00000000 00:00 0 
5a1ff000-5a200000 ---p 00000000 00:00 0 
5a200000-5a2ed000 rw-p 00000000 00:00 0 
5a2ed000-5a300000 ---p 00000000 00:00 0 
5a300000-5a400000 rw-p 00000000 00:00 0 
5a400000-5a4fa000 rw-p 00000000 00:00 0 
5a4fa000-5a500000 ---p 00000000 00:00 0 
5a500000-5a6f8000 rw-p 00000000 00:00 0 
5a6f8000-5a700000 ---p 00000000 00:00 0 
5a700000-5a7ff000 rw-p 00000000 00:00 0 
5a7ff000-5a800000 ---p 00000000 00:00 0 
5a800000-5a900000 rw-p 00000000 00:00 0 
5aa00000-5aaff000 rw-p 00000000 00:00 0 
5aaff000-5ab00000 ---p 00000000 00:00 0 
5ab00000-5ac00000 rw-p 00000000 00:00 0 
5ac00000-5ad00000 rw-p 00000000 00:00 0 
5ad00000-5adef000 rw-p 00000000 00:00 0 
5adef000-5ae00000 ---p 00000000 00:00 0 
5af00000-5aff8000 rw-p 00000000 00:00 0 
5aff8000-5b000000 ---p 00000000 00:00 0 
5b000000-5b100000 rw-p 00000000 00:00 0 
5b100000-5b1fc000 rw-p 00000000 00:00 0 
5b1fc000-5b200000 ---p 00000000 00:00 0 
5b200000-5b2ff000 rw-p 00000000 00:00 0 
5b2ff000-5b300000 ---p 00000000 00:00 0 
5b300000-5b3ff000 rw-p 00000000 00:00 0 
5b3ff000-5b400000 ---p 00000000 00:00 0 
5b400000-5b4ff000 rw-p 00000000 00:00 0 
5b4ff000-5b500000 ---p 00000000 00:00 0 
5b500000-5b5ff000 rw-p 00000000 00:00 0 
5b5ff000-5b600000 ---p 00000000 00:00 0 
5b600000-5b6fb000 rw-p 00000000 00:00 0 
5b6fb000-5b700000 ---p 00000000 00:00 0 
5b700000-5b7ff000 rw-p 00000000 00:00 0 
5b7ff000-5b800000 ---p 00000000 00:00 0 
5b800000-5b8ff000 rw-p 00000000 00:00 0 
5b8ff000-5b900000 ---p 00000000 00:00 0 
5b900000-5b9fa000 rw-p 00000000 00:00 0 
5b9fa000-5ba00000 ---p 00000000 00:00 0 
5ba00000-5baff000 rw-p 00000000 00:00 0 
5baff000-5bb00000 ---p 00000000 00:00 0 
5bb00000-5bc00000 rw-p 00000000 00:00 0 
5bc00000-5bd00000 rw-p 00000000 00:00 0 
5bd00000-5be00000 rw-p 00000000 00:00 0 
5be00000-5beee000 rw-p 00000000 00:00 0 
5beee000-5bf00000 ---p 00000000 00:00 0 
5bf00000-5bfff000 rw-p 00000000 00:00 0 
5bfff000-5c000000 ---p 00000000 00:00 0 
5c000000-5c100000 rw-p 00000000 00:00 0 
5c100000-5c200000 rw-p 00000000 00:00 0 
5c200000-5c2b1000 rw-p 00000000 00:00 0 
5c2b1000-5c300000 ---p 00000000 00:00 0 
5c400000-5c4fb000 rw-p 00000000 00:00 0 
5c4fb000-5c500000 ---p 00000000 00:00 0 
5c500000-5c600000 rw-p 00000000 00:00 0 
5c600000-5c6d7000 rw-p 00000000 00:00 0 
5c6d7000-5c700000 ---p 00000000 00:00 0 
5c700000-5c7ff000 rw-p 00000000 00:00 0 
5c7ff000-5c800000 ---p 00000000 00:00 0 
5c800000-5c8cb000 rw-p 00000000 00:00 0 
5c8cb000-5c900000 ---p 00000000 00:00 0 
5c900000-5c9fa000 rw-p 00000000 00:00 0 
5c9fa000-5ca00000 ---p 00000000 00:00 0 
5cb00000-5cbff000 rw-p 00000000 00:00 0 
5cbff000-5cc00000 ---p 00000000 00:00 0 
5cc00000-5cd00000 rw-p 00000000 00:00 0 
5cd00000-5cdfc000 rw-p 00000000 00:00 0 
5cdfc000-5ce00000 ---p 00000000 00:00 0 
5ce00000-5cef5000 rw-p 00000000 00:00 0 
5cef5000-5cf00000 ---p 00000000 00:00 0 
5cf00000-5cff9000 rw-p 00000000 00:00 0 
5cff9000-5d000000 ---p 00000000 00:00 0 
5d000000-5d0e1000 rw-p 00000000 00:00 0 
5d0e1000-5d100000 ---p 00000000 00:00 0 
5d100000-5d200000 rw-p 00000000 00:00 0 
5d200000-5d2fb000 rw-p 00000000 00:00 0 
5d2fb000-5d300000 ---p 00000000 00:00 0 
5d300000-5d3ff000 rw-p 00000000 00:00 0 
5d3ff000-5d400000 ---p 00000000 00:00 0 
5d400000-5d422000 rw-p 00000000 00:00 0 
5d422000-5d500000 ---p 00000000 00:00 0 
5d500000-5d600000 rw-p 00000000 00:00 0 
5d600000-5d6f7000 rw-p 00000000 00:00 0 
5d6f7000-5d700000 ---p 00000000 00:00 0 
5d700000-5d7f0000 rw-p 00000000 00:00 0 
5d7f0000-5d800000 ---p 00000000 00:00 0 
5d800000-5d8ff000 rw-p 00000000 00:00 0 
5d8ff000-5d900000 ---p 00000000 00:00 0 
5d900000-5d9fd000 rw-p 00000000 00:00 0 
5d9fd000-5da00000 ---p 00000000 00:00 0 
5da00000-5daff000 rw-p 00000000 00:00 0 
5daff000-5db00000 ---p 00000000 00:00 0 
5db00000-5dbf8000 rw-p 00000000 00:00 0 
5dbf8000-5dc00000 ---p 00000000 00:00 0 
5dd00000-5ddfd000 rw-p 00000000 00:00 0 
5ddfd000-5de00000 ---p 00000000 00:00 0 
5de00000-5deff000 rw-p 00000000 00:00 0 
5deff000-5df00000 ---p 00000000 00:00 0 
5df00000-5dff5000 rw-p 00000000 00:00 0 
5dff5000-5e000000 ---p 00000000 00:00 0 
5e000000-5e100000 rw-p 00000000 00:00 0 
5e100000-5e1e9000 rw-p 00000000 00:00 0 
5e1e9000-5e200000 ---p 00000000 00:00 0 
5e200000-5e300000 rw-p 00000000 00:00 0 
5e300000-5e3ff000 rw-p 00000000 00:00 0 
5e3ff000-5e400000 ---p 00000000 00:00 0 
5e400000-5e4fe000 rw-p 00000000 00:00 0 
5e4fe000-5e500000 ---p 00000000 00:00 0 
5e500000-5e5ff000 rw-p 00000000 00:00 0 
5e5ff000-5e600000 ---p 00000000 00:00 0 
5e600000-5e6ef000 rw-p 00000000 00:00 0 
5e6ef000-5e700000 ---p 00000000 00:00 0 
5e700000-5e7f3000 rw-p 00000000 00:00 0 
5e7f3000-5e800000 ---p 00000000 00:00 0 
5e800000-5e8fa000 rw-p 00000000 00:00 0 
5e8fa000-5e900000 ---p 00000000 00:00 0 
5e900000-5e9fd000 rw-p 00000000 00:00 0 
5e9fd000-5ea00000 ---p 00000000 00:00 0 
5ea00000-5eaff000 rw-p 00000000 00:00 0 
5eaff000-5eb00000 ---p 00000000 00:00 0 
5eb00000-5ec00000 rw-p 00000000 00:00 0 
5ec00000-5ecf7000 rw-p 00000000 00:00 0 
5ecf7000-5ed00000 ---p 00000000 00:00 0 
5ed00000-5ee00000 rw-p 00000000 00:00 0 
5ee00000-5eeff000 rw-p 00000000 00:00 0 
5eeff000-5ef00000 ---p 00000000 00:00 0 
5ef00000-5eff9000 rw-p 00000000 00:00 0 
5eff9000-5f000000 ---p 00000000 00:00 0 
5f000000-5f100000 rw-p 00000000 00:00 0 
5f100000-5f16b000 rw-p 00000000 00:00 0 
5f16b000-5f200000 ---p 00000000 00:00 0 
5f200000-5f2f7000 rw-p 00000000 00:00 0 
5f2f7000-5f300000 ---p 00000000 00:00 0 
5f300000-5f3ff000 rw-p 00000000 00:00 0 
5f3ff000-5f400000 ---p 00000000 00:00 0 
5f400000-5f4f2000 rw-p 00000000 00:00 0 
5f4f2000-5f500000 ---p 00000000 00:00 0 
5f500000-5f5fb000 rw-p 00000000 00:00 0 
5f5fb000-5f600000 ---p 00000000 00:00 0 
5f600000-5f6f4000 rw-p 00000000 00:00 0 
5f6f4000-5f700000 ---p 00000000 00:00 0 
5f700000-5f800000 rw-p 00000000 00:00 0 
5f800000-5f900000 rw-p 00000000 00:00 0 
5f900000-5fa00000 rw-p 00000000 00:00 0 
5fa00000-5fafc000 rw-p 00000000 00:00 0 
5fafc000-5fb00000 ---p 00000000 00:00 0 
5fb00000-5fbe6000 rw-p 00000000 00:00 0 
5fbe6000-5fc00000 ---p 00000000 00:00 0 
5fc00000-5fd00000 rw-p 00000000 00:00 0 
5fd00000-5fdfd000 rw-p 00000000 00:00 0 
5fdfd000-5fe00000 ---p 00000000 00:00 0 
5ff00000-60000000 rw-p 00000000 00:00 0 
60000000-600ff000 rw-p 00000000 00:00 0 
600ff000-60100000 ---p 00000000 00:00 0 
60100000-601ff000 rw-p 00000000 00:00 0 
601ff000-60200000 ---p 00000000 00:00 0 
60200000-60300000 rw-p 00000000 00:00 0 
60300000-60320000 rw-p 00000000 00:00 0 
60320000-60400000 ---p 00000000 00:00 0 
60400000-60500000 rw-p 00000000 00:00 0 
60500000-605ff000 rw-p 00000000 00:00 0 
605ff000-60600000 ---p 00000000 00:00 0 
60600000-606ea000 rw-p 00000000 00:00 0 
606ea000-60700000 ---p 00000000 00:00 0 
60700000-607f9000 rw-p 00000000 00:00 0 
607f9000-60800000 ---p 00000000 00:00 0 
60800000-608fa000 rw-p 00000000 00:00 0 
608fa000-60900000 ---p 00000000 00:00 0 
60900000-609ff000 rw-p 00000000 00:00 0 
609ff000-60a00000 ---p 00000000 00:00 0 
60a00000-60b00000 rw-p 00000000 00:00 0 
60b00000-60c00000 rw-p 00000000 00:00 0 
60c00000-60d00000 rw-p 00000000 00:00 0 
60d00000-60dc2000 rw-p 00000000 00:00 0 
60dc2000-60e00000 ---p 00000000 00:00 0 
60e00000-60ef2000 rw-p 00000000 00:00 0 
60ef2000-60f00000 ---p 00000000 00:00 0 
60f00000-61000000 rw-p 00000000 00:00 0 
61000000-61100000 rw-p 00000000 00:00 0 
61100000-611ff000 rw-p 00000000 00:00 0 
611ff000-61200000 ---p 00000000 00:00 0 
61200000-61300000 rw-p 00000000 00:00 0 
61300000-613e7000 rw-p 00000000 00:00 0 
613e7000-61400000 ---p 00000000 00:00 0 
61400000-61500000 rw-p 00000000 00:00 0 
61500000-615ff000 rw-p 00000000 00:00 0 
615ff000-61600000 ---p 00000000 00:00 0 
61600000-616fe000 rw-p 00000000 00:00 0 
616fe000-61700000 ---p 00000000 00:00 0 
61700000-61800000 rw-p 00000000 00:00 0 
61800000-618f7000 rw-p 00000000 00:00 0 
618f7000-61900000 ---p 00000000 00:00 0 
61900000-619ff000 rw-p 00000000 00:00 0 
619ff000-61a00000 ---p 00000000 00:00 0 
61a00000-61aff000 rw-p 00000000 00:00 0 
61aff000-61b00000 ---p 00000000 00:00 0 
61b00000-61bd2000 rw-p 00000000 00:00 0 
61bd2000-61c00000 ---p 00000000 00:00 0 
61c00000-61d00000 rw-p 00000000 00:00 0 
61d00000-61e00000 rw-p 00000000 00:00 0 
61e00000-61ec9000 rw-p 00000000 00:00 0 
61ec9000-61f00000 ---p 00000000 00:00 0 
61f00000-61ffa000 rw-p 00000000 00:00 0 
61ffa000-62000000 ---p 00000000 00:00 0 
62000000-620da000 rw-p 00000000 00:00 0 
620da000-62100000 ---p 00000000 00:00 0 
62100000-62200000 rw-p 00000000 00:00 0 
62200000-622fd000 rw-p 00000000 00:00 0 
622fd000-62300000 ---p 00000000 00:00 0 
62300000-623ff000 rw-p 00000000 00:00 0 
623ff000-62400000 ---p 00000000 00:00 0 
62400000-624ef000 rw-p 00000000 00:00 0 
624ef000-62500000 ---p 00000000 00:00 0 
62500000-625ff000 rw-p 00000000 00:00 0 
625ff000-62600000 ---p 00000000 00:00 0 
62600000-626c9000 rw-p 00000000 00:00 0 
626c9000-62700000 ---p 00000000 00:00 0 
62700000-627f5000 rw-p 00000000 00:00 0 
627f5000-62800000 ---p 00000000 00:00 0 
62800000-628f8000 rw-p 00000000 00:00 0 
628f8000-62900000 ---p 00000000 00:00 0 
62900000-62a00000 rw-p 00000000 00:00 0 
62a00000-62aff000 rw-p 00000000 00:00 0 
62aff000-62b00000 ---p 00000000 00:00 0 
62b00000-62bfa000 rw-p 00000000 00:00 0 
62bfa000-62c00000 ---p 00000000 00:00 0 
62c00000-62cfd000 rw-p 00000000 00:00 0 
62cfd000-62d00000 ---p 00000000 00:00 0 
62d00000-62dff000 rw-p 00000000 00:00 0 
62dff000-62e00000 ---p 00000000 00:00 0 
62e00000-62f00000 rw-p 00000000 00:00 0 
62f00000-62ffe000 rw-p 00000000 00:00 0 
62ffe000-63000000 ---p 00000000 00:00 0 
63000000-630ff000 rw-p 00000000 00:00 0 
630ff000-63100000 ---p 00000000 00:00 0 
63100000-631ff000 rw-p 00000000 00:00 0 
631ff000-63200000 ---p 00000000 00:00 0 
63200000-63400000 rw-p 00000000 00:00 0 
63400000-63500000 rw-p 00000000 00:00 0 
63500000-63600000 rw-p 00000000 00:00 0 
63600000-636f0000 rw-p 00000000 00:00 0 
636f0000-63700000 ---p 00000000 00:00 0 
6371b000-6371e000 ---p 00000000 00:00 0 
6371e000-6386c000 rw-p 00000000 00:00 0          [stack:30059]
6386c000-638b7000 r--s 003ed000 08:05 415945     /home/nik/hello-world-app/target/webapp/WEB-INF/lib/scala-reflect-2.11.0.jar
638b7000-63910000 r--s 00522000 08:05 415930     /home/nik/hello-world-app/target/webapp/WEB-INF/lib/scala-library-2.11.8.jar
63910000-63a00000 r--s 00c16000 08:05 415944     /home/nik/hello-world-app/target/webapp/WEB-INF/lib/scala-compiler-2.11.0.jar
63a00000-63afd000 rw-p 00000000 00:00 0 
63afd000-63b00000 ---p 00000000 00:00 0 
63b00000-63bfe000 rw-p 00000000 00:00 0 
63bfe000-63c00000 ---p 00000000 00:00 0 
63c00000-63d00000 rw-p 00000000 00:00 0 
63d1a000-63e1a000 rw-p 00000000 00:00 0 
63e1a000-63e1d000 ---p 00000000 00:00 0 
63e1d000-63e6b000 rw-p 00000000 00:00 0          [stack:29971]
63e6b000-63e6e000 ---p 00000000 00:00 0 
63e6e000-63ebc000 rw-p 00000000 00:00 0          [stack:29970]
63ebc000-63ebf000 ---p 00000000 00:00 0 
63ebf000-63f0d000 rw-p 00000000 00:00 0          [stack:29969]
63f0d000-63f10000 ---p 00000000 00:00 0 
63f10000-63f5e000 rw-p 00000000 00:00 0          [stack:29968]
63f5e000-63f61000 ---p 00000000 00:00 0 
63f61000-63faf000 rw-p 00000000 00:00 0          [stack:29967]
63faf000-63fb2000 ---p 00000000 00:00 0 
63fb2000-64000000 rw-p 00000000 00:00 0          [stack:29966]
64000000-64100000 rw-p 00000000 00:00 0 
64148000-6414b000 ---p 00000000 00:00 0 
6414b000-64199000 rw-p 00000000 00:00 0          [stack:29965]
64199000-6419c000 ---p 00000000 00:00 0 
6419c000-641ea000 rw-p 00000000 00:00 0          [stack:29964]
641ea000-6422c000 r--s 004bc000 08:05 415855     /home/nik/.ivy2/cache/org.eclipse.jetty/jetty-runner/jars/jetty-runner-9.2.1.v20140609.jar
6422c000-6422d000 ---p 00000000 00:00 0 
6422d000-642ad000 rw-p 00000000 00:00 0          [stack:29953]
642ad000-642b0000 ---p 00000000 00:00 0 
642b0000-642fe000 rw-p 00000000 00:00 0          [stack:29952]
642fe000-64301000 ---p 00000000 00:00 0 
64301000-6437f000 rw-p 00000000 00:00 0          [stack:29951]
6437f000-64382000 ---p 00000000 00:00 0 
64382000-64400000 rw-p 00000000 00:00 0          [stack:29950]
64400000-64600000 r--p 00000000 08:05 796210     /usr/lib/locale/locale-archive
64600000-646fd000 rw-p 00000000 00:00 0 
646fd000-64700000 ---p 00000000 00:00 0 
6472e000-64731000 ---p 00000000 00:00 0 
64731000-647af000 rw-p 00000000 00:00 0          [stack:29949]
647af000-647b2000 ---p 00000000 00:00 0 
647b2000-64800000 rw-p 00000000 00:00 0          [stack:29948]
64800000-648fe000 rw-p 00000000 00:00 0 
648fe000-64900000 ---p 00000000 00:00 0 
64919000-6492d000 r-xp 00000000 08:05 917666     /usr/lib/jvm/java-8-oracle/jre/lib/i386/libnet.so
6492d000-6492e000 rw-p 00014000 08:05 917666     /usr/lib/jvm/java-8-oracle/jre/lib/i386/libnet.so
6492e000-64931000 ---p 00000000 00:00 0 
64931000-6497f000 rw-p 00000000 00:00 0          [stack:29947]
6497f000-64980000 ---p 00000000 00:00 0 
64980000-64a00000 rw-p 00000000 00:00 0          [stack:29945]
64a00000-64b00000 rw-p 00000000 00:00 0 
64b09000-64b0d000 r--s 00034000 08:05 415934     /home/nik/hello-world-app/target/webapp/WEB-INF/lib/rl_2.11-0.4.10.jar
64b0d000-64b10000 ---p 00000000 00:00 0 
64b10000-64b5e000 rw-p 00000000 00:00 0          [stack:29946]
64b5e000-64d32000 r--s 03c50000 08:05 917491     /usr/lib/jvm/java-8-oracle/jre/lib/rt.jar
64d32000-65178000 rw-p 00000000 00:00 0 
65178000-6517e000 ---p 00000000 00:00 0 
6517e000-67500000 rw-p 00000000 00:00 0 
67500000-67600000 rw-p 00000000 00:00 0 
67603000-6760d000 r--s 0009a000 08:05 415940     /home/nik/hello-world-app/target/webapp/WEB-INF/lib/scala-xml_2.11-1.0.5.jar
6760d000-67615000 r--s 00043000 08:05 415943     /home/nik/hello-world-app/target/webapp/WEB-INF/lib/scalate-util_2.11-1.7.1.jar
67615000-67620000 r--s 00065000 08:05 415947     /home/nik/hello-world-app/target/webapp/WEB-INF/lib/logback-core-1.1.5.jar
67620000-67630000 r--s 00089000 08:05 415937     /home/nik/hello-world-app/target/webapp/WEB-INF/lib/joda-time-2.9.1.jar
67630000-6767f000 rw-p 00000000 00:00 0 
6767f000-67680000 ---p 00000000 00:00 0 
67680000-67700000 rw-p 00000000 00:00 0          [stack:29944]
67700000-677ff000 rw-p 00000000 00:00 0 
677ff000-67800000 ---p 00000000 00:00 0 
67800000-678fa000 rw-p 00000000 00:00 0 
678fa000-67900000 ---p 00000000 00:00 0 
67900000-67a00000 rw-p 00000000 00:00 0 
67a01000-67a03000 r--s 0000c000 08:05 415941     /home/nik/hello-world-app/target/webapp/WEB-INF/lib/scalatra-scalate_2.11-2.4.1.jar
67a03000-67a04000 r--s 00009000 08:05 415948     /home/nik/hello-world-app/target/webapp/WEB-INF/lib/slf4j-api-1.7.16.jar
67a04000-67a08000 r--s 00018000 08:05 415938     /home/nik/hello-world-app/target/webapp/WEB-INF/lib/joda-convert-1.8.1.jar
67a08000-67a34000 r--s 001b5000 08:05 415942     /home/nik/hello-world-app/target/webapp/WEB-INF/lib/scalate-core_2.11-1.7.1.jar
67a34000-67a35000 ---p 00000000 00:00 0 
67a35000-67ae6000 rw-p 00000000 00:00 0          [stack:29943]
67ae6000-67c06000 ---p 00000000 00:00 0 
67c06000-67c37000 rw-p 00000000 00:00 0 
67c37000-67d56000 ---p 00000000 00:00 0 
67d56000-67dd7000 rw-p 00000000 00:00 0 
67dd7000-67dff000 ---p 00000000 00:00 0 
67dff000-6de80000 rw-p 00000000 00:00 0 
6de80000-91f80000 ---p 00000000 00:00 0 
91f80000-a1e80000 rw-p 00000000 00:00 0 
a6107000-a6340000 rw-p 00000000 00:00 0 
a6340000-a7000000 ---p 00000000 00:00 0 
a7000000-a7002000 r--s 0000a000 08:05 415929     /home/nik/hello-world-app/target/webapp/WEB-INF/lib/hello-world-app_2.11-0.1.0-SNAPSHOT.jar
a7002000-a7004000 r--s 0001c000 08:05 415936     /home/nik/hello-world-app/target/webapp/WEB-INF/lib/mime-util-2.1.3.jar
a7004000-a701c000 r--s 00125000 08:05 415931     /home/nik/hello-world-app/target/webapp/WEB-INF/lib/scalatra_2.11-2.4.1.jar
a701c000-a7022000 r--s 0003f000 08:05 415946     /home/nik/hello-world-app/target/webapp/WEB-INF/lib/logback-classic-1.1.5.jar
a7022000-a703e000 r--s 00393000 08:05 917603     /usr/lib/jvm/java-8-oracle/jre/lib/ext/cldrdata.jar
a703e000-a703f000 ---p 00000000 00:00 0 
a703f000-a70bf000 rw-p 00000000 00:00 0          [stack:29942]
a70bf000-a70c0000 ---p 00000000 00:00 0 
a70c0000-a7154000 rw-p 00000000 00:00 0          [stack:29941]
a7154000-a7500000 ---p 00000000 00:00 0 
a7500000-a79c8000 rwxp 00000000 00:00 0 
a79c8000-b6500000 ---p 00000000 00:00 0 
b6500000-b65f9000 rw-p 00000000 00:00 0 
b65f9000-b6600000 ---p 00000000 00:00 0 
b6600000-b6601000 r--s 00001000 08:05 415933     /home/nik/hello-world-app/target/webapp/WEB-INF/lib/grizzled-slf4j_2.11-1.0.2.jar
b6601000-b6602000 r--s 00005000 08:05 415932     /home/nik/hello-world-app/target/webapp/WEB-INF/lib/scalatra-common_2.11-2.4.1.jar
b6602000-b660d000 r--s 0005d000 08:05 415939     /home/nik/hello-world-app/target/webapp/WEB-INF/lib/scala-parser-combinators_2.11-1.0.4.jar
b660d000-b6612000 r--s 00092000 08:05 917481     /usr/lib/jvm/java-8-oracle/jre/lib/jsse.jar
b6612000-b661c000 r--s 0021b000 08:05 917606     /usr/lib/jvm/java-8-oracle/jre/lib/ext/localedata.jar
b661c000-b6624000 r-xp 00000000 08:05 917664     /usr/lib/jvm/java-8-oracle/jre/lib/i386/libmanagement.so
b6624000-b6625000 rw-p 00007000 08:05 917664     /usr/lib/jvm/java-8-oracle/jre/lib/i386/libmanagement.so
b6625000-b6680000 rw-p 00000000 00:00 0 
b6680000-b668b000 r-xp 00000000 08:05 524490     /lib/i386-linux-gnu/libnss_files-2.19.so
b668b000-b668c000 r--p 0000a000 08:05 524490     /lib/i386-linux-gnu/libnss_files-2.19.so
b668c000-b668d000 rw-p 0000b000 08:05 524490     /lib/i386-linux-gnu/libnss_files-2.19.so
b668d000-b6697000 r-xp 00000000 08:05 524500     /lib/i386-linux-gnu/libnss_nis-2.19.so
b6697000-b6698000 r--p 00009000 08:05 524500     /lib/i386-linux-gnu/libnss_nis-2.19.so
b6698000-b6699000 rw-p 0000a000 08:05 524500     /lib/i386-linux-gnu/libnss_nis-2.19.so
b6699000-b66ae000 r-xp 00000000 08:05 524484     /lib/i386-linux-gnu/libnsl-2.19.so
b66ae000-b66af000 r--p 00015000 08:05 524484     /lib/i386-linux-gnu/libnsl-2.19.so
b66af000-b66b0000 rw-p 00016000 08:05 524484     /lib/i386-linux-gnu/libnsl-2.19.so
b66b0000-b66b2000 rw-p 00000000 00:00 0 
b66b2000-b66b5000 r--s 00033000 08:05 415935     /home/nik/hello-world-app/target/webapp/WEB-INF/lib/juniversalchardet-1.0.3.jar
b66b5000-b66cd000 rw-p 00000000 00:00 0 
b66cd000-b66e6000 r-xp 00000000 08:05 917680     /usr/lib/jvm/java-8-oracle/jre/lib/i386/libzip.so
b66e6000-b66e7000 rw-p 00018000 08:05 917680     /usr/lib/jvm/java-8-oracle/jre/lib/i386/libzip.so
b66e7000-b66ef000 rw-s 00000000 08:05 1743755    /tmp/hsperfdata_nik/29930
b66ef000-b66f6000 r-xp 00000000 08:05 524543     /lib/i386-linux-gnu/librt-2.19.so
b66f6000-b66f7000 r--p 00006000 08:05 524543     /lib/i386-linux-gnu/librt-2.19.so
b66f7000-b66f8000 rw-p 00007000 08:05 524543     /lib/i386-linux-gnu/librt-2.19.so
b66f8000-b66fb000 ---p 00000000 00:00 0 
b66fb000-b6749000 rw-p 00000000 00:00 0          [stack:29940]
b6749000-b678d000 r-xp 00000000 08:05 524465     /lib/i386-linux-gnu/libm-2.19.so
b678d000-b678e000 r--p 00043000 08:05 524465     /lib/i386-linux-gnu/libm-2.19.so
b678e000-b678f000 rw-p 00044000 08:05 524465     /lib/i386-linux-gnu/libm-2.19.so
b678f000-b7097000 r-xp 00000000 08:05 917687     /usr/lib/jvm/java-8-oracle/jre/lib/i386/server/libjvm.so
b7097000-b70ff000 rw-p 00908000 08:05 917687     /usr/lib/jvm/java-8-oracle/jre/lib/i386/server/libjvm.so
b70ff000-b7523000 rw-p 00000000 00:00 0 
b7523000-b76cc000 r-xp 00000000 08:05 524415     /lib/i386-linux-gnu/libc-2.19.so
b76cc000-b76ce000 r--p 001a9000 08:05 524415     /lib/i386-linux-gnu/libc-2.19.so
b76ce000-b76cf000 rw-p 001ab000 08:05 524415     /lib/i386-linux-gnu/libc-2.19.so
b76cf000-b76d2000 rw-p 00000000 00:00 0 
b76d2000-b76d5000 r-xp 00000000 08:05 524432     /lib/i386-linux-gnu/libdl-2.19.so
b76d5000-b76d6000 r--p 00002000 08:05 524432     /lib/i386-linux-gnu/libdl-2.19.so
b76d6000-b76d7000 rw-p 00003000 08:05 524432     /lib/i386-linux-gnu/libdl-2.19.so
b76d7000-b76d8000 rw-p 00000000 00:00 0 
b76d8000-b76ec000 r-xp 00000000 08:05 917684     /usr/lib/jvm/java-8-oracle/jre/lib/i386/jli/libjli.so
b76ec000-b76ed000 rw-p 00013000 08:05 917684     /usr/lib/jvm/java-8-oracle/jre/lib/i386/jli/libjli.so
b76ed000-b7705000 r-xp 00000000 08:05 524535     /lib/i386-linux-gnu/libpthread-2.19.so
b7705000-b7706000 r--p 00017000 08:05 524535     /lib/i386-linux-gnu/libpthread-2.19.so
b7706000-b7707000 rw-p 00018000 08:05 524535     /lib/i386-linux-gnu/libpthread-2.19.so
b7707000-b7709000 rw-p 00000000 00:00 0 
b7709000-b770a000 r--p 00855000 08:05 796210     /usr/lib/locale/locale-archive
b770a000-b7711000 r-xp 00000000 08:05 524486     /lib/i386-linux-gnu/libnss_compat-2.19.so
b7711000-b7712000 r--p 00006000 08:05 524486     /lib/i386-linux-gnu/libnss_compat-2.19.so
b7712000-b7713000 rw-p 00007000 08:05 524486     /lib/i386-linux-gnu/libnss_compat-2.19.so
b7713000-b7714000 rw-p 00000000 00:00 0 
b7714000-b7715000 ---p 00000000 00:00 0 
b7715000-b7739000 r-xp 00000000 08:05 917645     /usr/lib/jvm/java-8-oracle/jre/lib/i386/libjava.so
b7739000-b773a000 rw-p 00023000 08:05 917645     /usr/lib/jvm/java-8-oracle/jre/lib/i386/libjava.so
b773a000-b7745000 r-xp 00000000 08:05 917679     /usr/lib/jvm/java-8-oracle/jre/lib/i386/libverify.so
b7745000-b7746000 rw-p 0000b000 08:05 917679     /usr/lib/jvm/java-8-oracle/jre/lib/i386/libverify.so
b7746000-b7748000 rw-p 00000000 00:00 0 
b7748000-b7749000 r-xp 00000000 00:00 0          [vdso]
b7749000-b7769000 r-xp 00000000 08:05 524389     /lib/i386-linux-gnu/ld-2.19.so
b7769000-b776a000 r--p 0001f000 08:05 524389     /lib/i386-linux-gnu/ld-2.19.so
b776a000-b776b000 rw-p 00020000 08:05 524389     /lib/i386-linux-gnu/ld-2.19.so
bff14000-bff15000 rwxp 00000000 00:00 0 
bff46000-bff68000 rw-p 00000000 00:00 0          [stack]

VM Arguments:
java_command: org.eclipse.jetty.runner.Runner /home/nik/hello-world-app/target/webapp
java_class_path (initial): /home/nik/.ivy2/cache/org.eclipse.jetty/jetty-runner/jars/jetty-runner-9.2.1.v20140609.jar
Launcher Type: SUN_STANDARD

Environment Variables:
JAVA_HOME=/usr/lib/jvm/java-8-oracle
PATH=/home/nik/.conscript/bin:/home/nik/.composer/vendor/bin:/home/nik/.composer/vendor/bin:/usr/local/sbin:/usr/local/bin:/usr/sbin:/usr/bin:/sbin:/bin:/usr/games:/usr/local/games:/usr/lib/jvm/java-8-oracle/bin:/usr/lib/jvm/java-8-oracle/db/bin:/usr/lib/jvm/java-8-oracle/jre/bin:/home/nik/bin
SHELL=/bin/bash
DISPLAY=:0

Signal Handlers:
SIGSEGV: [libjvm.so+0x863250], sa_mask[0]=0x7ffbfeff, sa_flags=0x10000004
SIGBUS: [libjvm.so+0x863250], sa_mask[0]=0x7ffbfeff, sa_flags=0x10000004
SIGFPE: [libjvm.so+0x6ef2b0], sa_mask[0]=0x7ffbfeff, sa_flags=0x10000004
SIGPIPE: [libjvm.so+0x6ef2b0], sa_mask[0]=0x7ffbfeff, sa_flags=0x10000004
SIGXFSZ: [libjvm.so+0x6ef2b0], sa_mask[0]=0x7ffbfeff, sa_flags=0x10000004
SIGILL: [libjvm.so+0x6ef2b0], sa_mask[0]=0x7ffbfeff, sa_flags=0x10000004
SIGUSR1: SIG_DFL, sa_mask[0]=0x00000000, sa_flags=0x00000000
SIGUSR2: [libjvm.so+0x6f09c0], sa_mask[0]=0x00000004, sa_flags=0x10000004
SIGHUP: [libjvm.so+0x6f1dd0], sa_mask[0]=0x7ffbfeff, sa_flags=0x10000004
SIGINT: [libjvm.so+0x6f1dd0], sa_mask[0]=0x7ffbfeff, sa_flags=0x10000004
SIGTERM: [libjvm.so+0x6f1dd0], sa_mask[0]=0x7ffbfeff, sa_flags=0x10000004
SIGQUIT: [libjvm.so+0x6f1dd0], sa_mask[0]=0x7ffbfeff, sa_flags=0x10000004


---------------  S Y S T E M  ---------------

OS:DISTRIB_ID=Ubuntu
DISTRIB_RELEASE=14.04
DISTRIB_CODENAME=trusty
DISTRIB_DESCRIPTION="Ubuntu 14.04 LTS"

uname:Linux 3.13.0-32-generic #57-Ubuntu SMP Tue Jul 15 03:51:12 UTC 2014 i686
libc:glibc 2.19 NPTL 2.19 
rlimit: STACK 8192k, CORE 0k, NPROC 32056, NOFILE 4096, AS infinity
load average:1.13 0.64 0.54

/proc/meminfo:
MemTotal:        4130192 kB
MemFree:          256936 kB
Buffers:             668 kB
Cached:           121596 kB
SwapCached:            0 kB
Active:          3366328 kB
Inactive:          99684 kB
Active(anon):    3344984 kB
Inactive(anon):    68688 kB
Active(file):      21344 kB
Inactive(file):    30996 kB
Unevictable:         232 kB
Mlocked:             232 kB
HighTotal:       3279432 kB
HighFree:          78616 kB
LowTotal:         850760 kB
LowFree:          178320 kB
SwapTotal:             0 kB
SwapFree:              0 kB
Dirty:               148 kB
Writeback:             0 kB
AnonPages:       3344104 kB
Mapped:           110316 kB
Shmem:             69804 kB
Slab:              40804 kB
SReclaimable:      16888 kB
SUnreclaim:        23916 kB
KernelStack:        4944 kB
PageTables:        20468 kB
NFS_Unstable:          0 kB
Bounce:                0 kB
WritebackTmp:          0 kB
CommitLimit:     2065096 kB
Committed_AS:    8993760 kB
VmallocTotal:     122880 kB
VmallocUsed:       64744 kB
VmallocChunk:      23696 kB
HardwareCorrupted:     0 kB
AnonHugePages:   2004992 kB
HugePages_Total:       0
HugePages_Free:        0
HugePages_Rsvd:        0
HugePages_Surp:        0
Hugepagesize:       2048 kB
DirectMap4k:       67576 kB
DirectMap2M:      845824 kB


CPU:total 4 (4 cores per cpu, 1 threads per core) family 16 model 4 stepping 3, cmov, cx8, fxsr, mmx, sse, sse2, sse3, popcnt, mmxext, 3dnowpref, lzcnt, sse4a, tsc, tscinvbit

/proc/cpuinfo:
processor	: 0
vendor_id	: AuthenticAMD
cpu family	: 16
model		: 4
model name	: AMD Phenom(tm) II X4 945 Processor
stepping	: 3
microcode	: 0x10000c8
cpu MHz		: 3000.056
cache size	: 512 KB
physical id	: 0
siblings	: 4
core id		: 0
cpu cores	: 4
apicid		: 0
initial apicid	: 0
fdiv_bug	: no
f00f_bug	: no
coma_bug	: no
fpu		: yes
fpu_exception	: yes
cpuid level	: 5
wp		: yes
flags		: fpu vme de pse tsc msr pae mce cx8 apic sep mtrr pge mca cmov pat pse36 clflush mmx fxsr sse sse2 ht syscall nx mmxext fxsr_opt pdpe1gb rdtscp lm 3dnowext 3dnow constant_tsc nonstop_tsc extd_apicid pni monitor cx16 popcnt lahf_lm cmp_legacy svm extapic cr8_legacy abm sse4a misalignsse 3dnowprefetch osvw ibs skinit wdt nodeid_msr hw_pstate npt lbrv svm_lock nrip_save
bogomips	: 6000.11
clflush size	: 64
cache_alignment	: 64
address sizes	: 48 bits physical, 48 bits virtual
power management: ts ttp tm stc 100mhzsteps hwpstate

processor	: 1
vendor_id	: AuthenticAMD
cpu family	: 16
model		: 4
model name	: AMD Phenom(tm) II X4 945 Processor
stepping	: 3
microcode	: 0x10000c8
cpu MHz		: 3000.056
cache size	: 512 KB
physical id	: 0
siblings	: 4
core id		: 1
cpu cores	: 4
apicid		: 1
initial apicid	: 1
fdiv_bug	: no
f00f_bug	: no
coma_bug	: no
fpu		: yes
fpu_exception	: yes
cpuid level	: 5
wp		: yes
flags		: fpu vme de pse tsc msr pae mce cx8 apic sep mtrr pge mca cmov pat pse36 clflush mmx fxsr sse sse2 ht syscall nx mmxext fxsr_opt pdpe1gb rdtscp lm 3dnowext 3dnow constant_tsc nonstop_tsc extd_apicid pni monitor cx16 popcnt lahf_lm cmp_legacy svm extapic cr8_legacy abm sse4a misalignsse 3dnowprefetch osvw ibs skinit wdt nodeid_msr hw_pstate npt lbrv svm_lock nrip_save
bogomips	: 6000.11
clflush size	: 64
cache_alignment	: 64
address sizes	: 48 bits physical, 48 bits virtual
power management: ts ttp tm stc 100mhzsteps hwpstate

processor	: 2
vendor_id	: AuthenticAMD
cpu family	: 16
model		: 4
model name	: AMD Phenom(tm) II X4 945 Processor
stepping	: 3
microcode	: 0x10000c8
cpu MHz		: 3000.056
cache size	: 512 KB
physical id	: 0
siblings	: 4
core id		: 2
cpu cores	: 4
apicid		: 2
initial apicid	: 2
fdiv_bug	: no
f00f_bug	: no
coma_bug	: no
fpu		: yes
fpu_exception	: yes
cpuid level	: 5
wp		: yes
flags		: fpu vme de pse tsc msr pae mce cx8 apic sep mtrr pge mca cmov pat pse36 clflush mmx fxsr sse sse2 ht syscall nx mmxext fxsr_opt pdpe1gb rdtscp lm 3dnowext 3dnow constant_tsc nonstop_tsc extd_apicid pni monitor cx16 popcnt lahf_lm cmp_legacy svm extapic cr8_legacy abm sse4a misalignsse 3dnowprefetch osvw ibs skinit wdt nodeid_msr hw_pstate npt lbrv svm_lock nrip_save
bogomips	: 6000.11
clflush size	: 64
cache_alignment	: 64
address sizes	: 48 bits physical, 48 bits virtual
power management: ts ttp tm stc 100mhzsteps hwpstate

processor	: 3
vendor_id	: AuthenticAMD
cpu family	: 16
model		: 4
model name	: AMD Phenom(tm) II X4 945 Processor
stepping	: 3
microcode	: 0x10000c8
cpu MHz		: 3000.056
cache size	: 512 KB
physical id	: 0
siblings	: 4
core id		: 3
cpu cores	: 4
apicid		: 3
initial apicid	: 3
fdiv_bug	: no
f00f_bug	: no
coma_bug	: no
fpu		: yes
fpu_exception	: yes
cpuid level	: 5
wp		: yes
flags		: fpu vme de pse tsc msr pae mce cx8 apic sep mtrr pge mca cmov pat pse36 clflush mmx fxsr sse sse2 ht syscall nx mmxext fxsr_opt pdpe1gb rdtscp lm 3dnowext 3dnow constant_tsc nonstop_tsc extd_apicid pni monitor cx16 popcnt lahf_lm cmp_legacy svm extapic cr8_legacy abm sse4a misalignsse 3dnowprefetch osvw ibs skinit wdt nodeid_msr hw_pstate npt lbrv svm_lock nrip_save
bogomips	: 6000.11
clflush size	: 64
cache_alignment	: 64
address sizes	: 48 bits physical, 48 bits virtual
power management: ts ttp tm stc 100mhzsteps hwpstate



Memory: 4k page, physical 4130192k(256936k free), swap 0k(0k free)

vm_info: Java HotSpot(TM) Server VM (25.11-b03) for linux-x86 JRE (1.8.0_11-b12), built on Jun 16 2014 17:46:35 by "java_re" with gcc 4.3.0 20080428 (Red Hat 4.3.0-8)

time: Wed Jun  1 22:09:57 2016
elapsed time: 11 seconds

